<?xml version='1.0' encoding='UTF-8'?>
<result>
  <suites>
    <suite>
      <name>mozmill-tests</name>
      <duration>0.0</duration>
      <cases>
        <case>
          <duration>0.0</duration>
          <className>c:\hudson\workspace\test\qaauto\mozmill\spp\myspace\test_pets_creation\test_exchange_your_pet_link.js:teardownTest</className>
          <testName>c:\hudson\workspace\test\qaauto\mozmill\spp\myspace\test_pets_creation\test_exchange_your_pet_link.js:teardownTest</testName>
          <skipped>false</skipped>
          <errorStackTrace>{&quot;exception&quot;: {&quot;message&quot;: &quot;timeout exceeded for waitForElement Link: Sign Out&quot;, &quot;lineNumber&quot;: 306, &quot;stack&quot;: &quot;Error(\&quot;timeout exceeded for waitForElement Link: Sign Out\&quot;)@:0\n([object Object],60000)@file:///c:/docume~1/adam/locals~1/temp/tmpck6ogt.mozrunner/extensions/mozmill@mozilla.com/resource/modules/controller.js:306\nscroll_and_click([object Object],[object Object],60000)@file:///c:/docume~1/adam/locals~1/temp/tmpck6ogt.mozrunner/extensions/mozmill@mozilla.com/resource/modules/frame.js -&gt; file:///c:/hudson/workspace/test/qaauto/mozmill/spp/myspace/shared-modules/testspetlib.js:182\n([object Object],[object Object],60000)@file:///c:/docume~1/adam/locals~1/temp/tmpck6ogt.mozrunner/extensions/mozmill@mozilla.com/resource/modules/frame.js -&gt; file:///c:/hudson/workspace/test/qaauto/mozmill/spp/myspace/shared-modules/testspetlib.js:78\n((function () {spetlib.open_browser_login(controller, elementslib, spetlib.timeOut, spetlib.acc_list_creation_pet.user_name[0], spetlib.acc_list_creation_pet.password[0]);var urlPetApp = spetlib.urlApp + spetlib.appsID.stage;spetlib.load_app(controller, elementslib, urlPetApp, spetlib.timeOut);spetlib.return_home(controller, elementslib, spetlib.timeOut);controller.sleep(spetlib.timeOut / 30);spetlib.scroll_and_click(controller, new (elementslib.Link)(controller.tabs.activeTab, \&quot;Exchange your pet?\&quot;), spetlib.timeOut);spetlib.verify_item_exist(controller, jum, new (elementslib.XPath)(controller.tabs.activeTab, \&quot;//div[@id=&apos;pet_remove_dialog&apos;]/center/div/div[2]/div/input\&quot;), \&quot;The &apos;Get a new Pet&apos; item eixsts\&quot;, spetlib.timeOut);spetlib.verify_item_exist(controller, jum, new (elementslib.XPath)(controller.tabs.activeTab, \&quot;//div[@id=&apos;pet_remove_dialog&apos;]/center/div/div[2]/div/input[2]\&quot;), \&quot;The &apos;Forget it!&apos; item eixsts\&quot;, spetlib.timeOut);spetlib.scroll_and_click(controller, new (elementslib.XPath)(controller.tabs.activeTab, \&quot;//div[@id=&apos;pet_remove_dialog&apos;]/center/div/div[2]/div/input\&quot;), spetlib.timeOut);spetlib.verify_all_pets_selectable(controller, elementslib, jum, spetlib.timeOut);spetlib.enter_data(controller, new (elementslib.ID)(controller.tabs.activeTab, \&quot;pet_name_create\&quot;), spetlib.pet_name, spetlib.timeOut);spetlib.scroll_and_click(controller, new (elementslib.XPath)(controller.tabs.activeTab, \&quot;//div[@id=&apos;standard_flow&apos;]/input[2]\&quot;), spetlib.timeOut);controller.waitForPageLoad(controller.tabs.activeTab, spetlib.timeOut);controller.sleep(spetlib.timeOut / 6);spetlib.scroll_and_click(controller, new (elementslib.Link)(controller.tabs.activeTab, \&quot;Exchange your pet?\&quot;), spetlib.timeOut);spetlib.verify_value_displayed(controller, jum, new (elementslib.XPath)(controller.tabs.activeTab, \&quot;//div[@id=&apos;pet_remove_dialog&apos;]/center/div/div[2]/span/b\&quot;), spetlib.pet_name, spetlib.timeOut);}))@file:///c:/docume~1/adam/locals~1/temp/tmpck6ogt.mozrunner/extensions/mozmill@mozilla.com/resource/modules/frame.js -&gt; file:///c:/hudson/workspace/test/qaauto/mozmill/spp/myspace/test_pets_creation/test_exchange_your_pet_link.js:48\n((function (test) {spetlib.logout(controller, elementslib, spetlib.timeOut);}),(function () {spetlib.open_browser_login(controller, elementslib, spetlib.timeOut, spetlib.acc_list_creation_pet.user_name[0], spetlib.acc_list_creation_pet.password[0]);var urlPetApp = spetlib.urlApp + spetlib.appsID.stage;spetlib.load_app(controller, elementslib, urlPetApp, spetlib.timeOut);spetlib.return_home(controller, elementslib, spetlib.timeOut);controller.sleep(spetlib.timeOut / 30);spetlib.scroll_and_click(controller, new (elementslib.Link)(controller.tabs.activeTab, \&quot;Exchange your pet?\&quot;), spetlib.timeOut);spetlib.verify_item_exist(controller, jum, new (elementslib.XPath)(controller.tabs.activeTab, \&quot;//div[@id=&apos;pet_remove_dialog&apos;]/center/div/div[2]/div/input\&quot;), \&quot;The &apos;Get a new Pet&apos; item eixsts\&quot;, spetlib.timeOut);spetlib.verify_item_exist(controller, jum, new (elementslib.XPath)(controller.tabs.activeTab, \&quot;//div[@id=&apos;pet_remove_dialog&apos;]/center/div/div[2]/div/input[2]\&quot;), \&quot;The &apos;Forget it!&apos; item eixsts\&quot;, spetlib.timeOut);spetlib.scroll_and_click(controller, new (elementslib.XPath)(controller.tabs.activeTab, \&quot;//div[@id=&apos;pet_remove_dialog&apos;]/center/div/div[2]/div/input\&quot;), spetlib.timeOut);spetlib.verify_all_pets_selectable(controller, elementslib, jum, spetlib.timeOut);spetlib.enter_data(controller, new (elementslib.ID)(controller.tabs.activeTab, \&quot;pet_name_create\&quot;), spetlib.pet_name, spetlib.timeOut);spetlib.scroll_and_click(controller, new (elementslib.XPath)(controller.tabs.activeTab, \&quot;//div[@id=&apos;standard_flow&apos;]/input[2]\&quot;), spetlib.timeOut);controller.waitForPageLoad(controller.tabs.activeTab, spetlib.timeOut);controller.sleep(spetlib.timeOut / 6);spetlib.scroll_and_click(controller, new (elementslib.Link)(controller.tabs.activeTab, \&quot;Exchange your pet?\&quot;), spetlib.timeOut);spetlib.verify_value_displayed(controller, jum, new (elementslib.XPath)(controller.tabs.activeTab, \&quot;//div[@id=&apos;pet_remove_dialog&apos;]/center/div/div[2]/span/b\&quot;), spetlib.pet_name, spetlib.timeOut);}))@file:///c:/docume~1/adam/locals~1/temp/tmpck6ogt.mozrunner/extensions/mozmill@mozilla.com/resource/modules/frame.js:447\n([object Object])@file:///c:/docume~1/adam/locals~1/temp/tmpck6ogt.mozrunner/extensions/mozmill@mozilla.com/resource/modules/frame.js:511\n([object Object])@file:///c:/docume~1/adam/locals~1/temp/tmpck6ogt.mozrunner/extensions/mozmill@mozilla.com/resource/modules/frame.js:546\n(\&quot;c:\\\\hudson\\\\workspace\\\\test\\\\qaauto\\\\mozmill\\\\spp\\\\myspace\\\\test_pets_creation\&quot;)@file:///c:/docume~1/adam/locals~1/temp/tmpck6ogt.mozrunner/extensions/mozmill@mozilla.com/resource/modules/frame.js:400\n(\&quot;c:\\\\hudson\\\\workspace\\\\test\\\\qaauto\\\\mozmill\\\\spp\\\\myspace\\\\test_pets_creation\&quot;)@file:///c:/docume~1/adam/locals~1/temp/tmpck6ogt.mozrunner/extensions/mozmill@mozilla.com/resource/modules/frame.js:551\n((function (dir) {var runner = new Runner(new Collector);runner.runTestDirectory(dir);runner.end();return true;}),[object Array])@file:///c:/docume~1/adam/locals~1/temp/tmpck6ogt.mozrunner/extensions/jsbridge@mozilla.com/resource/modules/server.js:164\n(\&quot;5403c672-8eb2-11de-bab1-000c2940cd83\&quot;,(function (dir) {var runner = new Runner(new Collector);runner.runTestDirectory(dir);runner.end();return true;}),[object Array])@file:///c:/docume~1/adam/locals~1/temp/tmpck6ogt.mozrunner/extensions/jsbridge@mozilla.com/resource/modules/server.js:168\n@file:///c:/docume~1/adam/locals~1/temp/tmpck6ogt.mozrunner/extensions/jsbridge@mozilla.com/resource/modules/server.js:244\n&quot;, &quot;fileName&quot;: &quot;file:///c:/docume~1/adam/locals~1/temp/tmpck6ogt.mozrunner/extensions/mozmill@mozilla.com/resource/modules/controller.js&quot;}}</errorStackTrace>
          <failedSince>16</failedSince>
        </case>
        <case>
          <duration>0.0</duration>
          <className>c:\hudson\workspace\test\qaauto\mozmill\spp\myspace\test_pets_creation\test_exchange_your_pet_link.js:test_spp_exchange_your_pet_link</className>
          <testName>c:\hudson\workspace\test\qaauto\mozmill\spp\myspace\test_pets_creation\test_exchange_your_pet_link.js:test_spp_exchange_your_pet_link</testName>
          <skipped>false</skipped>
          <errorStackTrace>{&quot;exception&quot;: {&quot;message&quot;: &quot;timeout exceeded for waitForElement Link: Internacional&quot;, &quot;lineNumber&quot;: 306, &quot;stack&quot;: &quot;Error(\&quot;timeout exceeded for waitForElement Link: Internacional\&quot;)@:0\n([object Object],60000)@file:///c:/docume~1/adam/locals~1/temp/tmpck6ogt.mozrunner/extensions/mozmill@mozilla.com/resource/modules/controller.js:306\nscroll_and_click([object Object],[object Object],60000)@file:///c:/docume~1/adam/locals~1/temp/tmpck6ogt.mozrunner/extensions/mozmill@mozilla.com/resource/modules/frame.js -&gt; file:///c:/hudson/workspace/test/qaauto/mozmill/spp/myspace/shared-modules/testspetlib.js:182\nlanguage_default([object Object],[object Object],60000)@file:///c:/docume~1/adam/locals~1/temp/tmpck6ogt.mozrunner/extensions/mozmill@mozilla.com/resource/modules/frame.js -&gt; file:///c:/hudson/workspace/test/qaauto/mozmill/spp/myspace/shared-modules/testspetlib.js:170\nopen_browser_login([object Object],[object Object],60000,\&quot;binhtestpet5@yahoo.com\&quot;,\&quot;blmadcrkh1\&quot;)@file:///c:/docume~1/adam/locals~1/temp/tmpck6ogt.mozrunner/extensions/mozmill@mozilla.com/resource/modules/frame.js -&gt; file:///c:/hudson/workspace/test/qaauto/mozmill/spp/myspace/shared-modules/testspetlib.js:88\n()@file:///c:/docume~1/adam/locals~1/temp/tmpck6ogt.mozrunner/extensions/mozmill@mozilla.com/resource/modules/frame.js -&gt; file:///c:/hudson/workspace/test/qaauto/mozmill/spp/myspace/test_pets_creation/test_exchange_your_pet_link.js:12\n((function () {spetlib.open_browser_login(controller, elementslib, spetlib.timeOut, spetlib.acc_list_creation_pet.user_name[0], spetlib.acc_list_creation_pet.password[0]);var urlPetApp = spetlib.urlApp + spetlib.appsID.stage;spetlib.load_app(controller, elementslib, urlPetApp, spetlib.timeOut);spetlib.return_home(controller, elementslib, spetlib.timeOut);controller.sleep(spetlib.timeOut / 30);spetlib.scroll_and_click(controller, new (elementslib.Link)(controller.tabs.activeTab, \&quot;Exchange your pet?\&quot;), spetlib.timeOut);spetlib.verify_item_exist(controller, jum, new (elementslib.XPath)(controller.tabs.activeTab, \&quot;//div[@id=&apos;pet_remove_dialog&apos;]/center/div/div[2]/div/input\&quot;), \&quot;The &apos;Get a new Pet&apos; item eixsts\&quot;, spetlib.timeOut);spetlib.verify_item_exist(controller, jum, new (elementslib.XPath)(controller.tabs.activeTab, \&quot;//div[@id=&apos;pet_remove_dialog&apos;]/center/div/div[2]/div/input[2]\&quot;), \&quot;The &apos;Forget it!&apos; item eixsts\&quot;, spetlib.timeOut);spetlib.scroll_and_click(controller, new (elementslib.XPath)(controller.tabs.activeTab, \&quot;//div[@id=&apos;pet_remove_dialog&apos;]/center/div/div[2]/div/input\&quot;), spetlib.timeOut);spetlib.verify_all_pets_selectable(controller, elementslib, jum, spetlib.timeOut);spetlib.enter_data(controller, new (elementslib.ID)(controller.tabs.activeTab, \&quot;pet_name_create\&quot;), spetlib.pet_name, spetlib.timeOut);spetlib.scroll_and_click(controller, new (elementslib.XPath)(controller.tabs.activeTab, \&quot;//div[@id=&apos;standard_flow&apos;]/input[2]\&quot;), spetlib.timeOut);controller.waitForPageLoad(controller.tabs.activeTab, spetlib.timeOut);controller.sleep(spetlib.timeOut / 6);spetlib.scroll_and_click(controller, new (elementslib.Link)(controller.tabs.activeTab, \&quot;Exchange your pet?\&quot;), spetlib.timeOut);spetlib.verify_value_displayed(controller, jum, new (elementslib.XPath)(controller.tabs.activeTab, \&quot;//div[@id=&apos;pet_remove_dialog&apos;]/center/div/div[2]/span/b\&quot;), spetlib.pet_name, spetlib.timeOut);}))@file:///c:/docume~1/adam/locals~1/temp/tmpck6ogt.mozrunner/extensions/mozmill@mozilla.com/resource/modules/frame.js:452\n([object Object])@file:///c:/docume~1/adam/locals~1/temp/tmpck6ogt.mozrunner/extensions/mozmill@mozilla.com/resource/modules/frame.js:504\n([object Object])@file:///c:/docume~1/adam/locals~1/temp/tmpck6ogt.mozrunner/extensions/mozmill@mozilla.com/resource/modules/frame.js:546\n(\&quot;c:\\\\hudson\\\\workspace\\\\test\\\\qaauto\\\\mozmill\\\\spp\\\\myspace\\\\test_pets_creation\&quot;)@file:///c:/docume~1/adam/locals~1/temp/tmpck6ogt.mozrunner/extensions/mozmill@mozilla.com/resource/modules/frame.js:400\n(\&quot;c:\\\\hudson\\\\workspace\\\\test\\\\qaauto\\\\mozmill\\\\spp\\\\myspace\\\\test_pets_creation\&quot;)@file:///c:/docume~1/adam/locals~1/temp/tmpck6ogt.mozrunner/extensions/mozmill@mozilla.com/resource/modules/frame.js:551\n((function (dir) {var runner = new Runner(new Collector);runner.runTestDirectory(dir);runner.end();return true;}),[object Array])@file:///c:/docume~1/adam/locals~1/temp/tmpck6ogt.mozrunner/extensions/jsbridge@mozilla.com/resource/modules/server.js:164\n(\&quot;5403c672-8eb2-11de-bab1-000c2940cd83\&quot;,(function (dir) {var runner = new Runner(new Collector);runner.runTestDirectory(dir);runner.end();return true;}),[object Array])@file:///c:/docume~1/adam/locals~1/temp/tmpck6ogt.mozrunner/extensions/jsbridge@mozilla.com/resource/modules/server.js:168\n@file:///c:/docume~1/adam/locals~1/temp/tmpck6ogt.mozrunner/extensions/jsbridge@mozilla.com/resource/modules/server.js:244\n&quot;, &quot;fileName&quot;: &quot;file:///c:/docume~1/adam/locals~1/temp/tmpck6ogt.mozrunner/extensions/mozmill@mozilla.com/resource/modules/controller.js&quot;}}</errorStackTrace>
          <failedSince>16</failedSince>
        </case>
      </cases>
    </suite>
  </suites>
  <duration>0.0</duration>
</result>