<?xml version="1.0" encoding="UTF-8"?>
<testsuite tests="2" errors="1" failures="2" name="boostest" skipped="0">
<testcase classname="test" name="test_1" time="15999">
<error>un test failed
            	File:test.cpp
            	Line:10</error>
</testcase>
<testcase classname="test" name="test_2" time="0">
<failure>check i == j failed [1 != 2]
            	File:test.cpp
            	Line:21check j == k failed [2 != 1]
            	File:test.cpp
            	Line:23</failure>
</testcase>
</testsuite>
