<?xml version="1.0" encoding="UTF-8"?>
<testsuite tests="2" errors="1" failures="1" name="Master Test Suite" skipped="0">
<testcase classname="test_suite.test" name="test_1" time="0.015999">
<error>un test failed
            	File:test.cpp
            	Line:10</error>
</testcase>
<testcase classname="test_suite.test" name="test_2" time="0">
<failure>check i == j failed [1 != 2]
            	File:test.cpp
            	Line:21</failure>
</testcase>
</testsuite>
