<?xml version="1.0" encoding="UTF-16"?>
<testsuite tests="2" errors="1" failures="1" name="Master Test Suite" skipped="0">
<testcase classname="test_suite.test" name="test_1" time="0.015999">
<error>
=== un test failed
File:test.cpp
Line:10</error>
<system-out>
=== [Info] - test.cpp:9:check i == j passed</system-out>
<system-err />
</testcase>
<testcase classname="test_suite.test" name="test_2" time="0">
<failure>
=== check i == j failed [1 != 2]
File:test.cpp
Line:21</failure>
<system-out>
=== [Info] - test.cpp:19:check i == k passed</system-out>
<system-err />
</testcase>
</testsuite>
