<?xml version="1.0" encoding="UTF-8"?>
<testsuites xmlns:stringutils="xalan://org.apache.tools.ant.util.StringUtils" xmlns:lxslt="http://xml.apache.org/xslt">
	<testsuite time="0.003" tests="2" package="" name="JsUnit Tests" id="" hostname="" errors="0" failures="0">
		<properties>
			<property value="C:/Program Files/Mozilla Firefox/firefox.exe" name="browserFileName"/>
			<property value="0" name="browserId"/>
			<property value="2.2" name="jsUnitVersion"/>
			<property value="Mozilla/5.0 (Windows; U; Windows NT 5.2; nl; rv:1.9.0.10) Gecko/2009042316 Firefox/3.0.10 (.NET CLR 3.5.30729)" name="userAgent"/>
			<property value="127.0.0.1" name="remoteAddress"/>
			<property value="file:///C:/.hudson/jobs/Test JSUnit/workspace/trunk/test/jsunit/tests/jsUnitTestSuite.html" name="url"/>
		</properties>
		<testcase time="0.0020" name="testSubstractSixWorkingdays" classname="JSUnit.DateTest"/>
		<testcase time="0.0010" name="testAddFourWorkingdays" classname="JSUnit.DateTest"/>
	</testsuite>
</testsuites>