<?xml version="1.0" encoding="UTF-8"?>
<testsuite errors="0" failures="0" tests="12" name="cppunit">
<testcase classname="Test Stack" name="Push" time="0" />
<testcase classname="Test Stack" name="Pop" time="0" />
<testcase classname="Test Stack" name="Length" time="0" />
<testcase classname="Test Stack" name="Top" time="0" />
<testcase classname="Test Stack" name="Next_To_Top" time="0" />
<testcase classname="Test Operations" name="Addition.Pop" time="0" />
<testcase classname="Test Operations" name="Addition.Push" time="0" />
<testcase classname="Test Operations" name="Addition.Execute" time="0" />
<testcase classname="Test Operations" name="Subtraction.Pop" time="0" />
<testcase classname="Test Operations" name="Subtraction.Push" time="0" />
<testcase classname="Test Operations" name="Subtraction.Execute" time="0" />
<testcase classname="Test Operands" name="Ints.Image" time="0" />
</testsuite>
