<?xml version="1.0" encoding="UTF-16"?>
<testsuite errors="0" failures="0" tests="0" name="cppunit"></testsuite>