<?xml version='1.0' encoding='UTF-8'?>
<result>
  <suites>
    <suite>
      <name>mozmill-tests</name>
      <duration>0.0</duration>
      <cases/>
    </suite>
  </suites>
  <duration>0.0</duration>
</result>