<?xml version='1.0' encoding='UTF-8'?>
<result>
  <suites>
    <suite>
      <name>mozmill-tests</name>
      <duration>0.0</duration>
      <cases>
        <case>
          <duration>0.0</duration>
          <className>c:\hudson\workspace\test\qaauto\mozmill\spp\myspace\test_pets_Shop\test_all_tabs_in_petshop_are_clickable.js:teardownTest</className>
          <testName>c:\hudson\workspace\test\qaauto\mozmill\spp\myspace\test_pets_Shop\test_all_tabs_in_petshop_are_clickable.js:teardownTest</testName>
          <skipped>false</skipped>
          <errorStackTrace>{&quot;exception&quot;: {&quot;message&quot;: &quot;timeout exceeded for waitForElement Link: Sign Out&quot;, &quot;lineNumber&quot;: 306, &quot;stack&quot;: &quot;Error(\&quot;timeout exceeded for waitForElement Link: Sign Out\&quot;)@:0\n([object Object],60000)@file:///c:/docume~1/adam/locals~1/temp/tmpqdmujz.mozrunner/extensions/mozmill@mozilla.com/resource/modules/controller.js:306\nscroll_and_click([object Object],[object Object],60000)@file:///c:/docume~1/adam/locals~1/temp/tmpqdmujz.mozrunner/extensions/mozmill@mozilla.com/resource/modules/frame.js -&gt; file:///c:/hudson/workspace/test/qaauto/mozmill/spp/myspace/shared-modules/testspetlib.js:182\n([object Object],[object Object],60000)@file:///c:/docume~1/adam/locals~1/temp/tmpqdmujz.mozrunner/extensions/mozmill@mozilla.com/resource/modules/frame.js -&gt; file:///c:/hudson/workspace/test/qaauto/mozmill/spp/myspace/shared-modules/testspetlib.js:78\n((function () {spetlib.login_labs_slide(controller, elementslib, spetlib.url_qa_login, spetlib.pet_email, spetlib.slide_pass, spetlib.sleepTime);spetlib.open_url(controller, spetlib.url_set_pet_info, spetlib.timeOut);spetlib.navigate_pet_info(controller, elementslib, spetlib.arr_partnerID.autotest3ID, spetlib.timeOut);spetlib.set_pet_level(controller, elementslib, 10, spetlib.timeOut);spetlib.logout_labs_slide(controller, elementslib, spetlib.url_qa_login, spetlib.timeOut);var new_arrivals_tab = new (elementslib.Link)(controller.tabs.activeTab, \&quot;New Arrivals!\&quot;);var gold_shop_tab = new (elementslib.Link)(controller.tabs.activeTab, \&quot;Gold Shop\&quot;);var user_created_tab = new (elementslib.Link)(controller.tabs.activeTab, \&quot;User Created\&quot;);var habitats_tab = new (elementslib.XPath)(controller.tabs.activeTab, \&quot;//div[@id=&apos;pet_shop_type_1&apos;]/a\&quot;);var accessories_tab = new (elementslib.XPath)(controller.tabs.activeTab, \&quot;//div[@id=&apos;pet_shop_type_9&apos;]/a\&quot;);var causes_tab = new (elementslib.XPath)(controller.tabs.activeTab, \&quot;//div[@id=&apos;pet_shop_type_8&apos;]/a\&quot;);var floral_tab = new (elementslib.XPath)(controller.tabs.activeTab, \&quot;//div[@id=&apos;pet_shop_type_6&apos;]/a\&quot;);var food_tab = new (elementslib.XPath)(controller.tabs.activeTab, \&quot;//div[@id=&apos;pet_shop_type_11&apos;]/a\&quot;);var furniture_tab = new (elementslib.XPath)(controller.tabs.activeTab, \&quot;//div[@id=&apos;pet_shop_type_3&apos;]/a\&quot;);var plushies_tab = new (elementslib.XPath)(controller.tabs.activeTab, \&quot;//div[@id=&apos;pet_shop_type_107&apos;]/a\&quot;);var outdoor_tab = new (elementslib.XPath)(controller.tabs.activeTab, \&quot;//div[@id=&apos;pet_shop_type_4&apos;]/a\&quot;);var toys_tab = new (elementslib.XPath)(controller.tabs.activeTab, \&quot;//div[@id=&apos;pet_shop_type_5&apos;]/a\&quot;);var onsale_tab = new (elementslib.Link)(controller.tabs.activeTab, \&quot;On Sale\&quot;);spetlib.open_browser_login(controller, elementslib, spetlib.timeOut, spetlib.acc_list_pet_shop.user_name[2], spetlib.acc_list_pet_shop.password[2]);var urlPetApp = spetlib.urlApp + spetlib.appsID.stage;spetlib.load_app(controller, elementslib, urlPetApp, spetlib.timeOut);spetlib.scroll_and_click(controller, new (elementslib.ID)(controller.tabs.activeTab, \&quot;tab_petshop\&quot;), spetlib.timeOut);controller.sleep(spetlib.timeOut / 3);var onsale_elem = new (elementslib.XPath)(controller.tabs.activeTab, \&quot;//div[@id=&apos;list_400121&apos;]/div[2]\&quot;);spetlib.check_clickable_item(controller, jum, onsale_tab, onsale_elem, spetlib.timeOut);controller.sleep(spetlib.timeOut / 6);spetlib.scroll_and_click(controller, new_arrivals_tab, spetlib.timeOut);controller.waitForPageLoad(controller.tabs.activeTab, spetlib.timeOut);controller.assertNodeNotExist(onsale_elem);controller.sleep(spetlib.timeOut / 6);var gold_shop_elem = new (elementslib.XPath)(controller.tabs.activeTab, \&quot;//div[@id=&apos;list_601269&apos;]/div[2]\&quot;);spetlib.check_clickable_item(controller, jum, gold_shop_tab, gold_shop_elem, spetlib.timeOut);controller.sleep(spetlib.timeOut / 6);var user_created_elem = new (elementslib.XPath)(controller.tabs.activeTab, \&quot;//div[@id=&apos;list_201371&apos;]/div[3]\&quot;);spetlib.check_clickable_item(controller, jum, user_created_tab, user_created_elem, spetlib.timeOut);controller.sleep(spetlib.timeOut / 6);var habitats_elem = new (elementslib.XPath)(controller.tabs.activeTab, \&quot;//div[@id=&apos;list_12&apos;]/div[3]\&quot;);spetlib.check_clickable_item(controller, jum, habitats_tab, habitats_elem, spetlib.timeOut);controller.sleep(spetlib.timeOut / 6);var accessories_elem = new (elementslib.XPath)(controller.tabs.activeTab, \&quot;//div[@id=&apos;list_400121&apos;]/div[2]\&quot;);spetlib.check_clickable_item(controller, jum, accessories_tab, accessories_elem, spetlib.timeOut);controller.sleep(spetlib.timeOut / 6);var causes_elem = new (elementslib.XPath)(controller.tabs.activeTab, \&quot;//div[@id=&apos;list_100219&apos;]/div[2]\&quot;);spetlib.check_clickable_item(controller, jum, causes_tab, causes_elem, spetlib.timeOut);controller.sleep(spetlib.timeOut / 6);var floral_elem = new (elementslib.XPath)(controller.tabs.activeTab, \&quot;//div[@id=&apos;list_201038&apos;]/div[2]\&quot;);spetlib.check_clickable_item(controller, jum, floral_tab, floral_elem, spetlib.timeOut);controller.sleep(spetlib.timeOut / 6);var food_elem = new (elementslib.XPath)(controller.tabs.activeTab, \&quot;//div[@id=&apos;list_100913&apos;]/div[2]\&quot;);spetlib.check_clickable_item(controller, jum, food_tab, food_elem, spetlib.timeOut);controller.sleep(spetlib.timeOut / 6);var furniture_elem = new (elementslib.XPath)(controller.tabs.activeTab, \&quot;//div[@id=&apos;list_100838&apos;]/div[2]\&quot;);spetlib.check_clickable_item(controller, jum, furniture_tab, furniture_elem, spetlib.timeOut);controller.sleep(spetlib.timeOut / 6);var plushies_elem = new (elementslib.XPath)(controller.tabs.activeTab, \&quot;//div[@id=&apos;list_100877&apos;]/div[2]\&quot;);spetlib.check_clickable_item(controller, jum, plushies_tab, plushies_elem, spetlib.timeOut);controller.sleep(spetlib.timeOut / 6);var outdoor_elem = new (elementslib.XPath)(controller.tabs.activeTab, \&quot;//div[@id=&apos;list_201203&apos;]/div[2]\&quot;);spetlib.check_clickable_item(controller, jum, outdoor_tab, outdoor_elem, spetlib.timeOut);controller.sleep(spetlib.timeOut / 6);var toys_elem = new (elementslib.XPath)(controller.tabs.activeTab, \&quot;//div[@id=&apos;list_200173&apos;]/div[2]\&quot;);spetlib.check_clickable_item(controller, jum, toys_tab, toys_elem, spetlib.timeOut);controller.sleep(spetlib.timeOut / 6);}))@file:///c:/docume~1/adam/locals~1/temp/tmpqdmujz.mozrunner/extensions/mozmill@mozilla.com/resource/modules/frame.js -&gt; file:///c:/hudson/workspace/test/qaauto/mozmill/spp/myspace/test_pets_Shop/test_all_tabs_in_petshop_are_clickable.js:112\n((function (test) {spetlib.logout(controller, elementslib, spetlib.timeOut);}),(function () {spetlib.login_labs_slide(controller, elementslib, spetlib.url_qa_login, spetlib.pet_email, spetlib.slide_pass, spetlib.sleepTime);spetlib.open_url(controller, spetlib.url_set_pet_info, spetlib.timeOut);spetlib.navigate_pet_info(controller, elementslib, spetlib.arr_partnerID.autotest3ID, spetlib.timeOut);spetlib.set_pet_level(controller, elementslib, 10, spetlib.timeOut);spetlib.logout_labs_slide(controller, elementslib, spetlib.url_qa_login, spetlib.timeOut);var new_arrivals_tab = new (elementslib.Link)(controller.tabs.activeTab, \&quot;New Arrivals!\&quot;);var gold_shop_tab = new (elementslib.Link)(controller.tabs.activeTab, \&quot;Gold Shop\&quot;);var user_created_tab = new (elementslib.Link)(controller.tabs.activeTab, \&quot;User Created\&quot;);var habitats_tab = new (elementslib.XPath)(controller.tabs.activeTab, \&quot;//div[@id=&apos;pet_shop_type_1&apos;]/a\&quot;);var accessories_tab = new (elementslib.XPath)(controller.tabs.activeTab, \&quot;//div[@id=&apos;pet_shop_type_9&apos;]/a\&quot;);var causes_tab = new (elementslib.XPath)(controller.tabs.activeTab, \&quot;//div[@id=&apos;pet_shop_type_8&apos;]/a\&quot;);var floral_tab = new (elementslib.XPath)(controller.tabs.activeTab, \&quot;//div[@id=&apos;pet_shop_type_6&apos;]/a\&quot;);var food_tab = new (elementslib.XPath)(controller.tabs.activeTab, \&quot;//div[@id=&apos;pet_shop_type_11&apos;]/a\&quot;);var furniture_tab = new (elementslib.XPath)(controller.tabs.activeTab, \&quot;//div[@id=&apos;pet_shop_type_3&apos;]/a\&quot;);var plushies_tab = new (elementslib.XPath)(controller.tabs.activeTab, \&quot;//div[@id=&apos;pet_shop_type_107&apos;]/a\&quot;);var outdoor_tab = new (elementslib.XPath)(controller.tabs.activeTab, \&quot;//div[@id=&apos;pet_shop_type_4&apos;]/a\&quot;);var toys_tab = new (elementslib.XPath)(controller.tabs.activeTab, \&quot;//div[@id=&apos;pet_shop_type_5&apos;]/a\&quot;);var onsale_tab = new (elementslib.Link)(controller.tabs.activeTab, \&quot;On Sale\&quot;);spetlib.open_browser_login(controller, elementslib, spetlib.timeOut, spetlib.acc_list_pet_shop.user_name[2], spetlib.acc_list_pet_shop.password[2]);var urlPetApp = spetlib.urlApp + spetlib.appsID.stage;spetlib.load_app(controller, elementslib, urlPetApp, spetlib.timeOut);spetlib.scroll_and_click(controller, new (elementslib.ID)(controller.tabs.activeTab, \&quot;tab_petshop\&quot;), spetlib.timeOut);controller.sleep(spetlib.timeOut / 3);var onsale_elem = new (elementslib.XPath)(controller.tabs.activeTab, \&quot;//div[@id=&apos;list_400121&apos;]/div[2]\&quot;);spetlib.check_clickable_item(controller, jum, onsale_tab, onsale_elem, spetlib.timeOut);controller.sleep(spetlib.timeOut / 6);spetlib.scroll_and_click(controller, new_arrivals_tab, spetlib.timeOut);controller.waitForPageLoad(controller.tabs.activeTab, spetlib.timeOut);controller.assertNodeNotExist(onsale_elem);controller.sleep(spetlib.timeOut / 6);var gold_shop_elem = new (elementslib.XPath)(controller.tabs.activeTab, \&quot;//div[@id=&apos;list_601269&apos;]/div[2]\&quot;);spetlib.check_clickable_item(controller, jum, gold_shop_tab, gold_shop_elem, spetlib.timeOut);controller.sleep(spetlib.timeOut / 6);var user_created_elem = new (elementslib.XPath)(controller.tabs.activeTab, \&quot;//div[@id=&apos;list_201371&apos;]/div[3]\&quot;);spetlib.check_clickable_item(controller, jum, user_created_tab, user_created_elem, spetlib.timeOut);controller.sleep(spetlib.timeOut / 6);var habitats_elem = new (elementslib.XPath)(controller.tabs.activeTab, \&quot;//div[@id=&apos;list_12&apos;]/div[3]\&quot;);spetlib.check_clickable_item(controller, jum, habitats_tab, habitats_elem, spetlib.timeOut);controller.sleep(spetlib.timeOut / 6);var accessories_elem = new (elementslib.XPath)(controller.tabs.activeTab, \&quot;//div[@id=&apos;list_400121&apos;]/div[2]\&quot;);spetlib.check_clickable_item(controller, jum, accessories_tab, accessories_elem, spetlib.timeOut);controller.sleep(spetlib.timeOut / 6);var causes_elem = new (elementslib.XPath)(controller.tabs.activeTab, \&quot;//div[@id=&apos;list_100219&apos;]/div[2]\&quot;);spetlib.check_clickable_item(controller, jum, causes_tab, causes_elem, spetlib.timeOut);controller.sleep(spetlib.timeOut / 6);var floral_elem = new (elementslib.XPath)(controller.tabs.activeTab, \&quot;//div[@id=&apos;list_201038&apos;]/div[2]\&quot;);spetlib.check_clickable_item(controller, jum, floral_tab, floral_elem, spetlib.timeOut);controller.sleep(spetlib.timeOut / 6);var food_elem = new (elementslib.XPath)(controller.tabs.activeTab, \&quot;//div[@id=&apos;list_100913&apos;]/div[2]\&quot;);spetlib.check_clickable_item(controller, jum, food_tab, food_elem, spetlib.timeOut);controller.sleep(spetlib.timeOut / 6);var furniture_elem = new (elementslib.XPath)(controller.tabs.activeTab, \&quot;//div[@id=&apos;list_100838&apos;]/div[2]\&quot;);spetlib.check_clickable_item(controller, jum, furniture_tab, furniture_elem, spetlib.timeOut);controller.sleep(spetlib.timeOut / 6);var plushies_elem = new (elementslib.XPath)(controller.tabs.activeTab, \&quot;//div[@id=&apos;list_100877&apos;]/div[2]\&quot;);spetlib.check_clickable_item(controller, jum, plushies_tab, plushies_elem, spetlib.timeOut);controller.sleep(spetlib.timeOut / 6);var outdoor_elem = new (elementslib.XPath)(controller.tabs.activeTab, \&quot;//div[@id=&apos;list_201203&apos;]/div[2]\&quot;);spetlib.check_clickable_item(controller, jum, outdoor_tab, outdoor_elem, spetlib.timeOut);controller.sleep(spetlib.timeOut / 6);var toys_elem = new (elementslib.XPath)(controller.tabs.activeTab, \&quot;//div[@id=&apos;list_200173&apos;]/div[2]\&quot;);spetlib.check_clickable_item(controller, jum, toys_tab, toys_elem, spetlib.timeOut);controller.sleep(spetlib.timeOut / 6);}))@file:///c:/docume~1/adam/locals~1/temp/tmpqdmujz.mozrunner/extensions/mozmill@mozilla.com/resource/modules/frame.js:447\n([object Object])@file:///c:/docume~1/adam/locals~1/temp/tmpqdmujz.mozrunner/extensions/mozmill@mozilla.com/resource/modules/frame.js:511\n([object Object])@file:///c:/docume~1/adam/locals~1/temp/tmpqdmujz.mozrunner/extensions/mozmill@mozilla.com/resource/modules/frame.js:546\n(\&quot;c:\\\\hudson\\\\workspace\\\\test\\\\qaauto\\\\mozmill\\\\spp\\\\myspace\\\\test_pets_Shop\&quot;)@file:///c:/docume~1/adam/locals~1/temp/tmpqdmujz.mozrunner/extensions/mozmill@mozilla.com/resource/modules/frame.js:400\n(\&quot;c:\\\\hudson\\\\workspace\\\\test\\\\qaauto\\\\mozmill\\\\spp\\\\myspace\\\\test_pets_Shop\&quot;)@file:///c:/docume~1/adam/locals~1/temp/tmpqdmujz.mozrunner/extensions/mozmill@mozilla.com/resource/modules/frame.js:551\n((function (dir) {var runner = new Runner(new Collector);runner.runTestDirectory(dir);runner.end();return true;}),[object Array])@file:///c:/docume~1/adam/locals~1/temp/tmpqdmujz.mozrunner/extensions/jsbridge@mozilla.com/resource/modules/server.js:164\n(\&quot;0fbf1fd1-90f3-11de-ad04-000c2940cd83\&quot;,(function (dir) {var runner = new Runner(new Collector);runner.runTestDirectory(dir);runner.end();return true;}),[object Array])@file:///c:/docume~1/adam/locals~1/temp/tmpqdmujz.mozrunner/extensions/jsbridge@mozilla.com/resource/modules/server.js:168\n@file:///c:/docume~1/adam/locals~1/temp/tmpqdmujz.mozrunner/extensions/jsbridge@mozilla.com/resource/modules/server.js:244\n&quot;, &quot;fileName&quot;: &quot;file:///c:/docume~1/adam/locals~1/temp/tmpqdmujz.mozrunner/extensions/mozmill@mozilla.com/resource/modules/controller.js&quot;}}</errorStackTrace>
          <failedSince>20</failedSince>
        </case>
        <case>
          <duration>0.0</duration>
          <className>c:\hudson\workspace\test\qaauto\mozmill\spp\myspace\test_pets_Shop\test_all_tabs_in_petshop_are_clickable.js:test_spp_all_tabs_in_petshop_are_clickable</className>
          <testName>c:\hudson\workspace\test\qaauto\mozmill\spp\myspace\test_pets_Shop\test_all_tabs_in_petshop_are_clickable.js:test_spp_all_tabs_in_petshop_are_clickable</testName>
          <skipped>false</skipped>
          <errorStackTrace>{&quot;exception&quot;: {&quot;message&quot;: &quot;could not find element XPath: //div[4]/center/img&quot;, &quot;lineNumber&quot;: 279, &quot;stack&quot;: &quot;Error(\&quot;could not find element XPath: //div[4]/center/img\&quot;)@:0\n([object Object])@file:///c:/docume~1/adam/locals~1/temp/tmpqdmujz.mozrunner/extensions/mozmill@mozilla.com/resource/modules/controller.js:279\nset_pet_level([object Object],[object Object],10,60000)@file:///c:/docume~1/adam/locals~1/temp/tmpqdmujz.mozrunner/extensions/mozmill@mozilla.com/resource/modules/frame.js -&gt; file:///c:/hudson/workspace/test/qaauto/mozmill/spp/myspace/shared-modules/testspetlib.js:495\n()@file:///c:/docume~1/adam/locals~1/temp/tmpqdmujz.mozrunner/extensions/mozmill@mozilla.com/resource/modules/frame.js -&gt; file:///c:/hudson/workspace/test/qaauto/mozmill/spp/myspace/test_pets_Shop/test_all_tabs_in_petshop_are_clickable.js:15\n((function () {spetlib.login_labs_slide(controller, elementslib, spetlib.url_qa_login, spetlib.pet_email, spetlib.slide_pass, spetlib.sleepTime);spetlib.open_url(controller, spetlib.url_set_pet_info, spetlib.timeOut);spetlib.navigate_pet_info(controller, elementslib, spetlib.arr_partnerID.autotest3ID, spetlib.timeOut);spetlib.set_pet_level(controller, elementslib, 10, spetlib.timeOut);spetlib.logout_labs_slide(controller, elementslib, spetlib.url_qa_login, spetlib.timeOut);var new_arrivals_tab = new (elementslib.Link)(controller.tabs.activeTab, \&quot;New Arrivals!\&quot;);var gold_shop_tab = new (elementslib.Link)(controller.tabs.activeTab, \&quot;Gold Shop\&quot;);var user_created_tab = new (elementslib.Link)(controller.tabs.activeTab, \&quot;User Created\&quot;);var habitats_tab = new (elementslib.XPath)(controller.tabs.activeTab, \&quot;//div[@id=&apos;pet_shop_type_1&apos;]/a\&quot;);var accessories_tab = new (elementslib.XPath)(controller.tabs.activeTab, \&quot;//div[@id=&apos;pet_shop_type_9&apos;]/a\&quot;);var causes_tab = new (elementslib.XPath)(controller.tabs.activeTab, \&quot;//div[@id=&apos;pet_shop_type_8&apos;]/a\&quot;);var floral_tab = new (elementslib.XPath)(controller.tabs.activeTab, \&quot;//div[@id=&apos;pet_shop_type_6&apos;]/a\&quot;);var food_tab = new (elementslib.XPath)(controller.tabs.activeTab, \&quot;//div[@id=&apos;pet_shop_type_11&apos;]/a\&quot;);var furniture_tab = new (elementslib.XPath)(controller.tabs.activeTab, \&quot;//div[@id=&apos;pet_shop_type_3&apos;]/a\&quot;);var plushies_tab = new (elementslib.XPath)(controller.tabs.activeTab, \&quot;//div[@id=&apos;pet_shop_type_107&apos;]/a\&quot;);var outdoor_tab = new (elementslib.XPath)(controller.tabs.activeTab, \&quot;//div[@id=&apos;pet_shop_type_4&apos;]/a\&quot;);var toys_tab = new (elementslib.XPath)(controller.tabs.activeTab, \&quot;//div[@id=&apos;pet_shop_type_5&apos;]/a\&quot;);var onsale_tab = new (elementslib.Link)(controller.tabs.activeTab, \&quot;On Sale\&quot;);spetlib.open_browser_login(controller, elementslib, spetlib.timeOut, spetlib.acc_list_pet_shop.user_name[2], spetlib.acc_list_pet_shop.password[2]);var urlPetApp = spetlib.urlApp + spetlib.appsID.stage;spetlib.load_app(controller, elementslib, urlPetApp, spetlib.timeOut);spetlib.scroll_and_click(controller, new (elementslib.ID)(controller.tabs.activeTab, \&quot;tab_petshop\&quot;), spetlib.timeOut);controller.sleep(spetlib.timeOut / 3);var onsale_elem = new (elementslib.XPath)(controller.tabs.activeTab, \&quot;//div[@id=&apos;list_400121&apos;]/div[2]\&quot;);spetlib.check_clickable_item(controller, jum, onsale_tab, onsale_elem, spetlib.timeOut);controller.sleep(spetlib.timeOut / 6);spetlib.scroll_and_click(controller, new_arrivals_tab, spetlib.timeOut);controller.waitForPageLoad(controller.tabs.activeTab, spetlib.timeOut);controller.assertNodeNotExist(onsale_elem);controller.sleep(spetlib.timeOut / 6);var gold_shop_elem = new (elementslib.XPath)(controller.tabs.activeTab, \&quot;//div[@id=&apos;list_601269&apos;]/div[2]\&quot;);spetlib.check_clickable_item(controller, jum, gold_shop_tab, gold_shop_elem, spetlib.timeOut);controller.sleep(spetlib.timeOut / 6);var user_created_elem = new (elementslib.XPath)(controller.tabs.activeTab, \&quot;//div[@id=&apos;list_201371&apos;]/div[3]\&quot;);spetlib.check_clickable_item(controller, jum, user_created_tab, user_created_elem, spetlib.timeOut);controller.sleep(spetlib.timeOut / 6);var habitats_elem = new (elementslib.XPath)(controller.tabs.activeTab, \&quot;//div[@id=&apos;list_12&apos;]/div[3]\&quot;);spetlib.check_clickable_item(controller, jum, habitats_tab, habitats_elem, spetlib.timeOut);controller.sleep(spetlib.timeOut / 6);var accessories_elem = new (elementslib.XPath)(controller.tabs.activeTab, \&quot;//div[@id=&apos;list_400121&apos;]/div[2]\&quot;);spetlib.check_clickable_item(controller, jum, accessories_tab, accessories_elem, spetlib.timeOut);controller.sleep(spetlib.timeOut / 6);var causes_elem = new (elementslib.XPath)(controller.tabs.activeTab, \&quot;//div[@id=&apos;list_100219&apos;]/div[2]\&quot;);spetlib.check_clickable_item(controller, jum, causes_tab, causes_elem, spetlib.timeOut);controller.sleep(spetlib.timeOut / 6);var floral_elem = new (elementslib.XPath)(controller.tabs.activeTab, \&quot;//div[@id=&apos;list_201038&apos;]/div[2]\&quot;);spetlib.check_clickable_item(controller, jum, floral_tab, floral_elem, spetlib.timeOut);controller.sleep(spetlib.timeOut / 6);var food_elem = new (elementslib.XPath)(controller.tabs.activeTab, \&quot;//div[@id=&apos;list_100913&apos;]/div[2]\&quot;);spetlib.check_clickable_item(controller, jum, food_tab, food_elem, spetlib.timeOut);controller.sleep(spetlib.timeOut / 6);var furniture_elem = new (elementslib.XPath)(controller.tabs.activeTab, \&quot;//div[@id=&apos;list_100838&apos;]/div[2]\&quot;);spetlib.check_clickable_item(controller, jum, furniture_tab, furniture_elem, spetlib.timeOut);controller.sleep(spetlib.timeOut / 6);var plushies_elem = new (elementslib.XPath)(controller.tabs.activeTab, \&quot;//div[@id=&apos;list_100877&apos;]/div[2]\&quot;);spetlib.check_clickable_item(controller, jum, plushies_tab, plushies_elem, spetlib.timeOut);controller.sleep(spetlib.timeOut / 6);var outdoor_elem = new (elementslib.XPath)(controller.tabs.activeTab, \&quot;//div[@id=&apos;list_201203&apos;]/div[2]\&quot;);spetlib.check_clickable_item(controller, jum, outdoor_tab, outdoor_elem, spetlib.timeOut);controller.sleep(spetlib.timeOut / 6);var toys_elem = new (elementslib.XPath)(controller.tabs.activeTab, \&quot;//div[@id=&apos;list_200173&apos;]/div[2]\&quot;);spetlib.check_clickable_item(controller, jum, toys_tab, toys_elem, spetlib.timeOut);controller.sleep(spetlib.timeOut / 6);}))@file:///c:/docume~1/adam/locals~1/temp/tmpqdmujz.mozrunner/extensions/mozmill@mozilla.com/resource/modules/frame.js:452\n([object Object])@file:///c:/docume~1/adam/locals~1/temp/tmpqdmujz.mozrunner/extensions/mozmill@mozilla.com/resource/modules/frame.js:504\n([object Object])@file:///c:/docume~1/adam/locals~1/temp/tmpqdmujz.mozrunner/extensions/mozmill@mozilla.com/resource/modules/frame.js:546\n(\&quot;c:\\\\hudson\\\\workspace\\\\test\\\\qaauto\\\\mozmill\\\\spp\\\\myspace\\\\test_pets_Shop\&quot;)@file:///c:/docume~1/adam/locals~1/temp/tmpqdmujz.mozrunner/extensions/mozmill@mozilla.com/resource/modules/frame.js:400\n(\&quot;c:\\\\hudson\\\\workspace\\\\test\\\\qaauto\\\\mozmill\\\\spp\\\\myspace\\\\test_pets_Shop\&quot;)@file:///c:/docume~1/adam/locals~1/temp/tmpqdmujz.mozrunner/extensions/mozmill@mozilla.com/resource/modules/frame.js:551\n((function (dir) {var runner = new Runner(new Collector);runner.runTestDirectory(dir);runner.end();return true;}),[object Array])@file:///c:/docume~1/adam/locals~1/temp/tmpqdmujz.mozrunner/extensions/jsbridge@mozilla.com/resource/modules/server.js:164\n(\&quot;0fbf1fd1-90f3-11de-ad04-000c2940cd83\&quot;,(function (dir) {var runner = new Runner(new Collector);runner.runTestDirectory(dir);runner.end();return true;}),[object Array])@file:///c:/docume~1/adam/locals~1/temp/tmpqdmujz.mozrunner/extensions/jsbridge@mozilla.com/resource/modules/server.js:168\n@file:///c:/docume~1/adam/locals~1/temp/tmpqdmujz.mozrunner/extensions/jsbridge@mozilla.com/resource/modules/server.js:244\n&quot;, &quot;fileName&quot;: &quot;file:///c:/docume~1/adam/locals~1/temp/tmpqdmujz.mozrunner/extensions/mozmill@mozilla.com/resource/modules/controller.js&quot;}}</errorStackTrace>
          <failedSince>20</failedSince>
        </case>
        <case>
          <duration>0.0</duration>
          <className>c:\hudson\workspace\test\qaauto\mozmill\spp\myspace\test_pets_Shop\test_buy_item_using_search_function.js:teardownTest</className>
          <testName>c:\hudson\workspace\test\qaauto\mozmill\spp\myspace\test_pets_Shop\test_buy_item_using_search_function.js:teardownTest</testName>
          <skipped>false</skipped>
          <errorStackTrace>{&quot;exception&quot;: {&quot;message&quot;: &quot;timeout exceeded for waitForElement Link: Sign Out&quot;, &quot;lineNumber&quot;: 306, &quot;stack&quot;: &quot;Error(\&quot;timeout exceeded for waitForElement Link: Sign Out\&quot;)@:0\n([object Object],60000)@file:///c:/docume~1/adam/locals~1/temp/tmpqdmujz.mozrunner/extensions/mozmill@mozilla.com/resource/modules/controller.js:306\nscroll_and_click([object Object],[object Object],60000)@file:///c:/docume~1/adam/locals~1/temp/tmpqdmujz.mozrunner/extensions/mozmill@mozilla.com/resource/modules/frame.js -&gt; file:///c:/hudson/workspace/test/qaauto/mozmill/spp/myspace/shared-modules/testspetlib.js:182\n([object Object],[object Object],60000)@file:///c:/docume~1/adam/locals~1/temp/tmpqdmujz.mozrunner/extensions/mozmill@mozilla.com/resource/modules/frame.js -&gt; file:///c:/hudson/workspace/test/qaauto/mozmill/spp/myspace/shared-modules/testspetlib.js:78\n((function () {var incorrect_name = \&quot;123456\&quot;;var empty_result_msg = \&quot;No results found for your search. Try different keywords\&quot;;spetlib.login_labs_slide(controller, elementslib, spetlib.url_qa_login, spetlib.pet_email, spetlib.slide_pass, spetlib.sleepTime);spetlib.open_url(controller, spetlib.url_set_pet_info, spetlib.timeOut);spetlib.navigate_pet_info(controller, elementslib, spetlib.arr_partnerID.otonyvn, spetlib.timeOut);spetlib.set_pet_level(controller, elementslib, 5, spetlib.timeOut);spetlib.set_coin_pet(controller, elementslib, \&quot;30\&quot;, spetlib.timeOut);spetlib.logout_labs_slide(controller, elementslib, spetlib.url_qa_login, spetlib.timeOut);spetlib.open_browser_login(controller, elementslib, spetlib.timeOut, spetlib.acc_list_pet_shop.user_name[3], spetlib.acc_list_pet_shop.password[3]);var urlPetApp = spetlib.urlApp + spetlib.appsID.stage;spetlib.load_app(controller, elementslib, urlPetApp, spetlib.timeOut);var customize_tab = new (elementslib.ID)(controller.tabs.activeTab, \&quot;tab_edit\&quot;);controller.waitThenClick(customize_tab, spetlib.timeOut, spetlib.interval);controller.sleep(spetlib.sleepTime);var customize_causes = new (elementslib.Link)(controller.tabs.activeTab, \&quot;Causes\&quot;);spetlib.scroll_and_click(controller, customize_causes, spetlib.timeOut);controller.sleep(3000);var causes_number_item = new (elementslib.XPath)(controller.tabs.activeTab, \&quot;//div[@id=&apos;customize_item_box_container_\&quot; + spetlib.item_coin.itemID + \&quot;&apos;]/div/div[1]/div[2]/span[2]\&quot;);var number_cause_before = spetlib.get_data_of_field(controller, causes_number_item, spetlib.timeOut);spetlib.scroll_and_click(controller, new (elementslib.ID)(controller.tabs.activeTab, \&quot;tab_petshop\&quot;), spetlib.timeOut);controller.waitForPageLoad(controller.tabs.activeTab, spetlib.timeOut);controller.sleep(25000);spetlib.search_item(controller, elementslib, incorrect_name, spetlib.timeOut);var empty_result_elem = new (elementslib.XPath)(controller.tabs.activeTab, \&quot;//div[@id=&apos;pet_shop_items&apos;]/div/span\&quot;);spetlib.check_string_in_value_element(controller, jum, empty_result_elem, empty_result_msg, spetlib.timeOut);spetlib.search_item(controller, elementslib, spetlib.item_coin.itemName, spetlib.timeOut);spetlib.check_item_exist(controller, jum, new (elementslib.XPath)(controller.tabs.activeTab, \&quot;//div[@id=&apos;list_\&quot; + spetlib.item_coin.itemID + \&quot;&apos;]/div[2]\&quot;), spetlib.timeOut);controller.click(new (elementslib.XPath)(controller.tabs.activeTab, \&quot;//div[@id=&apos;pet_shop_add_\&quot; + spetlib.item_coin.itemID + \&quot;&apos;]/img\&quot;));spetlib.check_out_purchase(controller, elementslib, spetlib.timeOut);spetlib.scroll_and_click(controller, customize_causes, spetlib.timeOut);number_cause_after = spetlib.get_data_of_field(controller, causes_number_item, spetlib.timeOut);jum.assert(parseInt(number_cause_after) == parseInt(number_cause_before) + 1, \&quot;The number of &apos;\&quot; + spetlib.item_coin.itemName + \&quot;&apos; is: \&quot; + number_cause_after);}))@file:///c:/docume~1/adam/locals~1/temp/tmpqdmujz.mozrunner/extensions/mozmill@mozilla.com/resource/modules/frame.js -&gt; file:///c:/hudson/workspace/test/qaauto/mozmill/spp/myspace/test_pets_Shop/test_buy_item_using_search_function.js:73\n((function (test) {spetlib.logout(controller, elementslib, spetlib.timeOut);}),(function () {var incorrect_name = \&quot;123456\&quot;;var empty_result_msg = \&quot;No results found for your search. Try different keywords\&quot;;spetlib.login_labs_slide(controller, elementslib, spetlib.url_qa_login, spetlib.pet_email, spetlib.slide_pass, spetlib.sleepTime);spetlib.open_url(controller, spetlib.url_set_pet_info, spetlib.timeOut);spetlib.navigate_pet_info(controller, elementslib, spetlib.arr_partnerID.otonyvn, spetlib.timeOut);spetlib.set_pet_level(controller, elementslib, 5, spetlib.timeOut);spetlib.set_coin_pet(controller, elementslib, \&quot;30\&quot;, spetlib.timeOut);spetlib.logout_labs_slide(controller, elementslib, spetlib.url_qa_login, spetlib.timeOut);spetlib.open_browser_login(controller, elementslib, spetlib.timeOut, spetlib.acc_list_pet_shop.user_name[3], spetlib.acc_list_pet_shop.password[3]);var urlPetApp = spetlib.urlApp + spetlib.appsID.stage;spetlib.load_app(controller, elementslib, urlPetApp, spetlib.timeOut);var customize_tab = new (elementslib.ID)(controller.tabs.activeTab, \&quot;tab_edit\&quot;);controller.waitThenClick(customize_tab, spetlib.timeOut, spetlib.interval);controller.sleep(spetlib.sleepTime);var customize_causes = new (elementslib.Link)(controller.tabs.activeTab, \&quot;Causes\&quot;);spetlib.scroll_and_click(controller, customize_causes, spetlib.timeOut);controller.sleep(3000);var causes_number_item = new (elementslib.XPath)(controller.tabs.activeTab, \&quot;//div[@id=&apos;customize_item_box_container_\&quot; + spetlib.item_coin.itemID + \&quot;&apos;]/div/div[1]/div[2]/span[2]\&quot;);var number_cause_before = spetlib.get_data_of_field(controller, causes_number_item, spetlib.timeOut);spetlib.scroll_and_click(controller, new (elementslib.ID)(controller.tabs.activeTab, \&quot;tab_petshop\&quot;), spetlib.timeOut);controller.waitForPageLoad(controller.tabs.activeTab, spetlib.timeOut);controller.sleep(25000);spetlib.search_item(controller, elementslib, incorrect_name, spetlib.timeOut);var empty_result_elem = new (elementslib.XPath)(controller.tabs.activeTab, \&quot;//div[@id=&apos;pet_shop_items&apos;]/div/span\&quot;);spetlib.check_string_in_value_element(controller, jum, empty_result_elem, empty_result_msg, spetlib.timeOut);spetlib.search_item(controller, elementslib, spetlib.item_coin.itemName, spetlib.timeOut);spetlib.check_item_exist(controller, jum, new (elementslib.XPath)(controller.tabs.activeTab, \&quot;//div[@id=&apos;list_\&quot; + spetlib.item_coin.itemID + \&quot;&apos;]/div[2]\&quot;), spetlib.timeOut);controller.click(new (elementslib.XPath)(controller.tabs.activeTab, \&quot;//div[@id=&apos;pet_shop_add_\&quot; + spetlib.item_coin.itemID + \&quot;&apos;]/img\&quot;));spetlib.check_out_purchase(controller, elementslib, spetlib.timeOut);spetlib.scroll_and_click(controller, customize_causes, spetlib.timeOut);number_cause_after = spetlib.get_data_of_field(controller, causes_number_item, spetlib.timeOut);jum.assert(parseInt(number_cause_after) == parseInt(number_cause_before) + 1, \&quot;The number of &apos;\&quot; + spetlib.item_coin.itemName + \&quot;&apos; is: \&quot; + number_cause_after);}))@file:///c:/docume~1/adam/locals~1/temp/tmpqdmujz.mozrunner/extensions/mozmill@mozilla.com/resource/modules/frame.js:447\n([object Object])@file:///c:/docume~1/adam/locals~1/temp/tmpqdmujz.mozrunner/extensions/mozmill@mozilla.com/resource/modules/frame.js:511\n([object Object])@file:///c:/docume~1/adam/locals~1/temp/tmpqdmujz.mozrunner/extensions/mozmill@mozilla.com/resource/modules/frame.js:546\n(\&quot;c:\\\\hudson\\\\workspace\\\\test\\\\qaauto\\\\mozmill\\\\spp\\\\myspace\\\\test_pets_Shop\&quot;)@file:///c:/docume~1/adam/locals~1/temp/tmpqdmujz.mozrunner/extensions/mozmill@mozilla.com/resource/modules/frame.js:400\n(\&quot;c:\\\\hudson\\\\workspace\\\\test\\\\qaauto\\\\mozmill\\\\spp\\\\myspace\\\\test_pets_Shop\&quot;)@file:///c:/docume~1/adam/locals~1/temp/tmpqdmujz.mozrunner/extensions/mozmill@mozilla.com/resource/modules/frame.js:551\n((function (dir) {var runner = new Runner(new Collector);runner.runTestDirectory(dir);runner.end();return true;}),[object Array])@file:///c:/docume~1/adam/locals~1/temp/tmpqdmujz.mozrunner/extensions/jsbridge@mozilla.com/resource/modules/server.js:164\n(\&quot;0fbf1fd1-90f3-11de-ad04-000c2940cd83\&quot;,(function (dir) {var runner = new Runner(new Collector);runner.runTestDirectory(dir);runner.end();return true;}),[object Array])@file:///c:/docume~1/adam/locals~1/temp/tmpqdmujz.mozrunner/extensions/jsbridge@mozilla.com/resource/modules/server.js:168\n@file:///c:/docume~1/adam/locals~1/temp/tmpqdmujz.mozrunner/extensions/jsbridge@mozilla.com/resource/modules/server.js:244\n&quot;, &quot;fileName&quot;: &quot;file:///c:/docume~1/adam/locals~1/temp/tmpqdmujz.mozrunner/extensions/mozmill@mozilla.com/resource/modules/controller.js&quot;}}</errorStackTrace>
          <failedSince>20</failedSince>
        </case>
        <case>
          <duration>0.0</duration>
          <className>c:\hudson\workspace\test\qaauto\mozmill\spp\myspace\test_pets_Shop\test_buy_item_using_search_function.js:test_spp_buy_item_using_search</className>
          <testName>c:\hudson\workspace\test\qaauto\mozmill\spp\myspace\test_pets_Shop\test_buy_item_using_search_function.js:test_spp_buy_item_using_search</testName>
          <skipped>false</skipped>
          <errorStackTrace>{&quot;exception&quot;: {&quot;message&quot;: &quot;could not find element XPath: //div[4]/center/img&quot;, &quot;lineNumber&quot;: 279, &quot;stack&quot;: &quot;Error(\&quot;could not find element XPath: //div[4]/center/img\&quot;)@:0\n([object Object])@file:///c:/docume~1/adam/locals~1/temp/tmpqdmujz.mozrunner/extensions/mozmill@mozilla.com/resource/modules/controller.js:279\nset_pet_level([object Object],[object Object],5,60000)@file:///c:/docume~1/adam/locals~1/temp/tmpqdmujz.mozrunner/extensions/mozmill@mozilla.com/resource/modules/frame.js -&gt; file:///c:/hudson/workspace/test/qaauto/mozmill/spp/myspace/shared-modules/testspetlib.js:495\n()@file:///c:/docume~1/adam/locals~1/temp/tmpqdmujz.mozrunner/extensions/mozmill@mozilla.com/resource/modules/frame.js -&gt; file:///c:/hudson/workspace/test/qaauto/mozmill/spp/myspace/test_pets_Shop/test_buy_item_using_search_function.js:17\n((function () {var incorrect_name = \&quot;123456\&quot;;var empty_result_msg = \&quot;No results found for your search. Try different keywords\&quot;;spetlib.login_labs_slide(controller, elementslib, spetlib.url_qa_login, spetlib.pet_email, spetlib.slide_pass, spetlib.sleepTime);spetlib.open_url(controller, spetlib.url_set_pet_info, spetlib.timeOut);spetlib.navigate_pet_info(controller, elementslib, spetlib.arr_partnerID.otonyvn, spetlib.timeOut);spetlib.set_pet_level(controller, elementslib, 5, spetlib.timeOut);spetlib.set_coin_pet(controller, elementslib, \&quot;30\&quot;, spetlib.timeOut);spetlib.logout_labs_slide(controller, elementslib, spetlib.url_qa_login, spetlib.timeOut);spetlib.open_browser_login(controller, elementslib, spetlib.timeOut, spetlib.acc_list_pet_shop.user_name[3], spetlib.acc_list_pet_shop.password[3]);var urlPetApp = spetlib.urlApp + spetlib.appsID.stage;spetlib.load_app(controller, elementslib, urlPetApp, spetlib.timeOut);var customize_tab = new (elementslib.ID)(controller.tabs.activeTab, \&quot;tab_edit\&quot;);controller.waitThenClick(customize_tab, spetlib.timeOut, spetlib.interval);controller.sleep(spetlib.sleepTime);var customize_causes = new (elementslib.Link)(controller.tabs.activeTab, \&quot;Causes\&quot;);spetlib.scroll_and_click(controller, customize_causes, spetlib.timeOut);controller.sleep(3000);var causes_number_item = new (elementslib.XPath)(controller.tabs.activeTab, \&quot;//div[@id=&apos;customize_item_box_container_\&quot; + spetlib.item_coin.itemID + \&quot;&apos;]/div/div[1]/div[2]/span[2]\&quot;);var number_cause_before = spetlib.get_data_of_field(controller, causes_number_item, spetlib.timeOut);spetlib.scroll_and_click(controller, new (elementslib.ID)(controller.tabs.activeTab, \&quot;tab_petshop\&quot;), spetlib.timeOut);controller.waitForPageLoad(controller.tabs.activeTab, spetlib.timeOut);controller.sleep(25000);spetlib.search_item(controller, elementslib, incorrect_name, spetlib.timeOut);var empty_result_elem = new (elementslib.XPath)(controller.tabs.activeTab, \&quot;//div[@id=&apos;pet_shop_items&apos;]/div/span\&quot;);spetlib.check_string_in_value_element(controller, jum, empty_result_elem, empty_result_msg, spetlib.timeOut);spetlib.search_item(controller, elementslib, spetlib.item_coin.itemName, spetlib.timeOut);spetlib.check_item_exist(controller, jum, new (elementslib.XPath)(controller.tabs.activeTab, \&quot;//div[@id=&apos;list_\&quot; + spetlib.item_coin.itemID + \&quot;&apos;]/div[2]\&quot;), spetlib.timeOut);controller.click(new (elementslib.XPath)(controller.tabs.activeTab, \&quot;//div[@id=&apos;pet_shop_add_\&quot; + spetlib.item_coin.itemID + \&quot;&apos;]/img\&quot;));spetlib.check_out_purchase(controller, elementslib, spetlib.timeOut);spetlib.scroll_and_click(controller, customize_causes, spetlib.timeOut);number_cause_after = spetlib.get_data_of_field(controller, causes_number_item, spetlib.timeOut);jum.assert(parseInt(number_cause_after) == parseInt(number_cause_before) + 1, \&quot;The number of &apos;\&quot; + spetlib.item_coin.itemName + \&quot;&apos; is: \&quot; + number_cause_after);}))@file:///c:/docume~1/adam/locals~1/temp/tmpqdmujz.mozrunner/extensions/mozmill@mozilla.com/resource/modules/frame.js:452\n([object Object])@file:///c:/docume~1/adam/locals~1/temp/tmpqdmujz.mozrunner/extensions/mozmill@mozilla.com/resource/modules/frame.js:504\n([object Object])@file:///c:/docume~1/adam/locals~1/temp/tmpqdmujz.mozrunner/extensions/mozmill@mozilla.com/resource/modules/frame.js:546\n(\&quot;c:\\\\hudson\\\\workspace\\\\test\\\\qaauto\\\\mozmill\\\\spp\\\\myspace\\\\test_pets_Shop\&quot;)@file:///c:/docume~1/adam/locals~1/temp/tmpqdmujz.mozrunner/extensions/mozmill@mozilla.com/resource/modules/frame.js:400\n(\&quot;c:\\\\hudson\\\\workspace\\\\test\\\\qaauto\\\\mozmill\\\\spp\\\\myspace\\\\test_pets_Shop\&quot;)@file:///c:/docume~1/adam/locals~1/temp/tmpqdmujz.mozrunner/extensions/mozmill@mozilla.com/resource/modules/frame.js:551\n((function (dir) {var runner = new Runner(new Collector);runner.runTestDirectory(dir);runner.end();return true;}),[object Array])@file:///c:/docume~1/adam/locals~1/temp/tmpqdmujz.mozrunner/extensions/jsbridge@mozilla.com/resource/modules/server.js:164\n(\&quot;0fbf1fd1-90f3-11de-ad04-000c2940cd83\&quot;,(function (dir) {var runner = new Runner(new Collector);runner.runTestDirectory(dir);runner.end();return true;}),[object Array])@file:///c:/docume~1/adam/locals~1/temp/tmpqdmujz.mozrunner/extensions/jsbridge@mozilla.com/resource/modules/server.js:168\n@file:///c:/docume~1/adam/locals~1/temp/tmpqdmujz.mozrunner/extensions/jsbridge@mozilla.com/resource/modules/server.js:244\n&quot;, &quot;fileName&quot;: &quot;file:///c:/docume~1/adam/locals~1/temp/tmpqdmujz.mozrunner/extensions/mozmill@mozilla.com/resource/modules/controller.js&quot;}}</errorStackTrace>
          <failedSince>20</failedSince>
        </case>
        <case>
          <duration>0.0</duration>
          <className>c:\hudson\workspace\test\qaauto\mozmill\spp\myspace\test_pets_Shop\test_cancel_out_of_buy_gold_dialog.js:teardownTest</className>
          <testName>c:\hudson\workspace\test\qaauto\mozmill\spp\myspace\test_pets_Shop\test_cancel_out_of_buy_gold_dialog.js:teardownTest</testName>
          <skipped>false</skipped>
          <errorStackTrace>{&quot;exception&quot;: {&quot;message&quot;: &quot;timeout exceeded for waitForElement Link: Sign Out&quot;, &quot;lineNumber&quot;: 306, &quot;stack&quot;: &quot;Error(\&quot;timeout exceeded for waitForElement Link: Sign Out\&quot;)@:0\n([object Object],60000)@file:///c:/docume~1/adam/locals~1/temp/tmpqdmujz.mozrunner/extensions/mozmill@mozilla.com/resource/modules/controller.js:306\nscroll_and_click([object Object],[object Object],60000)@file:///c:/docume~1/adam/locals~1/temp/tmpqdmujz.mozrunner/extensions/mozmill@mozilla.com/resource/modules/frame.js -&gt; file:///c:/hudson/workspace/test/qaauto/mozmill/spp/myspace/shared-modules/testspetlib.js:182\n([object Object],[object Object],60000)@file:///c:/docume~1/adam/locals~1/temp/tmpqdmujz.mozrunner/extensions/mozmill@mozilla.com/resource/modules/frame.js -&gt; file:///c:/hudson/workspace/test/qaauto/mozmill/spp/myspace/shared-modules/testspetlib.js:78\n((function () {spetlib.login_labs_slide(controller, elementslib, spetlib.url_qa_login, spetlib.pet_email, spetlib.slide_pass, spetlib.sleepTime);spetlib.open_url(controller, spetlib.url_set_pet_info, spetlib.timeOut);spetlib.navigate_pet_info(controller, elementslib, spetlib.arr_partnerID.autotest3ID, spetlib.timeOut);spetlib.set_pet_level(controller, elementslib, 10, spetlib.timeOut);spetlib.logout_labs_slide(controller, elementslib, spetlib.url_qa_login, spetlib.timeOut);spetlib.open_browser_login(controller, elementslib, spetlib.timeOut, spetlib.acc_list_pet_shop.user_name[0], spetlib.acc_list_pet_shop.password[0]);var urlPetApp = spetlib.urlApp + spetlib.appsID.stage;spetlib.load_app(controller, elementslib, urlPetApp, spetlib.timeOut);spetlib.scroll_and_click(controller, new (elementslib.ID)(controller.tabs.activeTab, \&quot;tab_petshop\&quot;), spetlib.timeOut);var gold_balance_before = spetlib.get_data_of_field(controller, new (elementslib.XPath)(controller.tabs.activeTab, \&quot;//div[@id=&apos;pet_shop_header&apos;]/div/p[2]/span\&quot;), spetlib.timeOut);controller.sleep(5000);controller.click(new (elementslib.Link)(controller.tabs.activeTab, \&quot;(buy gold)\&quot;));spetlib.buy_amount_gold(controller, elementslib, jum, spetlib.account_info, spetlib.acc_list_pet_shop.user_name[2], false, true, false, spetlib.timeOut);spetlib.verify_value_displayed(controller, jum, new (elementslib.XPath)(controller.tabs.activeTab, \&quot;//div[@id=&apos;pet_shop_header&apos;]/div/p[2]/span\&quot;), gold_balance_before, spetlib.timeOut);}))@file:///c:/docume~1/adam/locals~1/temp/tmpqdmujz.mozrunner/extensions/mozmill@mozilla.com/resource/modules/frame.js -&gt; file:///c:/hudson/workspace/test/qaauto/mozmill/spp/myspace/test_pets_Shop/test_cancel_out_of_buy_gold_dialog.js:41\n((function (test) {spetlib.logout(controller, elementslib, spetlib.timeOut);}),(function () {spetlib.login_labs_slide(controller, elementslib, spetlib.url_qa_login, spetlib.pet_email, spetlib.slide_pass, spetlib.sleepTime);spetlib.open_url(controller, spetlib.url_set_pet_info, spetlib.timeOut);spetlib.navigate_pet_info(controller, elementslib, spetlib.arr_partnerID.autotest3ID, spetlib.timeOut);spetlib.set_pet_level(controller, elementslib, 10, spetlib.timeOut);spetlib.logout_labs_slide(controller, elementslib, spetlib.url_qa_login, spetlib.timeOut);spetlib.open_browser_login(controller, elementslib, spetlib.timeOut, spetlib.acc_list_pet_shop.user_name[0], spetlib.acc_list_pet_shop.password[0]);var urlPetApp = spetlib.urlApp + spetlib.appsID.stage;spetlib.load_app(controller, elementslib, urlPetApp, spetlib.timeOut);spetlib.scroll_and_click(controller, new (elementslib.ID)(controller.tabs.activeTab, \&quot;tab_petshop\&quot;), spetlib.timeOut);var gold_balance_before = spetlib.get_data_of_field(controller, new (elementslib.XPath)(controller.tabs.activeTab, \&quot;//div[@id=&apos;pet_shop_header&apos;]/div/p[2]/span\&quot;), spetlib.timeOut);controller.sleep(5000);controller.click(new (elementslib.Link)(controller.tabs.activeTab, \&quot;(buy gold)\&quot;));spetlib.buy_amount_gold(controller, elementslib, jum, spetlib.account_info, spetlib.acc_list_pet_shop.user_name[2], false, true, false, spetlib.timeOut);spetlib.verify_value_displayed(controller, jum, new (elementslib.XPath)(controller.tabs.activeTab, \&quot;//div[@id=&apos;pet_shop_header&apos;]/div/p[2]/span\&quot;), gold_balance_before, spetlib.timeOut);}))@file:///c:/docume~1/adam/locals~1/temp/tmpqdmujz.mozrunner/extensions/mozmill@mozilla.com/resource/modules/frame.js:447\n([object Object])@file:///c:/docume~1/adam/locals~1/temp/tmpqdmujz.mozrunner/extensions/mozmill@mozilla.com/resource/modules/frame.js:511\n([object Object])@file:///c:/docume~1/adam/locals~1/temp/tmpqdmujz.mozrunner/extensions/mozmill@mozilla.com/resource/modules/frame.js:546\n(\&quot;c:\\\\hudson\\\\workspace\\\\test\\\\qaauto\\\\mozmill\\\\spp\\\\myspace\\\\test_pets_Shop\&quot;)@file:///c:/docume~1/adam/locals~1/temp/tmpqdmujz.mozrunner/extensions/mozmill@mozilla.com/resource/modules/frame.js:400\n(\&quot;c:\\\\hudson\\\\workspace\\\\test\\\\qaauto\\\\mozmill\\\\spp\\\\myspace\\\\test_pets_Shop\&quot;)@file:///c:/docume~1/adam/locals~1/temp/tmpqdmujz.mozrunner/extensions/mozmill@mozilla.com/resource/modules/frame.js:551\n((function (dir) {var runner = new Runner(new Collector);runner.runTestDirectory(dir);runner.end();return true;}),[object Array])@file:///c:/docume~1/adam/locals~1/temp/tmpqdmujz.mozrunner/extensions/jsbridge@mozilla.com/resource/modules/server.js:164\n(\&quot;0fbf1fd1-90f3-11de-ad04-000c2940cd83\&quot;,(function (dir) {var runner = new Runner(new Collector);runner.runTestDirectory(dir);runner.end();return true;}),[object Array])@file:///c:/docume~1/adam/locals~1/temp/tmpqdmujz.mozrunner/extensions/jsbridge@mozilla.com/resource/modules/server.js:168\n@file:///c:/docume~1/adam/locals~1/temp/tmpqdmujz.mozrunner/extensions/jsbridge@mozilla.com/resource/modules/server.js:244\n&quot;, &quot;fileName&quot;: &quot;file:///c:/docume~1/adam/locals~1/temp/tmpqdmujz.mozrunner/extensions/mozmill@mozilla.com/resource/modules/controller.js&quot;}}</errorStackTrace>
          <failedSince>20</failedSince>
        </case>
        <case>
          <duration>0.0</duration>
          <className>c:\hudson\workspace\test\qaauto\mozmill\spp\myspace\test_pets_Shop\test_cancel_out_of_buy_gold_dialog.js:test_spp_cancel_out_of_buy_gold_dialog</className>
          <testName>c:\hudson\workspace\test\qaauto\mozmill\spp\myspace\test_pets_Shop\test_cancel_out_of_buy_gold_dialog.js:test_spp_cancel_out_of_buy_gold_dialog</testName>
          <skipped>false</skipped>
          <errorStackTrace>{&quot;exception&quot;: {&quot;message&quot;: &quot;could not find element XPath: //div[4]/center/img&quot;, &quot;lineNumber&quot;: 279, &quot;stack&quot;: &quot;Error(\&quot;could not find element XPath: //div[4]/center/img\&quot;)@:0\n([object Object])@file:///c:/docume~1/adam/locals~1/temp/tmpqdmujz.mozrunner/extensions/mozmill@mozilla.com/resource/modules/controller.js:279\nset_pet_level([object Object],[object Object],10,60000)@file:///c:/docume~1/adam/locals~1/temp/tmpqdmujz.mozrunner/extensions/mozmill@mozilla.com/resource/modules/frame.js -&gt; file:///c:/hudson/workspace/test/qaauto/mozmill/spp/myspace/shared-modules/testspetlib.js:495\n()@file:///c:/docume~1/adam/locals~1/temp/tmpqdmujz.mozrunner/extensions/mozmill@mozilla.com/resource/modules/frame.js -&gt; file:///c:/hudson/workspace/test/qaauto/mozmill/spp/myspace/test_pets_Shop/test_cancel_out_of_buy_gold_dialog.js:15\n((function () {spetlib.login_labs_slide(controller, elementslib, spetlib.url_qa_login, spetlib.pet_email, spetlib.slide_pass, spetlib.sleepTime);spetlib.open_url(controller, spetlib.url_set_pet_info, spetlib.timeOut);spetlib.navigate_pet_info(controller, elementslib, spetlib.arr_partnerID.autotest3ID, spetlib.timeOut);spetlib.set_pet_level(controller, elementslib, 10, spetlib.timeOut);spetlib.logout_labs_slide(controller, elementslib, spetlib.url_qa_login, spetlib.timeOut);spetlib.open_browser_login(controller, elementslib, spetlib.timeOut, spetlib.acc_list_pet_shop.user_name[0], spetlib.acc_list_pet_shop.password[0]);var urlPetApp = spetlib.urlApp + spetlib.appsID.stage;spetlib.load_app(controller, elementslib, urlPetApp, spetlib.timeOut);spetlib.scroll_and_click(controller, new (elementslib.ID)(controller.tabs.activeTab, \&quot;tab_petshop\&quot;), spetlib.timeOut);var gold_balance_before = spetlib.get_data_of_field(controller, new (elementslib.XPath)(controller.tabs.activeTab, \&quot;//div[@id=&apos;pet_shop_header&apos;]/div/p[2]/span\&quot;), spetlib.timeOut);controller.sleep(5000);controller.click(new (elementslib.Link)(controller.tabs.activeTab, \&quot;(buy gold)\&quot;));spetlib.buy_amount_gold(controller, elementslib, jum, spetlib.account_info, spetlib.acc_list_pet_shop.user_name[2], false, true, false, spetlib.timeOut);spetlib.verify_value_displayed(controller, jum, new (elementslib.XPath)(controller.tabs.activeTab, \&quot;//div[@id=&apos;pet_shop_header&apos;]/div/p[2]/span\&quot;), gold_balance_before, spetlib.timeOut);}))@file:///c:/docume~1/adam/locals~1/temp/tmpqdmujz.mozrunner/extensions/mozmill@mozilla.com/resource/modules/frame.js:452\n([object Object])@file:///c:/docume~1/adam/locals~1/temp/tmpqdmujz.mozrunner/extensions/mozmill@mozilla.com/resource/modules/frame.js:504\n([object Object])@file:///c:/docume~1/adam/locals~1/temp/tmpqdmujz.mozrunner/extensions/mozmill@mozilla.com/resource/modules/frame.js:546\n(\&quot;c:\\\\hudson\\\\workspace\\\\test\\\\qaauto\\\\mozmill\\\\spp\\\\myspace\\\\test_pets_Shop\&quot;)@file:///c:/docume~1/adam/locals~1/temp/tmpqdmujz.mozrunner/extensions/mozmill@mozilla.com/resource/modules/frame.js:400\n(\&quot;c:\\\\hudson\\\\workspace\\\\test\\\\qaauto\\\\mozmill\\\\spp\\\\myspace\\\\test_pets_Shop\&quot;)@file:///c:/docume~1/adam/locals~1/temp/tmpqdmujz.mozrunner/extensions/mozmill@mozilla.com/resource/modules/frame.js:551\n((function (dir) {var runner = new Runner(new Collector);runner.runTestDirectory(dir);runner.end();return true;}),[object Array])@file:///c:/docume~1/adam/locals~1/temp/tmpqdmujz.mozrunner/extensions/jsbridge@mozilla.com/resource/modules/server.js:164\n(\&quot;0fbf1fd1-90f3-11de-ad04-000c2940cd83\&quot;,(function (dir) {var runner = new Runner(new Collector);runner.runTestDirectory(dir);runner.end();return true;}),[object Array])@file:///c:/docume~1/adam/locals~1/temp/tmpqdmujz.mozrunner/extensions/jsbridge@mozilla.com/resource/modules/server.js:168\n@file:///c:/docume~1/adam/locals~1/temp/tmpqdmujz.mozrunner/extensions/jsbridge@mozilla.com/resource/modules/server.js:244\n&quot;, &quot;fileName&quot;: &quot;file:///c:/docume~1/adam/locals~1/temp/tmpqdmujz.mozrunner/extensions/mozmill@mozilla.com/resource/modules/controller.js&quot;}}</errorStackTrace>
          <failedSince>20</failedSince>
        </case>
        <case>
          <duration>0.0</duration>
          <className>c:\hudson\workspace\test\qaauto\mozmill\spp\myspace\test_pets_Shop\test_purchase_an_arbitrary_coin_item .js:teardownTest</className>
          <testName>c:\hudson\workspace\test\qaauto\mozmill\spp\myspace\test_pets_Shop\test_purchase_an_arbitrary_coin_item .js:teardownTest</testName>
          <skipped>false</skipped>
          <errorStackTrace>{&quot;exception&quot;: {&quot;message&quot;: &quot;timeout exceeded for waitForElement Link: Sign Out&quot;, &quot;lineNumber&quot;: 306, &quot;stack&quot;: &quot;Error(\&quot;timeout exceeded for waitForElement Link: Sign Out\&quot;)@:0\n([object Object],60000)@file:///c:/docume~1/adam/locals~1/temp/tmpqdmujz.mozrunner/extensions/mozmill@mozilla.com/resource/modules/controller.js:306\nscroll_and_click([object Object],[object Object],60000)@file:///c:/docume~1/adam/locals~1/temp/tmpqdmujz.mozrunner/extensions/mozmill@mozilla.com/resource/modules/frame.js -&gt; file:///c:/hudson/workspace/test/qaauto/mozmill/spp/myspace/shared-modules/testspetlib.js:182\n([object Object],[object Object],60000)@file:///c:/docume~1/adam/locals~1/temp/tmpqdmujz.mozrunner/extensions/mozmill@mozilla.com/resource/modules/frame.js -&gt; file:///c:/hudson/workspace/test/qaauto/mozmill/spp/myspace/shared-modules/testspetlib.js:78\n((function () {spetlib.login_labs_slide(controller, elementslib, spetlib.url_qa_login, spetlib.pet_email, spetlib.slide_pass, spetlib.sleepTime);spetlib.open_url(controller, spetlib.url_set_pet_info, spetlib.timeOut);spetlib.navigate_pet_info(controller, elementslib, spetlib.arr_partnerID.autotest1ID, spetlib.timeOut);spetlib.set_pet_level(controller, elementslib, 10, spetlib.timeOut);spetlib.set_coin_pet(controller, elementslib, \&quot;50\&quot;, spetlib.timeOut);spetlib.logout_labs_slide(controller, elementslib, spetlib.url_qa_login, spetlib.timeOut);spetlib.open_browser_login(controller, elementslib, spetlib.timeOut, spetlib.acc_list_pet_shop.user_name[0], spetlib.acc_list_pet_shop.password[0]);var urlPetApp = spetlib.urlApp + spetlib.appsID.stage;spetlib.load_app(controller, elementslib, urlPetApp, spetlib.timeOut);spetlib.scroll_and_click(controller, new (elementslib.ID)(controller.tabs.activeTab, \&quot;tab_edit\&quot;), spetlib.timeOut);controller.sleep(spetlib.sleepTime);var customize_causes = new (elementslib.Link)(controller.tabs.activeTab, \&quot;Causes\&quot;);spetlib.scroll_and_click(controller, customize_causes, spetlib.timeOut);controller.sleep(3000);var causes_number_item = new (elementslib.XPath)(controller.tabs.activeTab, \&quot;//div[@id=&apos;customize_item_box_container_\&quot; + spetlib.item_coin.itemID + \&quot;&apos;]/div/div[1]/div[2]/span[2]\&quot;);var number_cause_before = spetlib.get_data_of_field(controller, causes_number_item, spetlib.timeOut);var pet_shop = new (elementslib.ID)(controller.tabs.activeTab, \&quot;tab_petshop\&quot;);spetlib.scroll_and_click(controller, pet_shop, spetlib.timeOut);controller.waitForPageLoad(controller.tabs.activeTab, spetlib.timeOut);controller.sleep(25000);var earn_coin_item = new (elementslib.XPath)(controller.tabs.activeTab, \&quot;//div[@id=&apos;pet_shop_header&apos;]/div/p/span\&quot;);var earn_coin_before = spetlib.get_data_of_field(controller, earn_coin_item, spetlib.timeOut);var coin_price = spetlib.purchase_item(controller, elementslib, spetlib.item_coin, spetlib.timeOut);spetlib.check_out_purchase(controller, elementslib, spetlib.timeOut);spetlib.check_item_exist(controller, jum, customize_causes, spetlib.sleepTime);spetlib.scroll_and_click(controller, customize_causes, spetlib.timeOut);var item_name_exist = new (elementslib.XPath)(controller.tabs.activeTab, \&quot;//div[@id=&apos;customize_item_box_container_\&quot; + spetlib.item_coin.itemID + \&quot;&apos;]/div/div[1]/div[1]\&quot;);spetlib.check_item_exist(controller, jum, item_name_exist, spetlib.sleepTime);var number_cause_after = spetlib.get_data_of_field(controller, causes_number_item, spetlib.timeOut);jum.assert(parseInt(number_cause_before) + parseInt(spetlib.item_coin.quantity) == parseInt(number_cause_after), \&quot;The number is : \&quot; + parseInt(number_cause_after) + \&quot; = \&quot; + parseInt(number_cause_before) + \&quot; + \&quot; + parseInt(spetlib.item_coin.quantity));spetlib.scroll_and_click(controller, pet_shop, spetlib.timeOut);controller.waitForElement(earn_coin_item, spetlib.timeOut);spetlib.verify_aount(controller, elementslib, jum, \&quot;Coin\&quot;, earn_coin_before, coin_price, spetlib.sleepTime);}))@file:///c:/docume~1/adam/locals~1/temp/tmpqdmujz.mozrunner/extensions/mozmill@mozilla.com/resource/modules/frame.js -&gt; file:///c:/hudson/workspace/test/qaauto/mozmill/spp/myspace/test_pets_Shop/test_purchase_an_arbitrary_coin_item%20.js:75\n((function (test) {spetlib.logout(controller, elementslib, spetlib.timeOut);}),(function () {spetlib.login_labs_slide(controller, elementslib, spetlib.url_qa_login, spetlib.pet_email, spetlib.slide_pass, spetlib.sleepTime);spetlib.open_url(controller, spetlib.url_set_pet_info, spetlib.timeOut);spetlib.navigate_pet_info(controller, elementslib, spetlib.arr_partnerID.autotest1ID, spetlib.timeOut);spetlib.set_pet_level(controller, elementslib, 10, spetlib.timeOut);spetlib.set_coin_pet(controller, elementslib, \&quot;50\&quot;, spetlib.timeOut);spetlib.logout_labs_slide(controller, elementslib, spetlib.url_qa_login, spetlib.timeOut);spetlib.open_browser_login(controller, elementslib, spetlib.timeOut, spetlib.acc_list_pet_shop.user_name[0], spetlib.acc_list_pet_shop.password[0]);var urlPetApp = spetlib.urlApp + spetlib.appsID.stage;spetlib.load_app(controller, elementslib, urlPetApp, spetlib.timeOut);spetlib.scroll_and_click(controller, new (elementslib.ID)(controller.tabs.activeTab, \&quot;tab_edit\&quot;), spetlib.timeOut);controller.sleep(spetlib.sleepTime);var customize_causes = new (elementslib.Link)(controller.tabs.activeTab, \&quot;Causes\&quot;);spetlib.scroll_and_click(controller, customize_causes, spetlib.timeOut);controller.sleep(3000);var causes_number_item = new (elementslib.XPath)(controller.tabs.activeTab, \&quot;//div[@id=&apos;customize_item_box_container_\&quot; + spetlib.item_coin.itemID + \&quot;&apos;]/div/div[1]/div[2]/span[2]\&quot;);var number_cause_before = spetlib.get_data_of_field(controller, causes_number_item, spetlib.timeOut);var pet_shop = new (elementslib.ID)(controller.tabs.activeTab, \&quot;tab_petshop\&quot;);spetlib.scroll_and_click(controller, pet_shop, spetlib.timeOut);controller.waitForPageLoad(controller.tabs.activeTab, spetlib.timeOut);controller.sleep(25000);var earn_coin_item = new (elementslib.XPath)(controller.tabs.activeTab, \&quot;//div[@id=&apos;pet_shop_header&apos;]/div/p/span\&quot;);var earn_coin_before = spetlib.get_data_of_field(controller, earn_coin_item, spetlib.timeOut);var coin_price = spetlib.purchase_item(controller, elementslib, spetlib.item_coin, spetlib.timeOut);spetlib.check_out_purchase(controller, elementslib, spetlib.timeOut);spetlib.check_item_exist(controller, jum, customize_causes, spetlib.sleepTime);spetlib.scroll_and_click(controller, customize_causes, spetlib.timeOut);var item_name_exist = new (elementslib.XPath)(controller.tabs.activeTab, \&quot;//div[@id=&apos;customize_item_box_container_\&quot; + spetlib.item_coin.itemID + \&quot;&apos;]/div/div[1]/div[1]\&quot;);spetlib.check_item_exist(controller, jum, item_name_exist, spetlib.sleepTime);var number_cause_after = spetlib.get_data_of_field(controller, causes_number_item, spetlib.timeOut);jum.assert(parseInt(number_cause_before) + parseInt(spetlib.item_coin.quantity) == parseInt(number_cause_after), \&quot;The number is : \&quot; + parseInt(number_cause_after) + \&quot; = \&quot; + parseInt(number_cause_before) + \&quot; + \&quot; + parseInt(spetlib.item_coin.quantity));spetlib.scroll_and_click(controller, pet_shop, spetlib.timeOut);controller.waitForElement(earn_coin_item, spetlib.timeOut);spetlib.verify_aount(controller, elementslib, jum, \&quot;Coin\&quot;, earn_coin_before, coin_price, spetlib.sleepTime);}))@file:///c:/docume~1/adam/locals~1/temp/tmpqdmujz.mozrunner/extensions/mozmill@mozilla.com/resource/modules/frame.js:447\n([object Object])@file:///c:/docume~1/adam/locals~1/temp/tmpqdmujz.mozrunner/extensions/mozmill@mozilla.com/resource/modules/frame.js:511\n([object Object])@file:///c:/docume~1/adam/locals~1/temp/tmpqdmujz.mozrunner/extensions/mozmill@mozilla.com/resource/modules/frame.js:546\n(\&quot;c:\\\\hudson\\\\workspace\\\\test\\\\qaauto\\\\mozmill\\\\spp\\\\myspace\\\\test_pets_Shop\&quot;)@file:///c:/docume~1/adam/locals~1/temp/tmpqdmujz.mozrunner/extensions/mozmill@mozilla.com/resource/modules/frame.js:400\n(\&quot;c:\\\\hudson\\\\workspace\\\\test\\\\qaauto\\\\mozmill\\\\spp\\\\myspace\\\\test_pets_Shop\&quot;)@file:///c:/docume~1/adam/locals~1/temp/tmpqdmujz.mozrunner/extensions/mozmill@mozilla.com/resource/modules/frame.js:551\n((function (dir) {var runner = new Runner(new Collector);runner.runTestDirectory(dir);runner.end();return true;}),[object Array])@file:///c:/docume~1/adam/locals~1/temp/tmpqdmujz.mozrunner/extensions/jsbridge@mozilla.com/resource/modules/server.js:164\n(\&quot;0fbf1fd1-90f3-11de-ad04-000c2940cd83\&quot;,(function (dir) {var runner = new Runner(new Collector);runner.runTestDirectory(dir);runner.end();return true;}),[object Array])@file:///c:/docume~1/adam/locals~1/temp/tmpqdmujz.mozrunner/extensions/jsbridge@mozilla.com/resource/modules/server.js:168\n@file:///c:/docume~1/adam/locals~1/temp/tmpqdmujz.mozrunner/extensions/jsbridge@mozilla.com/resource/modules/server.js:244\n&quot;, &quot;fileName&quot;: &quot;file:///c:/docume~1/adam/locals~1/temp/tmpqdmujz.mozrunner/extensions/mozmill@mozilla.com/resource/modules/controller.js&quot;}}</errorStackTrace>
          <failedSince>20</failedSince>
        </case>
        <case>
          <duration>0.0</duration>
          <className>c:\hudson\workspace\test\qaauto\mozmill\spp\myspace\test_pets_Shop\test_purchase_an_arbitrary_coin_item .js:test_spp_purchase_cause_item</className>
          <testName>c:\hudson\workspace\test\qaauto\mozmill\spp\myspace\test_pets_Shop\test_purchase_an_arbitrary_coin_item .js:test_spp_purchase_cause_item</testName>
          <skipped>false</skipped>
          <errorStackTrace>{&quot;exception&quot;: {&quot;message&quot;: &quot;could not find element XPath: //div[4]/center/img&quot;, &quot;lineNumber&quot;: 279, &quot;stack&quot;: &quot;Error(\&quot;could not find element XPath: //div[4]/center/img\&quot;)@:0\n([object Object])@file:///c:/docume~1/adam/locals~1/temp/tmpqdmujz.mozrunner/extensions/mozmill@mozilla.com/resource/modules/controller.js:279\nset_pet_level([object Object],[object Object],10,60000)@file:///c:/docume~1/adam/locals~1/temp/tmpqdmujz.mozrunner/extensions/mozmill@mozilla.com/resource/modules/frame.js -&gt; file:///c:/hudson/workspace/test/qaauto/mozmill/spp/myspace/shared-modules/testspetlib.js:495\n()@file:///c:/docume~1/adam/locals~1/temp/tmpqdmujz.mozrunner/extensions/mozmill@mozilla.com/resource/modules/frame.js -&gt; file:///c:/hudson/workspace/test/qaauto/mozmill/spp/myspace/test_pets_Shop/test_purchase_an_arbitrary_coin_item%20.js:15\n((function () {spetlib.login_labs_slide(controller, elementslib, spetlib.url_qa_login, spetlib.pet_email, spetlib.slide_pass, spetlib.sleepTime);spetlib.open_url(controller, spetlib.url_set_pet_info, spetlib.timeOut);spetlib.navigate_pet_info(controller, elementslib, spetlib.arr_partnerID.autotest1ID, spetlib.timeOut);spetlib.set_pet_level(controller, elementslib, 10, spetlib.timeOut);spetlib.set_coin_pet(controller, elementslib, \&quot;50\&quot;, spetlib.timeOut);spetlib.logout_labs_slide(controller, elementslib, spetlib.url_qa_login, spetlib.timeOut);spetlib.open_browser_login(controller, elementslib, spetlib.timeOut, spetlib.acc_list_pet_shop.user_name[0], spetlib.acc_list_pet_shop.password[0]);var urlPetApp = spetlib.urlApp + spetlib.appsID.stage;spetlib.load_app(controller, elementslib, urlPetApp, spetlib.timeOut);spetlib.scroll_and_click(controller, new (elementslib.ID)(controller.tabs.activeTab, \&quot;tab_edit\&quot;), spetlib.timeOut);controller.sleep(spetlib.sleepTime);var customize_causes = new (elementslib.Link)(controller.tabs.activeTab, \&quot;Causes\&quot;);spetlib.scroll_and_click(controller, customize_causes, spetlib.timeOut);controller.sleep(3000);var causes_number_item = new (elementslib.XPath)(controller.tabs.activeTab, \&quot;//div[@id=&apos;customize_item_box_container_\&quot; + spetlib.item_coin.itemID + \&quot;&apos;]/div/div[1]/div[2]/span[2]\&quot;);var number_cause_before = spetlib.get_data_of_field(controller, causes_number_item, spetlib.timeOut);var pet_shop = new (elementslib.ID)(controller.tabs.activeTab, \&quot;tab_petshop\&quot;);spetlib.scroll_and_click(controller, pet_shop, spetlib.timeOut);controller.waitForPageLoad(controller.tabs.activeTab, spetlib.timeOut);controller.sleep(25000);var earn_coin_item = new (elementslib.XPath)(controller.tabs.activeTab, \&quot;//div[@id=&apos;pet_shop_header&apos;]/div/p/span\&quot;);var earn_coin_before = spetlib.get_data_of_field(controller, earn_coin_item, spetlib.timeOut);var coin_price = spetlib.purchase_item(controller, elementslib, spetlib.item_coin, spetlib.timeOut);spetlib.check_out_purchase(controller, elementslib, spetlib.timeOut);spetlib.check_item_exist(controller, jum, customize_causes, spetlib.sleepTime);spetlib.scroll_and_click(controller, customize_causes, spetlib.timeOut);var item_name_exist = new (elementslib.XPath)(controller.tabs.activeTab, \&quot;//div[@id=&apos;customize_item_box_container_\&quot; + spetlib.item_coin.itemID + \&quot;&apos;]/div/div[1]/div[1]\&quot;);spetlib.check_item_exist(controller, jum, item_name_exist, spetlib.sleepTime);var number_cause_after = spetlib.get_data_of_field(controller, causes_number_item, spetlib.timeOut);jum.assert(parseInt(number_cause_before) + parseInt(spetlib.item_coin.quantity) == parseInt(number_cause_after), \&quot;The number is : \&quot; + parseInt(number_cause_after) + \&quot; = \&quot; + parseInt(number_cause_before) + \&quot; + \&quot; + parseInt(spetlib.item_coin.quantity));spetlib.scroll_and_click(controller, pet_shop, spetlib.timeOut);controller.waitForElement(earn_coin_item, spetlib.timeOut);spetlib.verify_aount(controller, elementslib, jum, \&quot;Coin\&quot;, earn_coin_before, coin_price, spetlib.sleepTime);}))@file:///c:/docume~1/adam/locals~1/temp/tmpqdmujz.mozrunner/extensions/mozmill@mozilla.com/resource/modules/frame.js:452\n([object Object])@file:///c:/docume~1/adam/locals~1/temp/tmpqdmujz.mozrunner/extensions/mozmill@mozilla.com/resource/modules/frame.js:504\n([object Object])@file:///c:/docume~1/adam/locals~1/temp/tmpqdmujz.mozrunner/extensions/mozmill@mozilla.com/resource/modules/frame.js:546\n(\&quot;c:\\\\hudson\\\\workspace\\\\test\\\\qaauto\\\\mozmill\\\\spp\\\\myspace\\\\test_pets_Shop\&quot;)@file:///c:/docume~1/adam/locals~1/temp/tmpqdmujz.mozrunner/extensions/mozmill@mozilla.com/resource/modules/frame.js:400\n(\&quot;c:\\\\hudson\\\\workspace\\\\test\\\\qaauto\\\\mozmill\\\\spp\\\\myspace\\\\test_pets_Shop\&quot;)@file:///c:/docume~1/adam/locals~1/temp/tmpqdmujz.mozrunner/extensions/mozmill@mozilla.com/resource/modules/frame.js:551\n((function (dir) {var runner = new Runner(new Collector);runner.runTestDirectory(dir);runner.end();return true;}),[object Array])@file:///c:/docume~1/adam/locals~1/temp/tmpqdmujz.mozrunner/extensions/jsbridge@mozilla.com/resource/modules/server.js:164\n(\&quot;0fbf1fd1-90f3-11de-ad04-000c2940cd83\&quot;,(function (dir) {var runner = new Runner(new Collector);runner.runTestDirectory(dir);runner.end();return true;}),[object Array])@file:///c:/docume~1/adam/locals~1/temp/tmpqdmujz.mozrunner/extensions/jsbridge@mozilla.com/resource/modules/server.js:168\n@file:///c:/docume~1/adam/locals~1/temp/tmpqdmujz.mozrunner/extensions/jsbridge@mozilla.com/resource/modules/server.js:244\n&quot;, &quot;fileName&quot;: &quot;file:///c:/docume~1/adam/locals~1/temp/tmpqdmujz.mozrunner/extensions/mozmill@mozilla.com/resource/modules/controller.js&quot;}}</errorStackTrace>
          <failedSince>20</failedSince>
        </case>
        <case>
          <duration>0.0</duration>
          <className>c:\hudson\workspace\test\qaauto\mozmill\spp\myspace\test_pets_Shop\test_purchase_an_arbitrary_gold_item.js:teardownTest</className>
          <testName>c:\hudson\workspace\test\qaauto\mozmill\spp\myspace\test_pets_Shop\test_purchase_an_arbitrary_gold_item.js:teardownTest</testName>
          <skipped>false</skipped>
          <errorStackTrace>{&quot;exception&quot;: {&quot;message&quot;: &quot;timeout exceeded for waitForElement Link: Sign Out&quot;, &quot;lineNumber&quot;: 306, &quot;stack&quot;: &quot;Error(\&quot;timeout exceeded for waitForElement Link: Sign Out\&quot;)@:0\n([object Object],60000)@file:///c:/docume~1/adam/locals~1/temp/tmpqdmujz.mozrunner/extensions/mozmill@mozilla.com/resource/modules/controller.js:306\nscroll_and_click([object Object],[object Object],60000)@file:///c:/docume~1/adam/locals~1/temp/tmpqdmujz.mozrunner/extensions/mozmill@mozilla.com/resource/modules/frame.js -&gt; file:///c:/hudson/workspace/test/qaauto/mozmill/spp/myspace/shared-modules/testspetlib.js:182\n([object Object],[object Object],60000)@file:///c:/docume~1/adam/locals~1/temp/tmpqdmujz.mozrunner/extensions/mozmill@mozilla.com/resource/modules/frame.js -&gt; file:///c:/hudson/workspace/test/qaauto/mozmill/spp/myspace/shared-modules/testspetlib.js:78\n((function () {spetlib.login_labs_slide(controller, elementslib, spetlib.url_qa_login, spetlib.pet_email, spetlib.slide_pass, spetlib.sleepTime);spetlib.open_url(controller, spetlib.url_set_pet_info, spetlib.timeOut);spetlib.navigate_pet_info(controller, elementslib, spetlib.arr_partnerID.autotest1ID, spetlib.timeOut);spetlib.set_pet_level(controller, elementslib, 3, spetlib.timeOut);spetlib.set_gold(controller, elementslib, \&quot;20\&quot;, spetlib.timeOut);spetlib.delete_inventory(controller, elementslib, spetlib.timeOut);spetlib.logout_labs_slide(controller, elementslib, spetlib.url_qa_login, spetlib.timeOut);spetlib.open_browser_login(controller, elementslib, spetlib.timeOut, spetlib.acc_list_pet_shop.user_name[0], spetlib.acc_list_pet_shop.password[0]);var urlPetApp = spetlib.urlApp + spetlib.appsID.stage;spetlib.load_app(controller, elementslib, urlPetApp, spetlib.timeOut);var pet_shop = new (elementslib.ID)(controller.tabs.activeTab, \&quot;tab_petshop\&quot;);spetlib.scroll_and_click(controller, pet_shop, spetlib.timeOut);controller.sleep(20000);var gold_balance_elem = new (elementslib.XPath)(controller.tabs.activeTab, \&quot;//div[@id=&apos;pet_shop_header&apos;]/div/p[2]/span\&quot;);var gold_balance_before = spetlib.get_data_of_field(controller, gold_balance_elem, spetlib.timeOut);var gold_price = spetlib.purchase_item(controller, elementslib, spetlib.item_gold, spetlib.timeOut);spetlib.check_out_purchase(controller, elementslib, spetlib.timeOut);var gold_shop_elem = new (elementslib.Link)(controller.tabs.activeTab, \&quot;Gold Items\&quot;);spetlib.check_item_exist(controller, jum, gold_shop_elem, spetlib.sleepTime);spetlib.scroll_and_click(controller, gold_shop_elem, spetlib.timeOut);controller.sleep(20000);var item_name_exist = new (elementslib.XPath)(controller.tabs.activeTab, \&quot;//div[@id=&apos;customize_item_box_container_\&quot; + spetlib.item_gold.itemID + \&quot;&apos;]/div/div/div[1]\&quot;);spetlib.check_item_exist(controller, jum, item_name_exist, spetlib.sleepTime);spetlib.scroll_and_click(controller, pet_shop, spetlib.timeOut);controller.waitForElement(gold_balance_elem, spetlib.timeOut);spetlib.verify_aount(controller, elementslib, jum, \&quot;Gold\&quot;, gold_balance_before, gold_price, spetlib.sleepTime);}))@file:///c:/docume~1/adam/locals~1/temp/tmpqdmujz.mozrunner/extensions/mozmill@mozilla.com/resource/modules/frame.js -&gt; file:///c:/hudson/workspace/test/qaauto/mozmill/spp/myspace/test_pets_Shop/test_purchase_an_arbitrary_gold_item.js:63\n((function (test) {spetlib.logout(controller, elementslib, spetlib.timeOut);}),(function () {spetlib.login_labs_slide(controller, elementslib, spetlib.url_qa_login, spetlib.pet_email, spetlib.slide_pass, spetlib.sleepTime);spetlib.open_url(controller, spetlib.url_set_pet_info, spetlib.timeOut);spetlib.navigate_pet_info(controller, elementslib, spetlib.arr_partnerID.autotest1ID, spetlib.timeOut);spetlib.set_pet_level(controller, elementslib, 3, spetlib.timeOut);spetlib.set_gold(controller, elementslib, \&quot;20\&quot;, spetlib.timeOut);spetlib.delete_inventory(controller, elementslib, spetlib.timeOut);spetlib.logout_labs_slide(controller, elementslib, spetlib.url_qa_login, spetlib.timeOut);spetlib.open_browser_login(controller, elementslib, spetlib.timeOut, spetlib.acc_list_pet_shop.user_name[0], spetlib.acc_list_pet_shop.password[0]);var urlPetApp = spetlib.urlApp + spetlib.appsID.stage;spetlib.load_app(controller, elementslib, urlPetApp, spetlib.timeOut);var pet_shop = new (elementslib.ID)(controller.tabs.activeTab, \&quot;tab_petshop\&quot;);spetlib.scroll_and_click(controller, pet_shop, spetlib.timeOut);controller.sleep(20000);var gold_balance_elem = new (elementslib.XPath)(controller.tabs.activeTab, \&quot;//div[@id=&apos;pet_shop_header&apos;]/div/p[2]/span\&quot;);var gold_balance_before = spetlib.get_data_of_field(controller, gold_balance_elem, spetlib.timeOut);var gold_price = spetlib.purchase_item(controller, elementslib, spetlib.item_gold, spetlib.timeOut);spetlib.check_out_purchase(controller, elementslib, spetlib.timeOut);var gold_shop_elem = new (elementslib.Link)(controller.tabs.activeTab, \&quot;Gold Items\&quot;);spetlib.check_item_exist(controller, jum, gold_shop_elem, spetlib.sleepTime);spetlib.scroll_and_click(controller, gold_shop_elem, spetlib.timeOut);controller.sleep(20000);var item_name_exist = new (elementslib.XPath)(controller.tabs.activeTab, \&quot;//div[@id=&apos;customize_item_box_container_\&quot; + spetlib.item_gold.itemID + \&quot;&apos;]/div/div/div[1]\&quot;);spetlib.check_item_exist(controller, jum, item_name_exist, spetlib.sleepTime);spetlib.scroll_and_click(controller, pet_shop, spetlib.timeOut);controller.waitForElement(gold_balance_elem, spetlib.timeOut);spetlib.verify_aount(controller, elementslib, jum, \&quot;Gold\&quot;, gold_balance_before, gold_price, spetlib.sleepTime);}))@file:///c:/docume~1/adam/locals~1/temp/tmpqdmujz.mozrunner/extensions/mozmill@mozilla.com/resource/modules/frame.js:447\n([object Object])@file:///c:/docume~1/adam/locals~1/temp/tmpqdmujz.mozrunner/extensions/mozmill@mozilla.com/resource/modules/frame.js:511\n([object Object])@file:///c:/docume~1/adam/locals~1/temp/tmpqdmujz.mozrunner/extensions/mozmill@mozilla.com/resource/modules/frame.js:546\n(\&quot;c:\\\\hudson\\\\workspace\\\\test\\\\qaauto\\\\mozmill\\\\spp\\\\myspace\\\\test_pets_Shop\&quot;)@file:///c:/docume~1/adam/locals~1/temp/tmpqdmujz.mozrunner/extensions/mozmill@mozilla.com/resource/modules/frame.js:400\n(\&quot;c:\\\\hudson\\\\workspace\\\\test\\\\qaauto\\\\mozmill\\\\spp\\\\myspace\\\\test_pets_Shop\&quot;)@file:///c:/docume~1/adam/locals~1/temp/tmpqdmujz.mozrunner/extensions/mozmill@mozilla.com/resource/modules/frame.js:551\n((function (dir) {var runner = new Runner(new Collector);runner.runTestDirectory(dir);runner.end();return true;}),[object Array])@file:///c:/docume~1/adam/locals~1/temp/tmpqdmujz.mozrunner/extensions/jsbridge@mozilla.com/resource/modules/server.js:164\n(\&quot;0fbf1fd1-90f3-11de-ad04-000c2940cd83\&quot;,(function (dir) {var runner = new Runner(new Collector);runner.runTestDirectory(dir);runner.end();return true;}),[object Array])@file:///c:/docume~1/adam/locals~1/temp/tmpqdmujz.mozrunner/extensions/jsbridge@mozilla.com/resource/modules/server.js:168\n@file:///c:/docume~1/adam/locals~1/temp/tmpqdmujz.mozrunner/extensions/jsbridge@mozilla.com/resource/modules/server.js:244\n&quot;, &quot;fileName&quot;: &quot;file:///c:/docume~1/adam/locals~1/temp/tmpqdmujz.mozrunner/extensions/mozmill@mozilla.com/resource/modules/controller.js&quot;}}</errorStackTrace>
          <failedSince>20</failedSince>
        </case>
        <case>
          <duration>0.0</duration>
          <className>c:\hudson\workspace\test\qaauto\mozmill\spp\myspace\test_pets_Shop\test_purchase_an_arbitrary_gold_item.js:test_spp_purchase_gold_item</className>
          <testName>c:\hudson\workspace\test\qaauto\mozmill\spp\myspace\test_pets_Shop\test_purchase_an_arbitrary_gold_item.js:test_spp_purchase_gold_item</testName>
          <skipped>false</skipped>
          <errorStackTrace>{&quot;exception&quot;: {&quot;message&quot;: &quot;could not find element XPath: //div[4]/center/img&quot;, &quot;lineNumber&quot;: 279, &quot;stack&quot;: &quot;Error(\&quot;could not find element XPath: //div[4]/center/img\&quot;)@:0\n([object Object])@file:///c:/docume~1/adam/locals~1/temp/tmpqdmujz.mozrunner/extensions/mozmill@mozilla.com/resource/modules/controller.js:279\nset_pet_level([object Object],[object Object],3,60000)@file:///c:/docume~1/adam/locals~1/temp/tmpqdmujz.mozrunner/extensions/mozmill@mozilla.com/resource/modules/frame.js -&gt; file:///c:/hudson/workspace/test/qaauto/mozmill/spp/myspace/shared-modules/testspetlib.js:495\n()@file:///c:/docume~1/adam/locals~1/temp/tmpqdmujz.mozrunner/extensions/mozmill@mozilla.com/resource/modules/frame.js -&gt; file:///c:/hudson/workspace/test/qaauto/mozmill/spp/myspace/test_pets_Shop/test_purchase_an_arbitrary_gold_item.js:15\n((function () {spetlib.login_labs_slide(controller, elementslib, spetlib.url_qa_login, spetlib.pet_email, spetlib.slide_pass, spetlib.sleepTime);spetlib.open_url(controller, spetlib.url_set_pet_info, spetlib.timeOut);spetlib.navigate_pet_info(controller, elementslib, spetlib.arr_partnerID.autotest1ID, spetlib.timeOut);spetlib.set_pet_level(controller, elementslib, 3, spetlib.timeOut);spetlib.set_gold(controller, elementslib, \&quot;20\&quot;, spetlib.timeOut);spetlib.delete_inventory(controller, elementslib, spetlib.timeOut);spetlib.logout_labs_slide(controller, elementslib, spetlib.url_qa_login, spetlib.timeOut);spetlib.open_browser_login(controller, elementslib, spetlib.timeOut, spetlib.acc_list_pet_shop.user_name[0], spetlib.acc_list_pet_shop.password[0]);var urlPetApp = spetlib.urlApp + spetlib.appsID.stage;spetlib.load_app(controller, elementslib, urlPetApp, spetlib.timeOut);var pet_shop = new (elementslib.ID)(controller.tabs.activeTab, \&quot;tab_petshop\&quot;);spetlib.scroll_and_click(controller, pet_shop, spetlib.timeOut);controller.sleep(20000);var gold_balance_elem = new (elementslib.XPath)(controller.tabs.activeTab, \&quot;//div[@id=&apos;pet_shop_header&apos;]/div/p[2]/span\&quot;);var gold_balance_before = spetlib.get_data_of_field(controller, gold_balance_elem, spetlib.timeOut);var gold_price = spetlib.purchase_item(controller, elementslib, spetlib.item_gold, spetlib.timeOut);spetlib.check_out_purchase(controller, elementslib, spetlib.timeOut);var gold_shop_elem = new (elementslib.Link)(controller.tabs.activeTab, \&quot;Gold Items\&quot;);spetlib.check_item_exist(controller, jum, gold_shop_elem, spetlib.sleepTime);spetlib.scroll_and_click(controller, gold_shop_elem, spetlib.timeOut);controller.sleep(20000);var item_name_exist = new (elementslib.XPath)(controller.tabs.activeTab, \&quot;//div[@id=&apos;customize_item_box_container_\&quot; + spetlib.item_gold.itemID + \&quot;&apos;]/div/div/div[1]\&quot;);spetlib.check_item_exist(controller, jum, item_name_exist, spetlib.sleepTime);spetlib.scroll_and_click(controller, pet_shop, spetlib.timeOut);controller.waitForElement(gold_balance_elem, spetlib.timeOut);spetlib.verify_aount(controller, elementslib, jum, \&quot;Gold\&quot;, gold_balance_before, gold_price, spetlib.sleepTime);}))@file:///c:/docume~1/adam/locals~1/temp/tmpqdmujz.mozrunner/extensions/mozmill@mozilla.com/resource/modules/frame.js:452\n([object Object])@file:///c:/docume~1/adam/locals~1/temp/tmpqdmujz.mozrunner/extensions/mozmill@mozilla.com/resource/modules/frame.js:504\n([object Object])@file:///c:/docume~1/adam/locals~1/temp/tmpqdmujz.mozrunner/extensions/mozmill@mozilla.com/resource/modules/frame.js:546\n(\&quot;c:\\\\hudson\\\\workspace\\\\test\\\\qaauto\\\\mozmill\\\\spp\\\\myspace\\\\test_pets_Shop\&quot;)@file:///c:/docume~1/adam/locals~1/temp/tmpqdmujz.mozrunner/extensions/mozmill@mozilla.com/resource/modules/frame.js:400\n(\&quot;c:\\\\hudson\\\\workspace\\\\test\\\\qaauto\\\\mozmill\\\\spp\\\\myspace\\\\test_pets_Shop\&quot;)@file:///c:/docume~1/adam/locals~1/temp/tmpqdmujz.mozrunner/extensions/mozmill@mozilla.com/resource/modules/frame.js:551\n((function (dir) {var runner = new Runner(new Collector);runner.runTestDirectory(dir);runner.end();return true;}),[object Array])@file:///c:/docume~1/adam/locals~1/temp/tmpqdmujz.mozrunner/extensions/jsbridge@mozilla.com/resource/modules/server.js:164\n(\&quot;0fbf1fd1-90f3-11de-ad04-000c2940cd83\&quot;,(function (dir) {var runner = new Runner(new Collector);runner.runTestDirectory(dir);runner.end();return true;}),[object Array])@file:///c:/docume~1/adam/locals~1/temp/tmpqdmujz.mozrunner/extensions/jsbridge@mozilla.com/resource/modules/server.js:168\n@file:///c:/docume~1/adam/locals~1/temp/tmpqdmujz.mozrunner/extensions/jsbridge@mozilla.com/resource/modules/server.js:244\n&quot;, &quot;fileName&quot;: &quot;file:///c:/docume~1/adam/locals~1/temp/tmpqdmujz.mozrunner/extensions/mozmill@mozilla.com/resource/modules/controller.js&quot;}}</errorStackTrace>
          <failedSince>20</failedSince>
        </case>
        <case>
          <duration>0.0</duration>
          <className>c:\hudson\workspace\test\qaauto\mozmill\spp\myspace\test_pets_Shop\test_purchase_an_gold_using_an_existing_cc.js:teardownTest</className>
          <testName>c:\hudson\workspace\test\qaauto\mozmill\spp\myspace\test_pets_Shop\test_purchase_an_gold_using_an_existing_cc.js:teardownTest</testName>
          <skipped>false</skipped>
          <errorStackTrace>{&quot;exception&quot;: {&quot;message&quot;: &quot;timeout exceeded for waitForElement Link: Sign Out&quot;, &quot;lineNumber&quot;: 306, &quot;stack&quot;: &quot;Error(\&quot;timeout exceeded for waitForElement Link: Sign Out\&quot;)@:0\n([object Object],60000)@file:///c:/docume~1/adam/locals~1/temp/tmpqdmujz.mozrunner/extensions/mozmill@mozilla.com/resource/modules/controller.js:306\nscroll_and_click([object Object],[object Object],60000)@file:///c:/docume~1/adam/locals~1/temp/tmpqdmujz.mozrunner/extensions/mozmill@mozilla.com/resource/modules/frame.js -&gt; file:///c:/hudson/workspace/test/qaauto/mozmill/spp/myspace/shared-modules/testspetlib.js:182\n([object Object],[object Object],60000)@file:///c:/docume~1/adam/locals~1/temp/tmpqdmujz.mozrunner/extensions/mozmill@mozilla.com/resource/modules/frame.js -&gt; file:///c:/hudson/workspace/test/qaauto/mozmill/spp/myspace/shared-modules/testspetlib.js:78\n((function () {spetlib.login_labs_slide(controller, elementslib, spetlib.url_qa_login, spetlib.pet_email, spetlib.slide_pass, spetlib.sleepTime);spetlib.open_url(controller, spetlib.url_set_pet_info, spetlib.timeOut);spetlib.navigate_pet_info(controller, elementslib, spetlib.arr_partnerID.autotest3ID, spetlib.timeOut);spetlib.set_pet_level(controller, elementslib, 10, spetlib.timeOut);spetlib.logout_labs_slide(controller, elementslib, spetlib.url_qa_login, spetlib.timeOut);spetlib.open_browser_login(controller, elementslib, spetlib.timeOut, spetlib.acc_list_pet_shop.user_name[2], spetlib.acc_list_pet_shop.password[2]);var urlPetApp = spetlib.urlApp + spetlib.appsID.stage;spetlib.load_app(controller, elementslib, urlPetApp, spetlib.timeOut);spetlib.scroll_and_click(controller, new (elementslib.ID)(controller.tabs.activeTab, \&quot;tab_petshop\&quot;), spetlib.timeOut);var gold_balance_before = spetlib.get_data_of_field(controller, new (elementslib.XPath)(controller.tabs.activeTab, \&quot;//div[@id=&apos;pet_shop_header&apos;]/div/p[2]/span\&quot;), spetlib.timeOut);spetlib.scroll_and_click(controller, new (elementslib.Link)(controller.tabs.activeTab, \&quot;(buy gold)\&quot;), spetlib.timeOut);spetlib.buy_amount_gold(controller, elementslib, jum, spetlib.account_info_valid, spetlib.acc_list_pet_shop.user_name[2], false, true, true, spetlib.timeOut);var gold_balance_check1 = parseInt(gold_balance_before.replace(\&quot;,\&quot;, \&quot;\&quot;)) + parseInt(spetlib.account_info_valid.amount);controller.sleep(10000);spetlib.verify_value_displayed(controller, jum, new (elementslib.XPath)(controller.tabs.activeTab, \&quot;//div[@id=&apos;pet_shop_header&apos;]/div/p[2]/span\&quot;), gold_balance_check1, spetlib.timeOut);controller.sleep(spetlib.sleepTime);var gold_balance_after = spetlib.get_data_of_field(controller, new (elementslib.XPath)(controller.tabs.activeTab, \&quot;//div[@id=&apos;pet_shop_header&apos;]/div/p[2]/span\&quot;), spetlib.timeOut);spetlib.scroll_and_click(controller, new (elementslib.Link)(controller.tabs.activeTab, \&quot;(buy gold)\&quot;), spetlib.timeOut);spetlib.buy_amount_gold(controller, elementslib, jum, spetlib.account_info_valid, spetlib.acc_list_pet_shop.user_name[2], false, true, true, spetlib.timeOut);var gold_balance_check2 = parseInt(gold_balance_after.replace(\&quot;,\&quot;, \&quot;\&quot;)) + parseInt(spetlib.account_info_valid.amount);spetlib.verify_value_displayed(controller, jum, new (elementslib.XPath)(controller.tabs.activeTab, \&quot;//div[@id=&apos;pet_shop_header&apos;]/div/p[2]/span\&quot;), gold_balance_check2, spetlib.timeOut);}))@file:///c:/docume~1/adam/locals~1/temp/tmpqdmujz.mozrunner/extensions/mozmill@mozilla.com/resource/modules/frame.js -&gt; file:///c:/hudson/workspace/test/qaauto/mozmill/spp/myspace/test_pets_Shop/test_purchase_an_gold_using_an_existing_cc.js:58\n((function (test) {spetlib.logout(controller, elementslib, spetlib.timeOut);}),(function () {spetlib.login_labs_slide(controller, elementslib, spetlib.url_qa_login, spetlib.pet_email, spetlib.slide_pass, spetlib.sleepTime);spetlib.open_url(controller, spetlib.url_set_pet_info, spetlib.timeOut);spetlib.navigate_pet_info(controller, elementslib, spetlib.arr_partnerID.autotest3ID, spetlib.timeOut);spetlib.set_pet_level(controller, elementslib, 10, spetlib.timeOut);spetlib.logout_labs_slide(controller, elementslib, spetlib.url_qa_login, spetlib.timeOut);spetlib.open_browser_login(controller, elementslib, spetlib.timeOut, spetlib.acc_list_pet_shop.user_name[2], spetlib.acc_list_pet_shop.password[2]);var urlPetApp = spetlib.urlApp + spetlib.appsID.stage;spetlib.load_app(controller, elementslib, urlPetApp, spetlib.timeOut);spetlib.scroll_and_click(controller, new (elementslib.ID)(controller.tabs.activeTab, \&quot;tab_petshop\&quot;), spetlib.timeOut);var gold_balance_before = spetlib.get_data_of_field(controller, new (elementslib.XPath)(controller.tabs.activeTab, \&quot;//div[@id=&apos;pet_shop_header&apos;]/div/p[2]/span\&quot;), spetlib.timeOut);spetlib.scroll_and_click(controller, new (elementslib.Link)(controller.tabs.activeTab, \&quot;(buy gold)\&quot;), spetlib.timeOut);spetlib.buy_amount_gold(controller, elementslib, jum, spetlib.account_info_valid, spetlib.acc_list_pet_shop.user_name[2], false, true, true, spetlib.timeOut);var gold_balance_check1 = parseInt(gold_balance_before.replace(\&quot;,\&quot;, \&quot;\&quot;)) + parseInt(spetlib.account_info_valid.amount);controller.sleep(10000);spetlib.verify_value_displayed(controller, jum, new (elementslib.XPath)(controller.tabs.activeTab, \&quot;//div[@id=&apos;pet_shop_header&apos;]/div/p[2]/span\&quot;), gold_balance_check1, spetlib.timeOut);controller.sleep(spetlib.sleepTime);var gold_balance_after = spetlib.get_data_of_field(controller, new (elementslib.XPath)(controller.tabs.activeTab, \&quot;//div[@id=&apos;pet_shop_header&apos;]/div/p[2]/span\&quot;), spetlib.timeOut);spetlib.scroll_and_click(controller, new (elementslib.Link)(controller.tabs.activeTab, \&quot;(buy gold)\&quot;), spetlib.timeOut);spetlib.buy_amount_gold(controller, elementslib, jum, spetlib.account_info_valid, spetlib.acc_list_pet_shop.user_name[2], false, true, true, spetlib.timeOut);var gold_balance_check2 = parseInt(gold_balance_after.replace(\&quot;,\&quot;, \&quot;\&quot;)) + parseInt(spetlib.account_info_valid.amount);spetlib.verify_value_displayed(controller, jum, new (elementslib.XPath)(controller.tabs.activeTab, \&quot;//div[@id=&apos;pet_shop_header&apos;]/div/p[2]/span\&quot;), gold_balance_check2, spetlib.timeOut);}))@file:///c:/docume~1/adam/locals~1/temp/tmpqdmujz.mozrunner/extensions/mozmill@mozilla.com/resource/modules/frame.js:447\n([object Object])@file:///c:/docume~1/adam/locals~1/temp/tmpqdmujz.mozrunner/extensions/mozmill@mozilla.com/resource/modules/frame.js:511\n([object Object])@file:///c:/docume~1/adam/locals~1/temp/tmpqdmujz.mozrunner/extensions/mozmill@mozilla.com/resource/modules/frame.js:546\n(\&quot;c:\\\\hudson\\\\workspace\\\\test\\\\qaauto\\\\mozmill\\\\spp\\\\myspace\\\\test_pets_Shop\&quot;)@file:///c:/docume~1/adam/locals~1/temp/tmpqdmujz.mozrunner/extensions/mozmill@mozilla.com/resource/modules/frame.js:400\n(\&quot;c:\\\\hudson\\\\workspace\\\\test\\\\qaauto\\\\mozmill\\\\spp\\\\myspace\\\\test_pets_Shop\&quot;)@file:///c:/docume~1/adam/locals~1/temp/tmpqdmujz.mozrunner/extensions/mozmill@mozilla.com/resource/modules/frame.js:551\n((function (dir) {var runner = new Runner(new Collector);runner.runTestDirectory(dir);runner.end();return true;}),[object Array])@file:///c:/docume~1/adam/locals~1/temp/tmpqdmujz.mozrunner/extensions/jsbridge@mozilla.com/resource/modules/server.js:164\n(\&quot;0fbf1fd1-90f3-11de-ad04-000c2940cd83\&quot;,(function (dir) {var runner = new Runner(new Collector);runner.runTestDirectory(dir);runner.end();return true;}),[object Array])@file:///c:/docume~1/adam/locals~1/temp/tmpqdmujz.mozrunner/extensions/jsbridge@mozilla.com/resource/modules/server.js:168\n@file:///c:/docume~1/adam/locals~1/temp/tmpqdmujz.mozrunner/extensions/jsbridge@mozilla.com/resource/modules/server.js:244\n&quot;, &quot;fileName&quot;: &quot;file:///c:/docume~1/adam/locals~1/temp/tmpqdmujz.mozrunner/extensions/mozmill@mozilla.com/resource/modules/controller.js&quot;}}</errorStackTrace>
          <failedSince>20</failedSince>
        </case>
        <case>
          <duration>0.0</duration>
          <className>c:\hudson\workspace\test\qaauto\mozmill\spp\myspace\test_pets_Shop\test_purchase_an_gold_using_an_existing_cc.js:test_spp_purchase_an_gold_using_an_existing_cc</className>
          <testName>c:\hudson\workspace\test\qaauto\mozmill\spp\myspace\test_pets_Shop\test_purchase_an_gold_using_an_existing_cc.js:test_spp_purchase_an_gold_using_an_existing_cc</testName>
          <skipped>false</skipped>
          <errorStackTrace>{&quot;exception&quot;: {&quot;message&quot;: &quot;could not find element XPath: //div[4]/center/img&quot;, &quot;lineNumber&quot;: 279, &quot;stack&quot;: &quot;Error(\&quot;could not find element XPath: //div[4]/center/img\&quot;)@:0\n([object Object])@file:///c:/docume~1/adam/locals~1/temp/tmpqdmujz.mozrunner/extensions/mozmill@mozilla.com/resource/modules/controller.js:279\nset_pet_level([object Object],[object Object],10,60000)@file:///c:/docume~1/adam/locals~1/temp/tmpqdmujz.mozrunner/extensions/mozmill@mozilla.com/resource/modules/frame.js -&gt; file:///c:/hudson/workspace/test/qaauto/mozmill/spp/myspace/shared-modules/testspetlib.js:495\n()@file:///c:/docume~1/adam/locals~1/temp/tmpqdmujz.mozrunner/extensions/mozmill@mozilla.com/resource/modules/frame.js -&gt; file:///c:/hudson/workspace/test/qaauto/mozmill/spp/myspace/test_pets_Shop/test_purchase_an_gold_using_an_existing_cc.js:15\n((function () {spetlib.login_labs_slide(controller, elementslib, spetlib.url_qa_login, spetlib.pet_email, spetlib.slide_pass, spetlib.sleepTime);spetlib.open_url(controller, spetlib.url_set_pet_info, spetlib.timeOut);spetlib.navigate_pet_info(controller, elementslib, spetlib.arr_partnerID.autotest3ID, spetlib.timeOut);spetlib.set_pet_level(controller, elementslib, 10, spetlib.timeOut);spetlib.logout_labs_slide(controller, elementslib, spetlib.url_qa_login, spetlib.timeOut);spetlib.open_browser_login(controller, elementslib, spetlib.timeOut, spetlib.acc_list_pet_shop.user_name[2], spetlib.acc_list_pet_shop.password[2]);var urlPetApp = spetlib.urlApp + spetlib.appsID.stage;spetlib.load_app(controller, elementslib, urlPetApp, spetlib.timeOut);spetlib.scroll_and_click(controller, new (elementslib.ID)(controller.tabs.activeTab, \&quot;tab_petshop\&quot;), spetlib.timeOut);var gold_balance_before = spetlib.get_data_of_field(controller, new (elementslib.XPath)(controller.tabs.activeTab, \&quot;//div[@id=&apos;pet_shop_header&apos;]/div/p[2]/span\&quot;), spetlib.timeOut);spetlib.scroll_and_click(controller, new (elementslib.Link)(controller.tabs.activeTab, \&quot;(buy gold)\&quot;), spetlib.timeOut);spetlib.buy_amount_gold(controller, elementslib, jum, spetlib.account_info_valid, spetlib.acc_list_pet_shop.user_name[2], false, true, true, spetlib.timeOut);var gold_balance_check1 = parseInt(gold_balance_before.replace(\&quot;,\&quot;, \&quot;\&quot;)) + parseInt(spetlib.account_info_valid.amount);controller.sleep(10000);spetlib.verify_value_displayed(controller, jum, new (elementslib.XPath)(controller.tabs.activeTab, \&quot;//div[@id=&apos;pet_shop_header&apos;]/div/p[2]/span\&quot;), gold_balance_check1, spetlib.timeOut);controller.sleep(spetlib.sleepTime);var gold_balance_after = spetlib.get_data_of_field(controller, new (elementslib.XPath)(controller.tabs.activeTab, \&quot;//div[@id=&apos;pet_shop_header&apos;]/div/p[2]/span\&quot;), spetlib.timeOut);spetlib.scroll_and_click(controller, new (elementslib.Link)(controller.tabs.activeTab, \&quot;(buy gold)\&quot;), spetlib.timeOut);spetlib.buy_amount_gold(controller, elementslib, jum, spetlib.account_info_valid, spetlib.acc_list_pet_shop.user_name[2], false, true, true, spetlib.timeOut);var gold_balance_check2 = parseInt(gold_balance_after.replace(\&quot;,\&quot;, \&quot;\&quot;)) + parseInt(spetlib.account_info_valid.amount);spetlib.verify_value_displayed(controller, jum, new (elementslib.XPath)(controller.tabs.activeTab, \&quot;//div[@id=&apos;pet_shop_header&apos;]/div/p[2]/span\&quot;), gold_balance_check2, spetlib.timeOut);}))@file:///c:/docume~1/adam/locals~1/temp/tmpqdmujz.mozrunner/extensions/mozmill@mozilla.com/resource/modules/frame.js:452\n([object Object])@file:///c:/docume~1/adam/locals~1/temp/tmpqdmujz.mozrunner/extensions/mozmill@mozilla.com/resource/modules/frame.js:504\n([object Object])@file:///c:/docume~1/adam/locals~1/temp/tmpqdmujz.mozrunner/extensions/mozmill@mozilla.com/resource/modules/frame.js:546\n(\&quot;c:\\\\hudson\\\\workspace\\\\test\\\\qaauto\\\\mozmill\\\\spp\\\\myspace\\\\test_pets_Shop\&quot;)@file:///c:/docume~1/adam/locals~1/temp/tmpqdmujz.mozrunner/extensions/mozmill@mozilla.com/resource/modules/frame.js:400\n(\&quot;c:\\\\hudson\\\\workspace\\\\test\\\\qaauto\\\\mozmill\\\\spp\\\\myspace\\\\test_pets_Shop\&quot;)@file:///c:/docume~1/adam/locals~1/temp/tmpqdmujz.mozrunner/extensions/mozmill@mozilla.com/resource/modules/frame.js:551\n((function (dir) {var runner = new Runner(new Collector);runner.runTestDirectory(dir);runner.end();return true;}),[object Array])@file:///c:/docume~1/adam/locals~1/temp/tmpqdmujz.mozrunner/extensions/jsbridge@mozilla.com/resource/modules/server.js:164\n(\&quot;0fbf1fd1-90f3-11de-ad04-000c2940cd83\&quot;,(function (dir) {var runner = new Runner(new Collector);runner.runTestDirectory(dir);runner.end();return true;}),[object Array])@file:///c:/docume~1/adam/locals~1/temp/tmpqdmujz.mozrunner/extensions/jsbridge@mozilla.com/resource/modules/server.js:168\n@file:///c:/docume~1/adam/locals~1/temp/tmpqdmujz.mozrunner/extensions/jsbridge@mozilla.com/resource/modules/server.js:244\n&quot;, &quot;fileName&quot;: &quot;file:///c:/docume~1/adam/locals~1/temp/tmpqdmujz.mozrunner/extensions/mozmill@mozilla.com/resource/modules/controller.js&quot;}}</errorStackTrace>
          <failedSince>20</failedSince>
        </case>
        <case>
          <duration>0.0</duration>
          <className>c:\hudson\workspace\test\qaauto\mozmill\spp\myspace\test_pets_Shop\test_purchase_arbitrary_gold_and_coin_item.js:teardownTest</className>
          <testName>c:\hudson\workspace\test\qaauto\mozmill\spp\myspace\test_pets_Shop\test_purchase_arbitrary_gold_and_coin_item.js:teardownTest</testName>
          <skipped>false</skipped>
          <errorStackTrace>{&quot;exception&quot;: {&quot;message&quot;: &quot;timeout exceeded for waitForElement Link: Sign Out&quot;, &quot;lineNumber&quot;: 306, &quot;stack&quot;: &quot;Error(\&quot;timeout exceeded for waitForElement Link: Sign Out\&quot;)@:0\n([object Object],60000)@file:///c:/docume~1/adam/locals~1/temp/tmpqdmujz.mozrunner/extensions/mozmill@mozilla.com/resource/modules/controller.js:306\nscroll_and_click([object Object],[object Object],60000)@file:///c:/docume~1/adam/locals~1/temp/tmpqdmujz.mozrunner/extensions/mozmill@mozilla.com/resource/modules/frame.js -&gt; file:///c:/hudson/workspace/test/qaauto/mozmill/spp/myspace/shared-modules/testspetlib.js:182\n([object Object],[object Object],60000)@file:///c:/docume~1/adam/locals~1/temp/tmpqdmujz.mozrunner/extensions/mozmill@mozilla.com/resource/modules/frame.js -&gt; file:///c:/hudson/workspace/test/qaauto/mozmill/spp/myspace/shared-modules/testspetlib.js:78\n((function () {spetlib.login_labs_slide(controller, elementslib, spetlib.url_qa_login, spetlib.pet_email, spetlib.slide_pass, spetlib.sleepTime);spetlib.open_url(controller, spetlib.url_set_pet_info, spetlib.timeOut);spetlib.navigate_pet_info(controller, elementslib, spetlib.arr_partnerID.autotest3ID, spetlib.timeOut);spetlib.set_pet_level(controller, elementslib, 3, spetlib.timeOut);spetlib.set_coin_pet(controller, elementslib, \&quot;20\&quot;, spetlib.timeOut);spetlib.set_gold(controller, elementslib, \&quot;20\&quot;, spetlib.timeOut);spetlib.delete_inventory(controller, elementslib, spetlib.timeOut);spetlib.logout_labs_slide(controller, elementslib, spetlib.url_qa_login, spetlib.timeOut);spetlib.open_browser_login(controller, elementslib, spetlib.timeOut, spetlib.acc_list_pet_shop.user_name[2], spetlib.acc_list_pet_shop.password[2]);var urlPetApp = spetlib.urlApp + spetlib.appsID.stage;spetlib.load_app(controller, elementslib, urlPetApp, spetlib.timeOut);var pet_shop = new (elementslib.ID)(controller.tabs.activeTab, \&quot;tab_petshop\&quot;);spetlib.scroll_and_click(controller, pet_shop, spetlib.timeOut);controller.waitForPageLoad(controller.tabs.activeTab, spetlib.timeOut);controller.sleep(20000);var gold_balance_elem = new (elementslib.XPath)(controller.tabs.activeTab, \&quot;//div[@id=&apos;pet_shop_header&apos;]/div/p[2]/span\&quot;);var gold_balance_before = spetlib.get_data_of_field(controller, gold_balance_elem, spetlib.timeOut);var earn_coin_elem = new (elementslib.XPath)(controller.tabs.activeTab, \&quot;//div[@id=&apos;pet_shop_header&apos;]/div/p/span\&quot;);var earn_coin_before = spetlib.get_data_of_field(controller, new (elementslib.XPath)(controller.tabs.activeTab, \&quot;//div[@id=&apos;pet_shop_header&apos;]/div/p/span\&quot;), spetlib.timeOut);var coin_price = spetlib.purchase_item(controller, elementslib, spetlib.item_coin, spetlib.timeOut);spetlib.search_item(controller, elementslib, spetlib.item_gold.itemName, spetlib.timeOut);var gold_price = spetlib.get_data_of_field(controller, new (elementslib.ID)(controller.tabs.activeTab, \&quot;pet_shop_price_\&quot; + spetlib.item_gold.itemID), spetlib.timeOut);spetlib.scroll_and_click(controller, new (elementslib.XPath)(controller.tabs.activeTab, \&quot;//div[@id=&apos;pet_shop_add_\&quot; + spetlib.item_gold.itemID + \&quot;&apos;]/img\&quot;), spetlib.timeOut);controller.sleep(2000);spetlib.check_out_purchase(controller, elementslib, spetlib.timeOut);var gold_shop_elem = new (elementslib.Link)(controller.tabs.activeTab, \&quot;Gold Items\&quot;);spetlib.check_item_exist(controller, jum, gold_shop_elem, spetlib.sleepTime);spetlib.scroll_and_click(controller, gold_shop_elem, spetlib.timeOut);controller.sleep(20000);var item_name_exist = new (elementslib.XPath)(controller.tabs.activeTab, \&quot;//div[@id=&apos;customize_item_box_container_\&quot; + spetlib.item_gold.itemID + \&quot;&apos;]/div/div/div[1]\&quot;);spetlib.check_item_exist(controller, jum, item_name_exist, spetlib.sleepTime);spetlib.scroll_and_click(controller, new (elementslib.Link)(controller.tabs.activeTab, \&quot;Causes\&quot;), spetlib.timeOut);var item_name_exist = new (elementslib.XPath)(controller.tabs.activeTab, \&quot;//div[@id=&apos;customize_item_box_container_\&quot; + spetlib.item_coin.itemID + \&quot;&apos;]/div/div[1]/div[1]\&quot;);spetlib.check_item_exist(controller, jum, item_name_exist, spetlib.sleepTime);spetlib.scroll_and_click(controller, pet_shop, spetlib.timeOut);controller.waitForElement(gold_balance_elem, spetlib.timeOut);spetlib.verify_amount(controller, elementslib, jum, \&quot;Gold\&quot;, gold_balance_before, gold_price, spetlib.sleepTime);spetlib.verify_amount(controller, elementslib, jum, \&quot;Coin\&quot;, earn_coin_before, coin_price, spetlib.sleepTime);}))@file:///c:/docume~1/adam/locals~1/temp/tmpqdmujz.mozrunner/extensions/mozmill@mozilla.com/resource/modules/frame.js -&gt; file:///c:/hudson/workspace/test/qaauto/mozmill/spp/myspace/test_pets_Shop/test_purchase_arbitrary_gold_and_coin_item.js:82\n((function (test) {spetlib.logout(controller, elementslib, spetlib.timeOut);}),(function () {spetlib.login_labs_slide(controller, elementslib, spetlib.url_qa_login, spetlib.pet_email, spetlib.slide_pass, spetlib.sleepTime);spetlib.open_url(controller, spetlib.url_set_pet_info, spetlib.timeOut);spetlib.navigate_pet_info(controller, elementslib, spetlib.arr_partnerID.autotest3ID, spetlib.timeOut);spetlib.set_pet_level(controller, elementslib, 3, spetlib.timeOut);spetlib.set_coin_pet(controller, elementslib, \&quot;20\&quot;, spetlib.timeOut);spetlib.set_gold(controller, elementslib, \&quot;20\&quot;, spetlib.timeOut);spetlib.delete_inventory(controller, elementslib, spetlib.timeOut);spetlib.logout_labs_slide(controller, elementslib, spetlib.url_qa_login, spetlib.timeOut);spetlib.open_browser_login(controller, elementslib, spetlib.timeOut, spetlib.acc_list_pet_shop.user_name[2], spetlib.acc_list_pet_shop.password[2]);var urlPetApp = spetlib.urlApp + spetlib.appsID.stage;spetlib.load_app(controller, elementslib, urlPetApp, spetlib.timeOut);var pet_shop = new (elementslib.ID)(controller.tabs.activeTab, \&quot;tab_petshop\&quot;);spetlib.scroll_and_click(controller, pet_shop, spetlib.timeOut);controller.waitForPageLoad(controller.tabs.activeTab, spetlib.timeOut);controller.sleep(20000);var gold_balance_elem = new (elementslib.XPath)(controller.tabs.activeTab, \&quot;//div[@id=&apos;pet_shop_header&apos;]/div/p[2]/span\&quot;);var gold_balance_before = spetlib.get_data_of_field(controller, gold_balance_elem, spetlib.timeOut);var earn_coin_elem = new (elementslib.XPath)(controller.tabs.activeTab, \&quot;//div[@id=&apos;pet_shop_header&apos;]/div/p/span\&quot;);var earn_coin_before = spetlib.get_data_of_field(controller, new (elementslib.XPath)(controller.tabs.activeTab, \&quot;//div[@id=&apos;pet_shop_header&apos;]/div/p/span\&quot;), spetlib.timeOut);var coin_price = spetlib.purchase_item(controller, elementslib, spetlib.item_coin, spetlib.timeOut);spetlib.search_item(controller, elementslib, spetlib.item_gold.itemName, spetlib.timeOut);var gold_price = spetlib.get_data_of_field(controller, new (elementslib.ID)(controller.tabs.activeTab, \&quot;pet_shop_price_\&quot; + spetlib.item_gold.itemID), spetlib.timeOut);spetlib.scroll_and_click(controller, new (elementslib.XPath)(controller.tabs.activeTab, \&quot;//div[@id=&apos;pet_shop_add_\&quot; + spetlib.item_gold.itemID + \&quot;&apos;]/img\&quot;), spetlib.timeOut);controller.sleep(2000);spetlib.check_out_purchase(controller, elementslib, spetlib.timeOut);var gold_shop_elem = new (elementslib.Link)(controller.tabs.activeTab, \&quot;Gold Items\&quot;);spetlib.check_item_exist(controller, jum, gold_shop_elem, spetlib.sleepTime);spetlib.scroll_and_click(controller, gold_shop_elem, spetlib.timeOut);controller.sleep(20000);var item_name_exist = new (elementslib.XPath)(controller.tabs.activeTab, \&quot;//div[@id=&apos;customize_item_box_container_\&quot; + spetlib.item_gold.itemID + \&quot;&apos;]/div/div/div[1]\&quot;);spetlib.check_item_exist(controller, jum, item_name_exist, spetlib.sleepTime);spetlib.scroll_and_click(controller, new (elementslib.Link)(controller.tabs.activeTab, \&quot;Causes\&quot;), spetlib.timeOut);var item_name_exist = new (elementslib.XPath)(controller.tabs.activeTab, \&quot;//div[@id=&apos;customize_item_box_container_\&quot; + spetlib.item_coin.itemID + \&quot;&apos;]/div/div[1]/div[1]\&quot;);spetlib.check_item_exist(controller, jum, item_name_exist, spetlib.sleepTime);spetlib.scroll_and_click(controller, pet_shop, spetlib.timeOut);controller.waitForElement(gold_balance_elem, spetlib.timeOut);spetlib.verify_amount(controller, elementslib, jum, \&quot;Gold\&quot;, gold_balance_before, gold_price, spetlib.sleepTime);spetlib.verify_amount(controller, elementslib, jum, \&quot;Coin\&quot;, earn_coin_before, coin_price, spetlib.sleepTime);}))@file:///c:/docume~1/adam/locals~1/temp/tmpqdmujz.mozrunner/extensions/mozmill@mozilla.com/resource/modules/frame.js:447\n([object Object])@file:///c:/docume~1/adam/locals~1/temp/tmpqdmujz.mozrunner/extensions/mozmill@mozilla.com/resource/modules/frame.js:511\n([object Object])@file:///c:/docume~1/adam/locals~1/temp/tmpqdmujz.mozrunner/extensions/mozmill@mozilla.com/resource/modules/frame.js:546\n(\&quot;c:\\\\hudson\\\\workspace\\\\test\\\\qaauto\\\\mozmill\\\\spp\\\\myspace\\\\test_pets_Shop\&quot;)@file:///c:/docume~1/adam/locals~1/temp/tmpqdmujz.mozrunner/extensions/mozmill@mozilla.com/resource/modules/frame.js:400\n(\&quot;c:\\\\hudson\\\\workspace\\\\test\\\\qaauto\\\\mozmill\\\\spp\\\\myspace\\\\test_pets_Shop\&quot;)@file:///c:/docume~1/adam/locals~1/temp/tmpqdmujz.mozrunner/extensions/mozmill@mozilla.com/resource/modules/frame.js:551\n((function (dir) {var runner = new Runner(new Collector);runner.runTestDirectory(dir);runner.end();return true;}),[object Array])@file:///c:/docume~1/adam/locals~1/temp/tmpqdmujz.mozrunner/extensions/jsbridge@mozilla.com/resource/modules/server.js:164\n(\&quot;0fbf1fd1-90f3-11de-ad04-000c2940cd83\&quot;,(function (dir) {var runner = new Runner(new Collector);runner.runTestDirectory(dir);runner.end();return true;}),[object Array])@file:///c:/docume~1/adam/locals~1/temp/tmpqdmujz.mozrunner/extensions/jsbridge@mozilla.com/resource/modules/server.js:168\n@file:///c:/docume~1/adam/locals~1/temp/tmpqdmujz.mozrunner/extensions/jsbridge@mozilla.com/resource/modules/server.js:244\n&quot;, &quot;fileName&quot;: &quot;file:///c:/docume~1/adam/locals~1/temp/tmpqdmujz.mozrunner/extensions/mozmill@mozilla.com/resource/modules/controller.js&quot;}}</errorStackTrace>
          <failedSince>20</failedSince>
        </case>
        <case>
          <duration>0.0</duration>
          <className>c:\hudson\workspace\test\qaauto\mozmill\spp\myspace\test_pets_Shop\test_purchase_arbitrary_gold_and_coin_item.js:test_spp_purchase_gold_item_and_coin_item_same_transaction</className>
          <testName>c:\hudson\workspace\test\qaauto\mozmill\spp\myspace\test_pets_Shop\test_purchase_arbitrary_gold_and_coin_item.js:test_spp_purchase_gold_item_and_coin_item_same_transaction</testName>
          <skipped>false</skipped>
          <errorStackTrace>{&quot;exception&quot;: {&quot;message&quot;: &quot;could not find element XPath: //div[4]/center/img&quot;, &quot;lineNumber&quot;: 279, &quot;stack&quot;: &quot;Error(\&quot;could not find element XPath: //div[4]/center/img\&quot;)@:0\n([object Object])@file:///c:/docume~1/adam/locals~1/temp/tmpqdmujz.mozrunner/extensions/mozmill@mozilla.com/resource/modules/controller.js:279\nset_pet_level([object Object],[object Object],3,60000)@file:///c:/docume~1/adam/locals~1/temp/tmpqdmujz.mozrunner/extensions/mozmill@mozilla.com/resource/modules/frame.js -&gt; file:///c:/hudson/workspace/test/qaauto/mozmill/spp/myspace/shared-modules/testspetlib.js:495\n()@file:///c:/docume~1/adam/locals~1/temp/tmpqdmujz.mozrunner/extensions/mozmill@mozilla.com/resource/modules/frame.js -&gt; file:///c:/hudson/workspace/test/qaauto/mozmill/spp/myspace/test_pets_Shop/test_purchase_arbitrary_gold_and_coin_item.js:15\n((function () {spetlib.login_labs_slide(controller, elementslib, spetlib.url_qa_login, spetlib.pet_email, spetlib.slide_pass, spetlib.sleepTime);spetlib.open_url(controller, spetlib.url_set_pet_info, spetlib.timeOut);spetlib.navigate_pet_info(controller, elementslib, spetlib.arr_partnerID.autotest3ID, spetlib.timeOut);spetlib.set_pet_level(controller, elementslib, 3, spetlib.timeOut);spetlib.set_coin_pet(controller, elementslib, \&quot;20\&quot;, spetlib.timeOut);spetlib.set_gold(controller, elementslib, \&quot;20\&quot;, spetlib.timeOut);spetlib.delete_inventory(controller, elementslib, spetlib.timeOut);spetlib.logout_labs_slide(controller, elementslib, spetlib.url_qa_login, spetlib.timeOut);spetlib.open_browser_login(controller, elementslib, spetlib.timeOut, spetlib.acc_list_pet_shop.user_name[2], spetlib.acc_list_pet_shop.password[2]);var urlPetApp = spetlib.urlApp + spetlib.appsID.stage;spetlib.load_app(controller, elementslib, urlPetApp, spetlib.timeOut);var pet_shop = new (elementslib.ID)(controller.tabs.activeTab, \&quot;tab_petshop\&quot;);spetlib.scroll_and_click(controller, pet_shop, spetlib.timeOut);controller.waitForPageLoad(controller.tabs.activeTab, spetlib.timeOut);controller.sleep(20000);var gold_balance_elem = new (elementslib.XPath)(controller.tabs.activeTab, \&quot;//div[@id=&apos;pet_shop_header&apos;]/div/p[2]/span\&quot;);var gold_balance_before = spetlib.get_data_of_field(controller, gold_balance_elem, spetlib.timeOut);var earn_coin_elem = new (elementslib.XPath)(controller.tabs.activeTab, \&quot;//div[@id=&apos;pet_shop_header&apos;]/div/p/span\&quot;);var earn_coin_before = spetlib.get_data_of_field(controller, new (elementslib.XPath)(controller.tabs.activeTab, \&quot;//div[@id=&apos;pet_shop_header&apos;]/div/p/span\&quot;), spetlib.timeOut);var coin_price = spetlib.purchase_item(controller, elementslib, spetlib.item_coin, spetlib.timeOut);spetlib.search_item(controller, elementslib, spetlib.item_gold.itemName, spetlib.timeOut);var gold_price = spetlib.get_data_of_field(controller, new (elementslib.ID)(controller.tabs.activeTab, \&quot;pet_shop_price_\&quot; + spetlib.item_gold.itemID), spetlib.timeOut);spetlib.scroll_and_click(controller, new (elementslib.XPath)(controller.tabs.activeTab, \&quot;//div[@id=&apos;pet_shop_add_\&quot; + spetlib.item_gold.itemID + \&quot;&apos;]/img\&quot;), spetlib.timeOut);controller.sleep(2000);spetlib.check_out_purchase(controller, elementslib, spetlib.timeOut);var gold_shop_elem = new (elementslib.Link)(controller.tabs.activeTab, \&quot;Gold Items\&quot;);spetlib.check_item_exist(controller, jum, gold_shop_elem, spetlib.sleepTime);spetlib.scroll_and_click(controller, gold_shop_elem, spetlib.timeOut);controller.sleep(20000);var item_name_exist = new (elementslib.XPath)(controller.tabs.activeTab, \&quot;//div[@id=&apos;customize_item_box_container_\&quot; + spetlib.item_gold.itemID + \&quot;&apos;]/div/div/div[1]\&quot;);spetlib.check_item_exist(controller, jum, item_name_exist, spetlib.sleepTime);spetlib.scroll_and_click(controller, new (elementslib.Link)(controller.tabs.activeTab, \&quot;Causes\&quot;), spetlib.timeOut);var item_name_exist = new (elementslib.XPath)(controller.tabs.activeTab, \&quot;//div[@id=&apos;customize_item_box_container_\&quot; + spetlib.item_coin.itemID + \&quot;&apos;]/div/div[1]/div[1]\&quot;);spetlib.check_item_exist(controller, jum, item_name_exist, spetlib.sleepTime);spetlib.scroll_and_click(controller, pet_shop, spetlib.timeOut);controller.waitForElement(gold_balance_elem, spetlib.timeOut);spetlib.verify_amount(controller, elementslib, jum, \&quot;Gold\&quot;, gold_balance_before, gold_price, spetlib.sleepTime);spetlib.verify_amount(controller, elementslib, jum, \&quot;Coin\&quot;, earn_coin_before, coin_price, spetlib.sleepTime);}))@file:///c:/docume~1/adam/locals~1/temp/tmpqdmujz.mozrunner/extensions/mozmill@mozilla.com/resource/modules/frame.js:452\n([object Object])@file:///c:/docume~1/adam/locals~1/temp/tmpqdmujz.mozrunner/extensions/mozmill@mozilla.com/resource/modules/frame.js:504\n([object Object])@file:///c:/docume~1/adam/locals~1/temp/tmpqdmujz.mozrunner/extensions/mozmill@mozilla.com/resource/modules/frame.js:546\n(\&quot;c:\\\\hudson\\\\workspace\\\\test\\\\qaauto\\\\mozmill\\\\spp\\\\myspace\\\\test_pets_Shop\&quot;)@file:///c:/docume~1/adam/locals~1/temp/tmpqdmujz.mozrunner/extensions/mozmill@mozilla.com/resource/modules/frame.js:400\n(\&quot;c:\\\\hudson\\\\workspace\\\\test\\\\qaauto\\\\mozmill\\\\spp\\\\myspace\\\\test_pets_Shop\&quot;)@file:///c:/docume~1/adam/locals~1/temp/tmpqdmujz.mozrunner/extensions/mozmill@mozilla.com/resource/modules/frame.js:551\n((function (dir) {var runner = new Runner(new Collector);runner.runTestDirectory(dir);runner.end();return true;}),[object Array])@file:///c:/docume~1/adam/locals~1/temp/tmpqdmujz.mozrunner/extensions/jsbridge@mozilla.com/resource/modules/server.js:164\n(\&quot;0fbf1fd1-90f3-11de-ad04-000c2940cd83\&quot;,(function (dir) {var runner = new Runner(new Collector);runner.runTestDirectory(dir);runner.end();return true;}),[object Array])@file:///c:/docume~1/adam/locals~1/temp/tmpqdmujz.mozrunner/extensions/jsbridge@mozilla.com/resource/modules/server.js:168\n@file:///c:/docume~1/adam/locals~1/temp/tmpqdmujz.mozrunner/extensions/jsbridge@mozilla.com/resource/modules/server.js:244\n&quot;, &quot;fileName&quot;: &quot;file:///c:/docume~1/adam/locals~1/temp/tmpqdmujz.mozrunner/extensions/mozmill@mozilla.com/resource/modules/controller.js&quot;}}</errorStackTrace>
          <failedSince>20</failedSince>
        </case>
        <case>
          <duration>0.0</duration>
          <className>c:\hudson\workspace\test\qaauto\mozmill\spp\myspace\test_pets_Shop\test_sort_by_option.js:teardownTest</className>
          <testName>c:\hudson\workspace\test\qaauto\mozmill\spp\myspace\test_pets_Shop\test_sort_by_option.js:teardownTest</testName>
          <skipped>false</skipped>
          <errorStackTrace>{&quot;exception&quot;: {&quot;message&quot;: &quot;timeout exceeded for waitForElement Link: Sign Out&quot;, &quot;lineNumber&quot;: 306, &quot;stack&quot;: &quot;Error(\&quot;timeout exceeded for waitForElement Link: Sign Out\&quot;)@:0\n([object Object],60000)@file:///c:/docume~1/adam/locals~1/temp/tmpqdmujz.mozrunner/extensions/mozmill@mozilla.com/resource/modules/controller.js:306\nscroll_and_click([object Object],[object Object],60000)@file:///c:/docume~1/adam/locals~1/temp/tmpqdmujz.mozrunner/extensions/mozmill@mozilla.com/resource/modules/frame.js -&gt; file:///c:/hudson/workspace/test/qaauto/mozmill/spp/myspace/shared-modules/testspetlib.js:182\n([object Object],[object Object],60000)@file:///c:/docume~1/adam/locals~1/temp/tmpqdmujz.mozrunner/extensions/mozmill@mozilla.com/resource/modules/frame.js -&gt; file:///c:/hudson/workspace/test/qaauto/mozmill/spp/myspace/shared-modules/testspetlib.js:78\n((function () {var arr_itemNameID = new Array(\&quot;101609\&quot;, \&quot;201371\&quot;, \&quot;101607\&quot;);var arr_itemPriceLTH = new Array(\&quot;201371\&quot;, \&quot;201370\&quot;, \&quot;101610\&quot;);var arr_itemPriceHTL = new Array(\&quot;101609\&quot;, \&quot;101608\&quot;, \&quot;101607\&quot;);var arr_item_stock_left = new Array(\&quot;201371\&quot;, \&quot;201370\&quot;, \&quot;101611\&quot;);spetlib.login_labs_slide(controller, elementslib, spetlib.url_qa_login, spetlib.pet_email, spetlib.slide_pass, spetlib.sleepTime);spetlib.open_url(controller, spetlib.url_set_pet_info, spetlib.timeOut);spetlib.navigate_pet_info(controller, elementslib, spetlib.arr_partnerID.otonyvn, spetlib.timeOut);spetlib.set_pet_level(controller, elementslib, 5, spetlib.timeOut);spetlib.logout_labs_slide(controller, elementslib, spetlib.url_qa_login, spetlib.timeOut);spetlib.open_browser_login(controller, elementslib, spetlib.timeOut, spetlib.acc_list_pet_shop.user_name[3], spetlib.acc_list_pet_shop.password[3]);var urlPetApp = spetlib.urlApp + spetlib.appsID.stage;spetlib.load_app(controller, elementslib, urlPetApp, spetlib.timeOut);spetlib.scroll_and_click(controller, new (elementslib.ID)(controller.tabs.activeTab, \&quot;tab_petshop\&quot;), spetlib.timeOut);controller.waitForPageLoad(controller.tabs.activeTab, spetlib.timeOut);controller.sleep(25000);controller.click(new (elementslib.Link)(controller.tabs.activeTab, \&quot;User Created\&quot;));var sort_by_drop_down = new (elementslib.ID)(controller.tabs.activeTab, \&quot;pet_shop_sort\&quot;);controller.select(sort_by_drop_down, null, null, \&quot;price_lh\&quot;);jum.assert(sort_by_drop_down.getNode().value == \&quot;price_lh\&quot;, \&quot;Sort by &apos;Price: Low to High&apos; is selected\&quot;);spetlib.verify_sorting_correctly(controller, elementslib, jum, \&quot;Price: Low to High\&quot;, arr_itemPriceLTH, spetlib.timeOut);controller.select(sort_by_drop_down, null, null, \&quot;price_hl\&quot;);jum.assert(sort_by_drop_down.getNode().value == \&quot;price_hl\&quot;, \&quot;Sort by &apos;Price: High to Low&apos; is selected\&quot;);spetlib.verify_sorting_correctly(controller, elementslib, jum, \&quot;Price: High to Low\&quot;, arr_itemPriceHTL, spetlib.timeOut);controller.select(sort_by_drop_down, null, null, \&quot;name\&quot;);jum.assert(sort_by_drop_down.getNode().value == \&quot;name\&quot;, \&quot;Sort by &apos;Name&apos; is selected\&quot;);spetlib.verify_sorting_correctly(controller, elementslib, jum, \&quot;Name\&quot;, arr_itemNameID, spetlib.timeOut);controller.select(sort_by_drop_down, null, null, \&quot;stockleft\&quot;);jum.assert(sort_by_drop_down.getNode().value == \&quot;stockleft\&quot;, \&quot;Sort by &apos;Stock Left&apos; is selected\&quot;);spetlib.verify_sorting_correctly(controller, elementslib, jum, \&quot;Stock Left\&quot;, arr_item_stock_left, spetlib.timeOut);}))@file:///c:/docume~1/adam/locals~1/temp/tmpqdmujz.mozrunner/extensions/mozmill@mozilla.com/resource/modules/frame.js -&gt; file:///c:/hudson/workspace/test/qaauto/mozmill/spp/myspace/test_pets_Shop/test_sort_by_option.js:69\n((function (test) {spetlib.logout(controller, elementslib, spetlib.timeOut);}),(function () {var arr_itemNameID = new Array(\&quot;101609\&quot;, \&quot;201371\&quot;, \&quot;101607\&quot;);var arr_itemPriceLTH = new Array(\&quot;201371\&quot;, \&quot;201370\&quot;, \&quot;101610\&quot;);var arr_itemPriceHTL = new Array(\&quot;101609\&quot;, \&quot;101608\&quot;, \&quot;101607\&quot;);var arr_item_stock_left = new Array(\&quot;201371\&quot;, \&quot;201370\&quot;, \&quot;101611\&quot;);spetlib.login_labs_slide(controller, elementslib, spetlib.url_qa_login, spetlib.pet_email, spetlib.slide_pass, spetlib.sleepTime);spetlib.open_url(controller, spetlib.url_set_pet_info, spetlib.timeOut);spetlib.navigate_pet_info(controller, elementslib, spetlib.arr_partnerID.otonyvn, spetlib.timeOut);spetlib.set_pet_level(controller, elementslib, 5, spetlib.timeOut);spetlib.logout_labs_slide(controller, elementslib, spetlib.url_qa_login, spetlib.timeOut);spetlib.open_browser_login(controller, elementslib, spetlib.timeOut, spetlib.acc_list_pet_shop.user_name[3], spetlib.acc_list_pet_shop.password[3]);var urlPetApp = spetlib.urlApp + spetlib.appsID.stage;spetlib.load_app(controller, elementslib, urlPetApp, spetlib.timeOut);spetlib.scroll_and_click(controller, new (elementslib.ID)(controller.tabs.activeTab, \&quot;tab_petshop\&quot;), spetlib.timeOut);controller.waitForPageLoad(controller.tabs.activeTab, spetlib.timeOut);controller.sleep(25000);controller.click(new (elementslib.Link)(controller.tabs.activeTab, \&quot;User Created\&quot;));var sort_by_drop_down = new (elementslib.ID)(controller.tabs.activeTab, \&quot;pet_shop_sort\&quot;);controller.select(sort_by_drop_down, null, null, \&quot;price_lh\&quot;);jum.assert(sort_by_drop_down.getNode().value == \&quot;price_lh\&quot;, \&quot;Sort by &apos;Price: Low to High&apos; is selected\&quot;);spetlib.verify_sorting_correctly(controller, elementslib, jum, \&quot;Price: Low to High\&quot;, arr_itemPriceLTH, spetlib.timeOut);controller.select(sort_by_drop_down, null, null, \&quot;price_hl\&quot;);jum.assert(sort_by_drop_down.getNode().value == \&quot;price_hl\&quot;, \&quot;Sort by &apos;Price: High to Low&apos; is selected\&quot;);spetlib.verify_sorting_correctly(controller, elementslib, jum, \&quot;Price: High to Low\&quot;, arr_itemPriceHTL, spetlib.timeOut);controller.select(sort_by_drop_down, null, null, \&quot;name\&quot;);jum.assert(sort_by_drop_down.getNode().value == \&quot;name\&quot;, \&quot;Sort by &apos;Name&apos; is selected\&quot;);spetlib.verify_sorting_correctly(controller, elementslib, jum, \&quot;Name\&quot;, arr_itemNameID, spetlib.timeOut);controller.select(sort_by_drop_down, null, null, \&quot;stockleft\&quot;);jum.assert(sort_by_drop_down.getNode().value == \&quot;stockleft\&quot;, \&quot;Sort by &apos;Stock Left&apos; is selected\&quot;);spetlib.verify_sorting_correctly(controller, elementslib, jum, \&quot;Stock Left\&quot;, arr_item_stock_left, spetlib.timeOut);}))@file:///c:/docume~1/adam/locals~1/temp/tmpqdmujz.mozrunner/extensions/mozmill@mozilla.com/resource/modules/frame.js:447\n([object Object])@file:///c:/docume~1/adam/locals~1/temp/tmpqdmujz.mozrunner/extensions/mozmill@mozilla.com/resource/modules/frame.js:511\n([object Object])@file:///c:/docume~1/adam/locals~1/temp/tmpqdmujz.mozrunner/extensions/mozmill@mozilla.com/resource/modules/frame.js:546\n(\&quot;c:\\\\hudson\\\\workspace\\\\test\\\\qaauto\\\\mozmill\\\\spp\\\\myspace\\\\test_pets_Shop\&quot;)@file:///c:/docume~1/adam/locals~1/temp/tmpqdmujz.mozrunner/extensions/mozmill@mozilla.com/resource/modules/frame.js:400\n(\&quot;c:\\\\hudson\\\\workspace\\\\test\\\\qaauto\\\\mozmill\\\\spp\\\\myspace\\\\test_pets_Shop\&quot;)@file:///c:/docume~1/adam/locals~1/temp/tmpqdmujz.mozrunner/extensions/mozmill@mozilla.com/resource/modules/frame.js:551\n((function (dir) {var runner = new Runner(new Collector);runner.runTestDirectory(dir);runner.end();return true;}),[object Array])@file:///c:/docume~1/adam/locals~1/temp/tmpqdmujz.mozrunner/extensions/jsbridge@mozilla.com/resource/modules/server.js:164\n(\&quot;0fbf1fd1-90f3-11de-ad04-000c2940cd83\&quot;,(function (dir) {var runner = new Runner(new Collector);runner.runTestDirectory(dir);runner.end();return true;}),[object Array])@file:///c:/docume~1/adam/locals~1/temp/tmpqdmujz.mozrunner/extensions/jsbridge@mozilla.com/resource/modules/server.js:168\n@file:///c:/docume~1/adam/locals~1/temp/tmpqdmujz.mozrunner/extensions/jsbridge@mozilla.com/resource/modules/server.js:244\n&quot;, &quot;fileName&quot;: &quot;file:///c:/docume~1/adam/locals~1/temp/tmpqdmujz.mozrunner/extensions/mozmill@mozilla.com/resource/modules/controller.js&quot;}}</errorStackTrace>
          <failedSince>20</failedSince>
        </case>
        <case>
          <duration>0.0</duration>
          <className>c:\hudson\workspace\test\qaauto\mozmill\spp\myspace\test_pets_Shop\test_sort_by_option.js:test_spp_sort_by_option</className>
          <testName>c:\hudson\workspace\test\qaauto\mozmill\spp\myspace\test_pets_Shop\test_sort_by_option.js:test_spp_sort_by_option</testName>
          <skipped>false</skipped>
          <errorStackTrace>{&quot;exception&quot;: {&quot;message&quot;: &quot;could not find element XPath: //div[4]/center/img&quot;, &quot;lineNumber&quot;: 279, &quot;stack&quot;: &quot;Error(\&quot;could not find element XPath: //div[4]/center/img\&quot;)@:0\n([object Object])@file:///c:/docume~1/adam/locals~1/temp/tmpqdmujz.mozrunner/extensions/mozmill@mozilla.com/resource/modules/controller.js:279\nset_pet_level([object Object],[object Object],5,60000)@file:///c:/docume~1/adam/locals~1/temp/tmpqdmujz.mozrunner/extensions/mozmill@mozilla.com/resource/modules/frame.js -&gt; file:///c:/hudson/workspace/test/qaauto/mozmill/spp/myspace/shared-modules/testspetlib.js:495\n()@file:///c:/docume~1/adam/locals~1/temp/tmpqdmujz.mozrunner/extensions/mozmill@mozilla.com/resource/modules/frame.js -&gt; file:///c:/hudson/workspace/test/qaauto/mozmill/spp/myspace/test_pets_Shop/test_sort_by_option.js:20\n((function () {var arr_itemNameID = new Array(\&quot;101609\&quot;, \&quot;201371\&quot;, \&quot;101607\&quot;);var arr_itemPriceLTH = new Array(\&quot;201371\&quot;, \&quot;201370\&quot;, \&quot;101610\&quot;);var arr_itemPriceHTL = new Array(\&quot;101609\&quot;, \&quot;101608\&quot;, \&quot;101607\&quot;);var arr_item_stock_left = new Array(\&quot;201371\&quot;, \&quot;201370\&quot;, \&quot;101611\&quot;);spetlib.login_labs_slide(controller, elementslib, spetlib.url_qa_login, spetlib.pet_email, spetlib.slide_pass, spetlib.sleepTime);spetlib.open_url(controller, spetlib.url_set_pet_info, spetlib.timeOut);spetlib.navigate_pet_info(controller, elementslib, spetlib.arr_partnerID.otonyvn, spetlib.timeOut);spetlib.set_pet_level(controller, elementslib, 5, spetlib.timeOut);spetlib.logout_labs_slide(controller, elementslib, spetlib.url_qa_login, spetlib.timeOut);spetlib.open_browser_login(controller, elementslib, spetlib.timeOut, spetlib.acc_list_pet_shop.user_name[3], spetlib.acc_list_pet_shop.password[3]);var urlPetApp = spetlib.urlApp + spetlib.appsID.stage;spetlib.load_app(controller, elementslib, urlPetApp, spetlib.timeOut);spetlib.scroll_and_click(controller, new (elementslib.ID)(controller.tabs.activeTab, \&quot;tab_petshop\&quot;), spetlib.timeOut);controller.waitForPageLoad(controller.tabs.activeTab, spetlib.timeOut);controller.sleep(25000);controller.click(new (elementslib.Link)(controller.tabs.activeTab, \&quot;User Created\&quot;));var sort_by_drop_down = new (elementslib.ID)(controller.tabs.activeTab, \&quot;pet_shop_sort\&quot;);controller.select(sort_by_drop_down, null, null, \&quot;price_lh\&quot;);jum.assert(sort_by_drop_down.getNode().value == \&quot;price_lh\&quot;, \&quot;Sort by &apos;Price: Low to High&apos; is selected\&quot;);spetlib.verify_sorting_correctly(controller, elementslib, jum, \&quot;Price: Low to High\&quot;, arr_itemPriceLTH, spetlib.timeOut);controller.select(sort_by_drop_down, null, null, \&quot;price_hl\&quot;);jum.assert(sort_by_drop_down.getNode().value == \&quot;price_hl\&quot;, \&quot;Sort by &apos;Price: High to Low&apos; is selected\&quot;);spetlib.verify_sorting_correctly(controller, elementslib, jum, \&quot;Price: High to Low\&quot;, arr_itemPriceHTL, spetlib.timeOut);controller.select(sort_by_drop_down, null, null, \&quot;name\&quot;);jum.assert(sort_by_drop_down.getNode().value == \&quot;name\&quot;, \&quot;Sort by &apos;Name&apos; is selected\&quot;);spetlib.verify_sorting_correctly(controller, elementslib, jum, \&quot;Name\&quot;, arr_itemNameID, spetlib.timeOut);controller.select(sort_by_drop_down, null, null, \&quot;stockleft\&quot;);jum.assert(sort_by_drop_down.getNode().value == \&quot;stockleft\&quot;, \&quot;Sort by &apos;Stock Left&apos; is selected\&quot;);spetlib.verify_sorting_correctly(controller, elementslib, jum, \&quot;Stock Left\&quot;, arr_item_stock_left, spetlib.timeOut);}))@file:///c:/docume~1/adam/locals~1/temp/tmpqdmujz.mozrunner/extensions/mozmill@mozilla.com/resource/modules/frame.js:452\n([object Object])@file:///c:/docume~1/adam/locals~1/temp/tmpqdmujz.mozrunner/extensions/mozmill@mozilla.com/resource/modules/frame.js:504\n([object Object])@file:///c:/docume~1/adam/locals~1/temp/tmpqdmujz.mozrunner/extensions/mozmill@mozilla.com/resource/modules/frame.js:546\n(\&quot;c:\\\\hudson\\\\workspace\\\\test\\\\qaauto\\\\mozmill\\\\spp\\\\myspace\\\\test_pets_Shop\&quot;)@file:///c:/docume~1/adam/locals~1/temp/tmpqdmujz.mozrunner/extensions/mozmill@mozilla.com/resource/modules/frame.js:400\n(\&quot;c:\\\\hudson\\\\workspace\\\\test\\\\qaauto\\\\mozmill\\\\spp\\\\myspace\\\\test_pets_Shop\&quot;)@file:///c:/docume~1/adam/locals~1/temp/tmpqdmujz.mozrunner/extensions/mozmill@mozilla.com/resource/modules/frame.js:551\n((function (dir) {var runner = new Runner(new Collector);runner.runTestDirectory(dir);runner.end();return true;}),[object Array])@file:///c:/docume~1/adam/locals~1/temp/tmpqdmujz.mozrunner/extensions/jsbridge@mozilla.com/resource/modules/server.js:164\n(\&quot;0fbf1fd1-90f3-11de-ad04-000c2940cd83\&quot;,(function (dir) {var runner = new Runner(new Collector);runner.runTestDirectory(dir);runner.end();return true;}),[object Array])@file:///c:/docume~1/adam/locals~1/temp/tmpqdmujz.mozrunner/extensions/jsbridge@mozilla.com/resource/modules/server.js:168\n@file:///c:/docume~1/adam/locals~1/temp/tmpqdmujz.mozrunner/extensions/jsbridge@mozilla.com/resource/modules/server.js:244\n&quot;, &quot;fileName&quot;: &quot;file:///c:/docume~1/adam/locals~1/temp/tmpqdmujz.mozrunner/extensions/mozmill@mozilla.com/resource/modules/controller.js&quot;}}</errorStackTrace>
          <failedSince>20</failedSince>
        </case>
        <case>
          <duration>0.0</duration>
          <className>c:\hudson\workspace\test\qaauto\mozmill\spp\myspace\test_pets_Shop\test_use_incorrect_CC.js:teardownTest</className>
          <testName>c:\hudson\workspace\test\qaauto\mozmill\spp\myspace\test_pets_Shop\test_use_incorrect_CC.js:teardownTest</testName>
          <skipped>false</skipped>
          <errorStackTrace>{&quot;exception&quot;: {&quot;message&quot;: &quot;timeout exceeded for waitForElement Link: Sign Out&quot;, &quot;lineNumber&quot;: 306, &quot;stack&quot;: &quot;Error(\&quot;timeout exceeded for waitForElement Link: Sign Out\&quot;)@:0\n([object Object],60000)@file:///c:/docume~1/adam/locals~1/temp/tmpqdmujz.mozrunner/extensions/mozmill@mozilla.com/resource/modules/controller.js:306\nscroll_and_click([object Object],[object Object],60000)@file:///c:/docume~1/adam/locals~1/temp/tmpqdmujz.mozrunner/extensions/mozmill@mozilla.com/resource/modules/frame.js -&gt; file:///c:/hudson/workspace/test/qaauto/mozmill/spp/myspace/shared-modules/testspetlib.js:182\n([object Object],[object Object],60000)@file:///c:/docume~1/adam/locals~1/temp/tmpqdmujz.mozrunner/extensions/mozmill@mozilla.com/resource/modules/frame.js -&gt; file:///c:/hudson/workspace/test/qaauto/mozmill/spp/myspace/shared-modules/testspetlib.js:78\n((function () {spetlib.login_labs_slide(controller, elementslib, spetlib.url_qa_login, spetlib.pet_email, spetlib.slide_pass, spetlib.sleepTime);spetlib.open_url(controller, spetlib.url_set_pet_info, spetlib.timeOut);spetlib.navigate_pet_info(controller, elementslib, spetlib.arr_partnerID.autotest1ID, spetlib.timeOut);spetlib.set_pet_level(controller, elementslib, 10, spetlib.timeOut);spetlib.logout_labs_slide(controller, elementslib, spetlib.url_qa_login, spetlib.timeOut);spetlib.open_browser_login(controller, elementslib, spetlib.timeOut, spetlib.acc_list_pet_shop.user_name[0], spetlib.acc_list_pet_shop.password[0]);var urlPetApp = spetlib.urlApp + spetlib.appsID.stage;spetlib.load_app(controller, elementslib, urlPetApp, spetlib.timeOut);spetlib.scroll_and_click(controller, new (elementslib.ID)(controller.tabs.activeTab, \&quot;tab_petshop\&quot;), spetlib.timeOut);var gold_balance_before = spetlib.get_data_of_field(controller, new (elementslib.XPath)(controller.tabs.activeTab, \&quot;//div[@id=&apos;pet_shop_header&apos;]/div/p[2]/span\&quot;), spetlib.timeOut);spetlib.scroll_and_click(controller, new (elementslib.Link)(controller.tabs.activeTab, \&quot;(buy gold)\&quot;), spetlib.timeOut);spetlib.buy_amount_gold(controller, elementslib, jum, spetlib.account_info, spetlib.acc_list_pet_shop.user_name[2], false, true, false, spetlib.timeOut);spetlib.verify_value_displayed(controller, jum, new (elementslib.XPath)(controller.tabs.activeTab, \&quot;//div[@id=&apos;pet_shop_header&apos;]/div/p[2]/span\&quot;), gold_balance_before, spetlib.timeOut);}))@file:///c:/docume~1/adam/locals~1/temp/tmpqdmujz.mozrunner/extensions/mozmill@mozilla.com/resource/modules/frame.js -&gt; file:///c:/hudson/workspace/test/qaauto/mozmill/spp/myspace/test_pets_Shop/test_use_incorrect_CC.js:42\n((function (test) {spetlib.logout(controller, elementslib, spetlib.timeOut);}),(function () {spetlib.login_labs_slide(controller, elementslib, spetlib.url_qa_login, spetlib.pet_email, spetlib.slide_pass, spetlib.sleepTime);spetlib.open_url(controller, spetlib.url_set_pet_info, spetlib.timeOut);spetlib.navigate_pet_info(controller, elementslib, spetlib.arr_partnerID.autotest1ID, spetlib.timeOut);spetlib.set_pet_level(controller, elementslib, 10, spetlib.timeOut);spetlib.logout_labs_slide(controller, elementslib, spetlib.url_qa_login, spetlib.timeOut);spetlib.open_browser_login(controller, elementslib, spetlib.timeOut, spetlib.acc_list_pet_shop.user_name[0], spetlib.acc_list_pet_shop.password[0]);var urlPetApp = spetlib.urlApp + spetlib.appsID.stage;spetlib.load_app(controller, elementslib, urlPetApp, spetlib.timeOut);spetlib.scroll_and_click(controller, new (elementslib.ID)(controller.tabs.activeTab, \&quot;tab_petshop\&quot;), spetlib.timeOut);var gold_balance_before = spetlib.get_data_of_field(controller, new (elementslib.XPath)(controller.tabs.activeTab, \&quot;//div[@id=&apos;pet_shop_header&apos;]/div/p[2]/span\&quot;), spetlib.timeOut);spetlib.scroll_and_click(controller, new (elementslib.Link)(controller.tabs.activeTab, \&quot;(buy gold)\&quot;), spetlib.timeOut);spetlib.buy_amount_gold(controller, elementslib, jum, spetlib.account_info, spetlib.acc_list_pet_shop.user_name[2], false, true, false, spetlib.timeOut);spetlib.verify_value_displayed(controller, jum, new (elementslib.XPath)(controller.tabs.activeTab, \&quot;//div[@id=&apos;pet_shop_header&apos;]/div/p[2]/span\&quot;), gold_balance_before, spetlib.timeOut);}))@file:///c:/docume~1/adam/locals~1/temp/tmpqdmujz.mozrunner/extensions/mozmill@mozilla.com/resource/modules/frame.js:447\n([object Object])@file:///c:/docume~1/adam/locals~1/temp/tmpqdmujz.mozrunner/extensions/mozmill@mozilla.com/resource/modules/frame.js:511\n([object Object])@file:///c:/docume~1/adam/locals~1/temp/tmpqdmujz.mozrunner/extensions/mozmill@mozilla.com/resource/modules/frame.js:546\n(\&quot;c:\\\\hudson\\\\workspace\\\\test\\\\qaauto\\\\mozmill\\\\spp\\\\myspace\\\\test_pets_Shop\&quot;)@file:///c:/docume~1/adam/locals~1/temp/tmpqdmujz.mozrunner/extensions/mozmill@mozilla.com/resource/modules/frame.js:400\n(\&quot;c:\\\\hudson\\\\workspace\\\\test\\\\qaauto\\\\mozmill\\\\spp\\\\myspace\\\\test_pets_Shop\&quot;)@file:///c:/docume~1/adam/locals~1/temp/tmpqdmujz.mozrunner/extensions/mozmill@mozilla.com/resource/modules/frame.js:551\n((function (dir) {var runner = new Runner(new Collector);runner.runTestDirectory(dir);runner.end();return true;}),[object Array])@file:///c:/docume~1/adam/locals~1/temp/tmpqdmujz.mozrunner/extensions/jsbridge@mozilla.com/resource/modules/server.js:164\n(\&quot;0fbf1fd1-90f3-11de-ad04-000c2940cd83\&quot;,(function (dir) {var runner = new Runner(new Collector);runner.runTestDirectory(dir);runner.end();return true;}),[object Array])@file:///c:/docume~1/adam/locals~1/temp/tmpqdmujz.mozrunner/extensions/jsbridge@mozilla.com/resource/modules/server.js:168\n@file:///c:/docume~1/adam/locals~1/temp/tmpqdmujz.mozrunner/extensions/jsbridge@mozilla.com/resource/modules/server.js:244\n&quot;, &quot;fileName&quot;: &quot;file:///c:/docume~1/adam/locals~1/temp/tmpqdmujz.mozrunner/extensions/mozmill@mozilla.com/resource/modules/controller.js&quot;}}</errorStackTrace>
          <failedSince>20</failedSince>
        </case>
        <case>
          <duration>0.0</duration>
          <className>c:\hudson\workspace\test\qaauto\mozmill\spp\myspace\test_pets_Shop\test_use_incorrect_CC.js:test_spp_use_incorrect_CC</className>
          <testName>c:\hudson\workspace\test\qaauto\mozmill\spp\myspace\test_pets_Shop\test_use_incorrect_CC.js:test_spp_use_incorrect_CC</testName>
          <skipped>false</skipped>
          <errorStackTrace>{&quot;exception&quot;: {&quot;message&quot;: &quot;could not find element XPath: //div[4]/center/img&quot;, &quot;lineNumber&quot;: 279, &quot;stack&quot;: &quot;Error(\&quot;could not find element XPath: //div[4]/center/img\&quot;)@:0\n([object Object])@file:///c:/docume~1/adam/locals~1/temp/tmpqdmujz.mozrunner/extensions/mozmill@mozilla.com/resource/modules/controller.js:279\nset_pet_level([object Object],[object Object],10,60000)@file:///c:/docume~1/adam/locals~1/temp/tmpqdmujz.mozrunner/extensions/mozmill@mozilla.com/resource/modules/frame.js -&gt; file:///c:/hudson/workspace/test/qaauto/mozmill/spp/myspace/shared-modules/testspetlib.js:495\n()@file:///c:/docume~1/adam/locals~1/temp/tmpqdmujz.mozrunner/extensions/mozmill@mozilla.com/resource/modules/frame.js -&gt; file:///c:/hudson/workspace/test/qaauto/mozmill/spp/myspace/test_pets_Shop/test_use_incorrect_CC.js:15\n((function () {spetlib.login_labs_slide(controller, elementslib, spetlib.url_qa_login, spetlib.pet_email, spetlib.slide_pass, spetlib.sleepTime);spetlib.open_url(controller, spetlib.url_set_pet_info, spetlib.timeOut);spetlib.navigate_pet_info(controller, elementslib, spetlib.arr_partnerID.autotest1ID, spetlib.timeOut);spetlib.set_pet_level(controller, elementslib, 10, spetlib.timeOut);spetlib.logout_labs_slide(controller, elementslib, spetlib.url_qa_login, spetlib.timeOut);spetlib.open_browser_login(controller, elementslib, spetlib.timeOut, spetlib.acc_list_pet_shop.user_name[0], spetlib.acc_list_pet_shop.password[0]);var urlPetApp = spetlib.urlApp + spetlib.appsID.stage;spetlib.load_app(controller, elementslib, urlPetApp, spetlib.timeOut);spetlib.scroll_and_click(controller, new (elementslib.ID)(controller.tabs.activeTab, \&quot;tab_petshop\&quot;), spetlib.timeOut);var gold_balance_before = spetlib.get_data_of_field(controller, new (elementslib.XPath)(controller.tabs.activeTab, \&quot;//div[@id=&apos;pet_shop_header&apos;]/div/p[2]/span\&quot;), spetlib.timeOut);spetlib.scroll_and_click(controller, new (elementslib.Link)(controller.tabs.activeTab, \&quot;(buy gold)\&quot;), spetlib.timeOut);spetlib.buy_amount_gold(controller, elementslib, jum, spetlib.account_info, spetlib.acc_list_pet_shop.user_name[2], false, true, false, spetlib.timeOut);spetlib.verify_value_displayed(controller, jum, new (elementslib.XPath)(controller.tabs.activeTab, \&quot;//div[@id=&apos;pet_shop_header&apos;]/div/p[2]/span\&quot;), gold_balance_before, spetlib.timeOut);}))@file:///c:/docume~1/adam/locals~1/temp/tmpqdmujz.mozrunner/extensions/mozmill@mozilla.com/resource/modules/frame.js:452\n([object Object])@file:///c:/docume~1/adam/locals~1/temp/tmpqdmujz.mozrunner/extensions/mozmill@mozilla.com/resource/modules/frame.js:504\n([object Object])@file:///c:/docume~1/adam/locals~1/temp/tmpqdmujz.mozrunner/extensions/mozmill@mozilla.com/resource/modules/frame.js:546\n(\&quot;c:\\\\hudson\\\\workspace\\\\test\\\\qaauto\\\\mozmill\\\\spp\\\\myspace\\\\test_pets_Shop\&quot;)@file:///c:/docume~1/adam/locals~1/temp/tmpqdmujz.mozrunner/extensions/mozmill@mozilla.com/resource/modules/frame.js:400\n(\&quot;c:\\\\hudson\\\\workspace\\\\test\\\\qaauto\\\\mozmill\\\\spp\\\\myspace\\\\test_pets_Shop\&quot;)@file:///c:/docume~1/adam/locals~1/temp/tmpqdmujz.mozrunner/extensions/mozmill@mozilla.com/resource/modules/frame.js:551\n((function (dir) {var runner = new Runner(new Collector);runner.runTestDirectory(dir);runner.end();return true;}),[object Array])@file:///c:/docume~1/adam/locals~1/temp/tmpqdmujz.mozrunner/extensions/jsbridge@mozilla.com/resource/modules/server.js:164\n(\&quot;0fbf1fd1-90f3-11de-ad04-000c2940cd83\&quot;,(function (dir) {var runner = new Runner(new Collector);runner.runTestDirectory(dir);runner.end();return true;}),[object Array])@file:///c:/docume~1/adam/locals~1/temp/tmpqdmujz.mozrunner/extensions/jsbridge@mozilla.com/resource/modules/server.js:168\n@file:///c:/docume~1/adam/locals~1/temp/tmpqdmujz.mozrunner/extensions/jsbridge@mozilla.com/resource/modules/server.js:244\n&quot;, &quot;fileName&quot;: &quot;file:///c:/docume~1/adam/locals~1/temp/tmpqdmujz.mozrunner/extensions/mozmill@mozilla.com/resource/modules/controller.js&quot;}}</errorStackTrace>
          <failedSince>20</failedSince>
        </case>
      </cases>
    </suite>
  </suites>
  <duration>0.0</duration>
</result>