<?xml version="1.0" encoding="UTF-8"?>
<testsuite tests="1" errors="0" failures="0" name="MyTest" skipped="0">
<testcase classname="MyTest.test" name="my_test" time="0" />
</testsuite>