<?xml version="1.0" encoding="UTF-8" ?>
<testsuite failures="0" time="8.302" errors="1" skipped="0" tests="1" name="tacoshack.meals.NachosTest">
  <testcase time="8.298" classname="tacoshack.meals.NachosTest" name="testBeanDip">
    <error message="ouchy error" type="java.lang.AssertionError">I am an error...
</error>
    <system-out>=== Starting NachosTest.testBeanDip
</system-out>
    <system-err>bla bhal allas
</system-err>
  </testcase>
</testsuite>