<?xml version='1.0' encoding='UTF-8'?>
<hudson.tasks.junit.JUnitResultArchiver>
    <testResults>TESTING_JUNIT_FILE_MASK</testResults>
    <testDataPublishers>
        <exampleImaginaryTestDataPublisher>
        </exampleImaginaryTestDataPublisher>
    </testDataPublishers>
</hudson.tasks.junit.JUnitResultArchiver>