<?xml version="1.0" encoding="UTF-16"?>
<testsuite tests="1" errors="0" failures="0" name="MyTest" skipped="0">
<testcase classname="MyTest.test" name="MyTestCase" time="0">
<system-out>
=== [Info] - test.cpp:14:check x != 0.0f passed
=== [Info] - test.cpp:15:check int)x == 9 passed
=== [Info] - test.cpp:16:difference between x{9.5} and 9.5f{9.5} doesn&amp;apos;t exceed 0.0001%&gt;</system-out>
<system-err />
</testcase>
</testsuite>