<?xml version="1.0" encoding="UTF-8" ?>
<testsuite failures="0" time="8.302" errors="1" skipped="0" tests="1" name="hudson.security.HudsonPrivateSecurityRealmTest">
  <testcase time="8.298" classname="hudson.security.HudsonPrivateSecurityRealmTest" name="testDataCompatibilityWith1_282">
    <error message="AJAX request to WebRequestSettings[&lt;url=&quot;http://localhost:49281/user/alice/viewExistsCheck?value=My%20Jobs&quot;, GET, EncodingType[name=application/x-www-form-urlencoded], [], {X-Requested-With=XMLHttpRequest, Referer=http://localhost:49281/user/alice/configure, X-Prototype-Version=1.5.1.1, Accept=text/javascript, text/html, application/xml, text/xml, */*}, com.gargoylesoftware.htmlunit.DefaultCredentialsProvider@283bbb6&gt;]failed.
code=404 Not Found
&lt;html&gt;&lt;body&gt;
&lt;h1&gt;404 Not Found&lt;/h1&gt;
&lt;p&gt;Stapler processed this HTTP request as follows, but couldn&apos;t find the resource to consume the request
&lt;pre&gt;
-&gt; evaluate(&amp;lt;hudson.model.Hudson@6576e542&gt; :hudson.model.Hudson,&quot;/user/alice/viewExistsCheck&quot;)
-&gt; evaluate(((StaplerProxy)&amp;lt;hudson.model.Hudson@6576e542&gt;).getTarget(),&quot;/user/alice/viewExistsCheck&quot;)
-&gt; evaluate(&amp;lt;hudson.model.Hudson@6576e542&gt;.getUser(&quot;alice&quot;),&quot;/viewExistsCheck&quot;)
-&gt; evaluate(&amp;lt;alice&gt; :hudson.model.User,&quot;/viewExistsCheck&quot;)
-&gt; evaluate(&amp;lt;alice&gt;.getDynamic(&quot;viewExistsCheck&quot;,...),&quot;&quot;)
            alice.getDynamic(&quot;viewExistsCheck&quot;,...)==null. Back tracking.
&lt;font color=red&gt;-&amp;gt; No matching rule was found on &amp;lt;alice&amp;gt; for &quot;/viewExistsCheck&quot;&lt;/font&gt;
&lt;/pre&gt;
&lt;p&gt;&amp;lt;alice&amp;gt; has the following URL mappings, in the order of preference:&lt;ol&gt;
&lt;li&gt;
hudson.model.User.doSubmitDescription(...) for url=/submitDescription/...
&lt;li&gt;
hudson.model.User.doConfigSubmit(...) for url=/configSubmit/...
&lt;li&gt;
hudson.model.User.doRssAll(...) for url=/rssAll/...
&lt;li&gt;
hudson.model.User.doRssFailed(...) for url=/rssFailed/...
&lt;li&gt;
TOKEN.jelly for url=/TOKEN/...
&lt;li&gt;
hudson.model.User.FEED_ADAPTER for url=/FEED_ADAPTER/...
&lt;li&gt;
hudson.model.Saveable.NOOP for url=/NOOP/...
&lt;li&gt;
hudson.model.User.getProperties() for url=/properties/...
&lt;li&gt;
hudson.model.User.getId() for url=/id/...
&lt;li&gt;
hudson.model.User.getDisplayName() for url=/displayName/...
&lt;li&gt;
hudson.model.User.getUrl() for url=/url/...
&lt;li&gt;
hudson.model.User.getAll() for url=/all/...
&lt;li&gt;
hudson.model.User.getSearchUrl() for url=/searchUrl/...
&lt;li&gt;
hudson.model.User.getACL() for url=/aCL/...
&lt;li&gt;
hudson.model.User.getDescription() for url=/description/...
&lt;li&gt;
hudson.model.User.getApi() for url=/api/...
&lt;li&gt;
hudson.model.User.getAbsoluteUrl() for url=/absoluteUrl/...
&lt;li&gt;
hudson.model.User.getFullName() for url=/fullName/...
&lt;li&gt;
hudson.model.User.getProjects() for url=/projects/...
&lt;li&gt;
hudson.model.User.getBuilds() for url=/builds/...
&lt;li&gt;
hudson.model.User.getAllProperties() for url=/allProperties/...
&lt;li&gt;
hudson.model.User.getUnknown() for url=/unknown/...
&lt;li&gt;
hudson.model.AbstractModelObject.getSearchIndex() for url=/searchIndex/...
&lt;li&gt;
hudson.model.AbstractModelObject.getSearch() for url=/search/...
&lt;li&gt;
hudson.model.AbstractModelObject.getSearchName() for url=/searchName/...
&lt;li&gt;
java.lang.Object.getClass() for url=/class/...
&lt;li&gt;
hudson.model.User.getDynamic(String) for url=/dynamic/TOKEN/...
&lt;li&gt;
hudson.model.User.getDynamic(String,StaplerRequest,StaplerResponse) for url=/TOKEN/...
&lt;/ol&gt;
&lt;/body&gt;&lt;/html&gt;
" type="java.lang.AssertionError">java.lang.AssertionError: AJAX request to WebRequestSettings[&lt;url=&quot;http://localhost:49281/user/alice/viewExistsCheck?value=My%20Jobs&quot;, GET, EncodingType[name=application/x-www-form-urlencoded], [], {X-Requested-With=XMLHttpRequest, Referer=http://localhost:49281/user/alice/configure, X-Prototype-Version=1.5.1.1, Accept=text/javascript, text/html, application/xml, text/xml, */*}, com.gargoylesoftware.htmlunit.DefaultCredentialsProvider@283bbb6&gt;]failed.
code=404 Not Found
&lt;html&gt;&lt;body&gt;
&lt;h1&gt;404 Not Found&lt;/h1&gt;
&lt;p&gt;Stapler processed this HTTP request as follows, but couldn&apos;t find the resource to consume the request
&lt;pre&gt;
-&gt; evaluate(&amp;lt;hudson.model.Hudson@6576e542&gt; :hudson.model.Hudson,&quot;/user/alice/viewExistsCheck&quot;)
-&gt; evaluate(((StaplerProxy)&amp;lt;hudson.model.Hudson@6576e542&gt;).getTarget(),&quot;/user/alice/viewExistsCheck&quot;)
-&gt; evaluate(&amp;lt;hudson.model.Hudson@6576e542&gt;.getUser(&quot;alice&quot;),&quot;/viewExistsCheck&quot;)
-&gt; evaluate(&amp;lt;alice&gt; :hudson.model.User,&quot;/viewExistsCheck&quot;)
-&gt; evaluate(&amp;lt;alice&gt;.getDynamic(&quot;viewExistsCheck&quot;,...),&quot;&quot;)
            alice.getDynamic(&quot;viewExistsCheck&quot;,...)==null. Back tracking.
&lt;font color=red&gt;-&amp;gt; No matching rule was found on &amp;lt;alice&amp;gt; for &quot;/viewExistsCheck&quot;&lt;/font&gt;
&lt;/pre&gt;
&lt;p&gt;&amp;lt;alice&amp;gt; has the following URL mappings, in the order of preference:&lt;ol&gt;
&lt;li&gt;
hudson.model.User.doSubmitDescription(...) for url=/submitDescription/...
&lt;li&gt;
hudson.model.User.doConfigSubmit(...) for url=/configSubmit/...
&lt;li&gt;
hudson.model.User.doRssAll(...) for url=/rssAll/...
&lt;li&gt;
hudson.model.User.doRssFailed(...) for url=/rssFailed/...
&lt;li&gt;
TOKEN.jelly for url=/TOKEN/...
&lt;li&gt;
hudson.model.User.FEED_ADAPTER for url=/FEED_ADAPTER/...
&lt;li&gt;
hudson.model.Saveable.NOOP for url=/NOOP/...
&lt;li&gt;
hudson.model.User.getProperties() for url=/properties/...
&lt;li&gt;
hudson.model.User.getId() for url=/id/...
&lt;li&gt;
hudson.model.User.getDisplayName() for url=/displayName/...
&lt;li&gt;
hudson.model.User.getUrl() for url=/url/...
&lt;li&gt;
hudson.model.User.getAll() for url=/all/...
&lt;li&gt;
hudson.model.User.getSearchUrl() for url=/searchUrl/...
&lt;li&gt;
hudson.model.User.getACL() for url=/aCL/...
&lt;li&gt;
hudson.model.User.getDescription() for url=/description/...
&lt;li&gt;
hudson.model.User.getApi() for url=/api/...
&lt;li&gt;
hudson.model.User.getAbsoluteUrl() for url=/absoluteUrl/...
&lt;li&gt;
hudson.model.User.getFullName() for url=/fullName/...
&lt;li&gt;
hudson.model.User.getProjects() for url=/projects/...
&lt;li&gt;
hudson.model.User.getBuilds() for url=/builds/...
&lt;li&gt;
hudson.model.User.getAllProperties() for url=/allProperties/...
&lt;li&gt;
hudson.model.User.getUnknown() for url=/unknown/...
&lt;li&gt;
hudson.model.AbstractModelObject.getSearchIndex() for url=/searchIndex/...
&lt;li&gt;
hudson.model.AbstractModelObject.getSearch() for url=/search/...
&lt;li&gt;
hudson.model.AbstractModelObject.getSearchName() for url=/searchName/...
&lt;li&gt;
java.lang.Object.getClass() for url=/class/...
&lt;li&gt;
hudson.model.User.getDynamic(String) for url=/dynamic/TOKEN/...
&lt;li&gt;
hudson.model.User.getDynamic(String,StaplerRequest,StaplerResponse) for url=/TOKEN/...
&lt;/ol&gt;
&lt;/body&gt;&lt;/html&gt;
	at com.gargoylesoftware.htmlunit.javascript.host.XMLHttpRequest.doSend(XMLHttpRequest.java:413)
	at com.gargoylesoftware.htmlunit.javascript.host.XMLHttpRequest.jsxFunction_send(XMLHttpRequest.java:351)
	at sun.reflect.GeneratedMethodAccessor117.invoke(Unknown Source)
	at sun.reflect.DelegatingMethodAccessorImpl.invoke(DelegatingMethodAccessorImpl.java:25)
	at java.lang.reflect.Method.invoke(Method.java:597)
	at org.mozilla.javascript.MemberBox.invoke(MemberBox.java:161)
	at org.mozilla.javascript.FunctionObject.call(FunctionObject.java:478)
	at org.mozilla.javascript.Interpreter.interpretLoop(Interpreter.java:3369)
	at org.mozilla.javascript.Interpreter.interpret(Interpreter.java:2518)
	at org.mozilla.javascript.InterpretedFunction.call(InterpretedFunction.java:164)
	at org.mozilla.javascript.ContextFactory.doTopCall(ContextFactory.java:401)
	at com.gargoylesoftware.htmlunit.javascript.HtmlUnitContextFactory.doTopCall(HtmlUnitContextFactory.java:169)
	at org.mozilla.javascript.ScriptRuntime.doTopCall(ScriptRuntime.java:3004)
	at org.mozilla.javascript.InterpretedFunction.call(InterpretedFunction.java:162)
	at com.gargoylesoftware.htmlunit.javascript.JavaScriptEngine.callFunction(JavaScriptEngine.java:465)
	at com.gargoylesoftware.htmlunit.javascript.JavaScriptEngine$6.doRun(JavaScriptEngine.java:430)
	at com.gargoylesoftware.htmlunit.javascript.JavaScriptEngine$HtmlUnitContextAction.run(JavaScriptEngine.java:522)
	at org.mozilla.javascript.Context.call(Context.java:502)
	at org.mozilla.javascript.ContextFactory.call(ContextFactory.java:511)
	at com.gargoylesoftware.htmlunit.javascript.JavaScriptEngine.callFunction(JavaScriptEngine.java:437)
	at com.gargoylesoftware.htmlunit.html.HtmlPage.executeJavaScriptFunctionIfPossible(HtmlPage.java:909)
	at com.gargoylesoftware.htmlunit.javascript.host.EventListenersContainer.executeEventHandler(EventListenersContainer.java:143)
	at com.gargoylesoftware.htmlunit.javascript.host.EventListenersContainer.executeBubblingListeners(EventListenersContainer.java:156)
	at com.gargoylesoftware.htmlunit.javascript.host.Node.fireEvent(Node.java:561)
	at com.gargoylesoftware.htmlunit.html.HtmlElement$2.run(HtmlElement.java:1239)
	at org.mozilla.javascript.Context.call(Context.java:502)
	at org.mozilla.javascript.ContextFactory.call(ContextFactory.java:511)
	at com.gargoylesoftware.htmlunit.html.HtmlElement.fireEvent(HtmlElement.java:1243)
	at com.gargoylesoftware.htmlunit.html.HtmlPage.executeEventHandlersIfNeeded(HtmlPage.java:1149)
	at com.gargoylesoftware.htmlunit.html.HtmlPage.initialize(HtmlPage.java:160)
	at com.gargoylesoftware.htmlunit.WebClient.loadWebResponseInto(WebClient.java:455)
	at com.gargoylesoftware.htmlunit.WebClient.getPage(WebClient.java:340)
	at com.gargoylesoftware.htmlunit.WebClient.getPage(WebClient.java:390)
	at com.gargoylesoftware.htmlunit.WebClient.getPage(WebClient.java:377)
	at org.jvnet.hudson.test.HudsonTestCase$WebClient.goTo(HudsonTestCase.java:919)
	at org.jvnet.hudson.test.HudsonTestCase$WebClient.goTo(HudsonTestCase.java:910)
	at hudson.security.HudsonPrivateSecurityRealmTest.testDataCompatibilityWith1_282(HudsonPrivateSecurityRealmTest.java:32)
</error>
    <system-out>=== Starting HudsonPrivateSecurityRealmTest.testDataCompatibilityWith1_282
</system-out>
    <system-err>2009-08-03 15:36:30.244::INFO:  jetty-6.1.11
2009-08-03 15:36:30.254::INFO:  NO JSP Support for /, did not find org.apache.jasper.servlet.JspServlet
2009-08-03 15:36:30.279::INFO:  Started SocketConnector@0.0.0.0:49281
</system-err>
  </testcase>
</testsuite>